2022-04-14 19:26:09.753 INFO  [acme.Launcher@main] Starting Launcher using Java 1.8.0_281 on DESKTOP-5JLGSM0 with PID 16220 (C:\Users\Usuario\Desktop\UNIVERSIDAD\DP2\Workspace-22.0\Frameworks\Acme-Framework-22.3\target\classes started by Usuario in C:\Users\Usuario\Desktop\UNIVERSIDAD\DP2\Workspace-22.0\Projects\Acme-Toolkits) 
2022-04-14 19:26:09.754 DEBUG [acme.Launcher@main] Running with Spring Boot v2.4.2, Spring v5.3.3 
2022-04-14 19:26:09.755 INFO  [acme.Launcher@main] The following profiles are active: development,default 
2022-04-14 19:26:12.706 DEBUG [org.apache.jasper.servlet.JasperInitializer@main] Initializing Jasper for context [application] 
2022-04-14 19:26:17.737 DEBUG [org.apache.jasper.servlet.JspServlet@main] Scratch dir for the JSP engine is: [C:\Users\Usuario\AppData\Local\Temp\tomcat.8080.4044901705449495979\work\Tomcat\localhost\acme-toolkits-22.1] 
2022-04-14 19:26:17.737 DEBUG [org.apache.jasper.servlet.JspServlet@main] IMPORTANT: Do not modify the generated servlets 
2022-04-14 19:26:17.747 INFO  [acme.Launcher@main] Started Launcher in 8.622 seconds (JVM running for 9.399) 
2022-04-14 19:26:17.751 DEBUG [acme.Launcher@main] Found classpath entry '/C:/Users/Usuario/Desktop/UNIVERSIDAD/DP2/Workspace-22.0/Projects/Acme-Toolkits/target/test-classes/' 
2022-04-14 19:26:17.751 DEBUG [acme.Launcher@main] Found classpath entry '/C:/Users/Usuario/Desktop/UNIVERSIDAD/DP2/Workspace-22.0/Projects/Acme-Toolkits/target/classes/' 
2022-04-14 19:26:17.751 DEBUG [acme.Launcher@main] Found classpath entry '/C:/Users/Usuario/Desktop/UNIVERSIDAD/DP2/Workspace-22.0/Frameworks/Acme-Framework-22.3/target/classes/' 
2022-04-14 19:26:17.751 DEBUG [acme.Launcher@main] Found classpath entry '/C:/Users/Usuario/Desktop/UNIVERSIDAD/DP2/Workspace-22.0/Frameworks/Acme-Framework-22.3/target/test-classes/' 
2022-04-14 19:26:17.751 DEBUG [acme.Launcher@main] Found classpath entry '/C:/Users/Usuario/.m2/repository/org/springframework/boot/spring-boot-starter-tomcat/2.4.2/spring-boot-starter-tomcat-2.4.2.jar' 
2022-04-14 19:26:17.751 DEBUG [acme.Launcher@main] Found classpath entry '/C:/Users/Usuario/.m2/repository/jakarta/annotation/jakarta.annotation-api/1.3.5/jakarta.annotation-api-1.3.5.jar' 
2022-04-14 19:26:17.751 DEBUG [acme.Launcher@main] Found classpath entry '/C:/Users/Usuario/.m2/repository/org/apache/tomcat/embed/tomcat-embed-core/9.0.41/tomcat-embed-core-9.0.41.jar' 
2022-04-14 19:26:17.752 DEBUG [acme.Launcher@main] Found classpath entry '/C:/Users/Usuario/.m2/repository/org/glassfish/jakarta.el/3.0.3/jakarta.el-3.0.3.jar' 
2022-04-14 19:26:17.752 DEBUG [acme.Launcher@main] Found classpath entry '/C:/Users/Usuario/.m2/repository/org/apache/tomcat/embed/tomcat-embed-websocket/9.0.41/tomcat-embed-websocket-9.0.41.jar' 
2022-04-14 19:26:17.752 DEBUG [acme.Launcher@main] Found classpath entry '/C:/Users/Usuario/.m2/repository/org/apache/tomcat/embed/tomcat-embed-jasper/9.0.41/tomcat-embed-jasper-9.0.41.jar' 
2022-04-14 19:26:17.752 DEBUG [acme.Launcher@main] Found classpath entry '/C:/Users/Usuario/.m2/repository/org/apache/tomcat/embed/tomcat-embed-el/9.0.41/tomcat-embed-el-9.0.41.jar' 
2022-04-14 19:26:17.752 DEBUG [acme.Launcher@main] Found classpath entry '/C:/Users/Usuario/.m2/repository/org/eclipse/jdt/ecj/3.18.0/ecj-3.18.0.jar' 
2022-04-14 19:26:17.752 DEBUG [acme.Launcher@main] Found classpath entry '/C:/Users/Usuario/.m2/repository/javax/servlet/jstl/1.2/jstl-1.2.jar' 
2022-04-14 19:26:17.752 DEBUG [acme.Launcher@main] Found classpath entry '/C:/Users/Usuario/.m2/repository/org/springframework/boot/spring-boot-starter-test/2.4.2/spring-boot-starter-test-2.4.2.jar' 
2022-04-14 19:26:17.752 DEBUG [acme.Launcher@main] Found classpath entry '/C:/Users/Usuario/.m2/repository/org/springframework/boot/spring-boot-starter/2.4.2/spring-boot-starter-2.4.2.jar' 
2022-04-14 19:26:17.753 DEBUG [acme.Launcher@main] Found classpath entry '/C:/Users/Usuario/.m2/repository/org/springframework/boot/spring-boot/2.4.2/spring-boot-2.4.2.jar' 
2022-04-14 19:26:17.753 DEBUG [acme.Launcher@main] Found classpath entry '/C:/Users/Usuario/.m2/repository/org/springframework/boot/spring-boot-autoconfigure/2.4.2/spring-boot-autoconfigure-2.4.2.jar' 
2022-04-14 19:26:17.753 DEBUG [acme.Launcher@main] Found classpath entry '/C:/Users/Usuario/.m2/repository/org/springframework/boot/spring-boot-starter-logging/2.4.2/spring-boot-starter-logging-2.4.2.jar' 
2022-04-14 19:26:17.753 DEBUG [acme.Launcher@main] Found classpath entry '/C:/Users/Usuario/.m2/repository/ch/qos/logback/logback-classic/1.2.3/logback-classic-1.2.3.jar' 
2022-04-14 19:26:17.753 DEBUG [acme.Launcher@main] Found classpath entry '/C:/Users/Usuario/.m2/repository/ch/qos/logback/logback-core/1.2.3/logback-core-1.2.3.jar' 
2022-04-14 19:26:17.753 DEBUG [acme.Launcher@main] Found classpath entry '/C:/Users/Usuario/.m2/repository/org/apache/logging/log4j/log4j-to-slf4j/2.13.3/log4j-to-slf4j-2.13.3.jar' 
2022-04-14 19:26:17.753 DEBUG [acme.Launcher@main] Found classpath entry '/C:/Users/Usuario/.m2/repository/org/apache/logging/log4j/log4j-api/2.13.3/log4j-api-2.13.3.jar' 
2022-04-14 19:26:17.754 DEBUG [acme.Launcher@main] Found classpath entry '/C:/Users/Usuario/.m2/repository/org/slf4j/jul-to-slf4j/1.7.30/jul-to-slf4j-1.7.30.jar' 
2022-04-14 19:26:17.754 DEBUG [acme.Launcher@main] Found classpath entry '/C:/Users/Usuario/.m2/repository/org/yaml/snakeyaml/1.27/snakeyaml-1.27.jar' 
2022-04-14 19:26:17.754 DEBUG [acme.Launcher@main] Found classpath entry '/C:/Users/Usuario/.m2/repository/org/springframework/boot/spring-boot-test/2.4.2/spring-boot-test-2.4.2.jar' 
2022-04-14 19:26:17.754 DEBUG [acme.Launcher@main] Found classpath entry '/C:/Users/Usuario/.m2/repository/org/springframework/boot/spring-boot-test-autoconfigure/2.4.2/spring-boot-test-autoconfigure-2.4.2.jar' 
2022-04-14 19:26:17.754 DEBUG [acme.Launcher@main] Found classpath entry '/C:/Users/Usuario/.m2/repository/com/jayway/jsonpath/json-path/2.4.0/json-path-2.4.0.jar' 
2022-04-14 19:26:17.754 DEBUG [acme.Launcher@main] Found classpath entry '/C:/Users/Usuario/.m2/repository/net/minidev/json-smart/2.3/json-smart-2.3.jar' 
2022-04-14 19:26:17.754 DEBUG [acme.Launcher@main] Found classpath entry '/C:/Users/Usuario/.m2/repository/net/minidev/accessors-smart/1.2/accessors-smart-1.2.jar' 
2022-04-14 19:26:17.754 DEBUG [acme.Launcher@main] Found classpath entry '/C:/Users/Usuario/.m2/repository/org/ow2/asm/asm/5.0.4/asm-5.0.4.jar' 
2022-04-14 19:26:17.755 DEBUG [acme.Launcher@main] Found classpath entry '/C:/Users/Usuario/.m2/repository/jakarta/xml/bind/jakarta.xml.bind-api/2.3.3/jakarta.xml.bind-api-2.3.3.jar' 
2022-04-14 19:26:17.755 DEBUG [acme.Launcher@main] Found classpath entry '/C:/Users/Usuario/.m2/repository/jakarta/activation/jakarta.activation-api/1.2.2/jakarta.activation-api-1.2.2.jar' 
2022-04-14 19:26:17.755 DEBUG [acme.Launcher@main] Found classpath entry '/C:/Users/Usuario/.m2/repository/org/assertj/assertj-core/3.18.1/assertj-core-3.18.1.jar' 
2022-04-14 19:26:17.755 DEBUG [acme.Launcher@main] Found classpath entry '/C:/Users/Usuario/.m2/repository/org/hamcrest/hamcrest/2.2/hamcrest-2.2.jar' 
2022-04-14 19:26:17.755 DEBUG [acme.Launcher@main] Found classpath entry '/C:/Users/Usuario/.m2/repository/org/junit/jupiter/junit-jupiter/5.7.0/junit-jupiter-5.7.0.jar' 
2022-04-14 19:26:17.755 DEBUG [acme.Launcher@main] Found classpath entry '/C:/Users/Usuario/.m2/repository/org/mockito/mockito-core/3.6.28/mockito-core-3.6.28.jar' 
2022-04-14 19:26:17.755 DEBUG [acme.Launcher@main] Found classpath entry '/C:/Users/Usuario/.m2/repository/net/bytebuddy/byte-buddy-agent/1.10.19/byte-buddy-agent-1.10.19.jar' 
2022-04-14 19:26:17.756 DEBUG [acme.Launcher@main] Found classpath entry '/C:/Users/Usuario/.m2/repository/org/objenesis/objenesis/3.1/objenesis-3.1.jar' 
2022-04-14 19:26:17.756 DEBUG [acme.Launcher@main] Found classpath entry '/C:/Users/Usuario/.m2/repository/org/mockito/mockito-junit-jupiter/3.6.28/mockito-junit-jupiter-3.6.28.jar' 
2022-04-14 19:26:17.756 DEBUG [acme.Launcher@main] Found classpath entry '/C:/Users/Usuario/.m2/repository/org/skyscreamer/jsonassert/1.5.0/jsonassert-1.5.0.jar' 
2022-04-14 19:26:17.756 DEBUG [acme.Launcher@main] Found classpath entry '/C:/Users/Usuario/.m2/repository/com/vaadin/external/google/android-json/0.0.20131108.vaadin1/android-json-0.0.20131108.vaadin1.jar' 
2022-04-14 19:26:17.756 DEBUG [acme.Launcher@main] Found classpath entry '/C:/Users/Usuario/.m2/repository/org/springframework/spring-core/5.3.3/spring-core-5.3.3.jar' 
2022-04-14 19:26:17.756 DEBUG [acme.Launcher@main] Found classpath entry '/C:/Users/Usuario/.m2/repository/org/springframework/spring-jcl/5.3.3/spring-jcl-5.3.3.jar' 
2022-04-14 19:26:17.756 DEBUG [acme.Launcher@main] Found classpath entry '/C:/Users/Usuario/.m2/repository/org/springframework/spring-test/5.3.3/spring-test-5.3.3.jar' 
2022-04-14 19:26:17.756 DEBUG [acme.Launcher@main] Found classpath entry '/C:/Users/Usuario/.m2/repository/org/xmlunit/xmlunit-core/2.7.0/xmlunit-core-2.7.0.jar' 
2022-04-14 19:26:17.757 DEBUG [acme.Launcher@main] Found classpath entry '/C:/Users/Usuario/.m2/repository/org/springframework/boot/spring-boot-starter-security/2.4.2/spring-boot-starter-security-2.4.2.jar' 
2022-04-14 19:26:17.757 DEBUG [acme.Launcher@main] Found classpath entry '/C:/Users/Usuario/.m2/repository/org/springframework/spring-aop/5.3.3/spring-aop-5.3.3.jar' 
2022-04-14 19:26:17.757 DEBUG [acme.Launcher@main] Found classpath entry '/C:/Users/Usuario/.m2/repository/org/springframework/security/spring-security-web/5.4.2/spring-security-web-5.4.2.jar' 
2022-04-14 19:26:17.757 DEBUG [acme.Launcher@main] Found classpath entry '/C:/Users/Usuario/.m2/repository/org/springframework/security/spring-security-core/5.4.2/spring-security-core-5.4.2.jar' 
2022-04-14 19:26:17.757 DEBUG [acme.Launcher@main] Found classpath entry '/C:/Users/Usuario/.m2/repository/org/springframework/spring-beans/5.3.3/spring-beans-5.3.3.jar' 
2022-04-14 19:26:17.757 DEBUG [acme.Launcher@main] Found classpath entry '/C:/Users/Usuario/.m2/repository/org/springframework/spring-context/5.3.3/spring-context-5.3.3.jar' 
2022-04-14 19:26:17.757 DEBUG [acme.Launcher@main] Found classpath entry '/C:/Users/Usuario/.m2/repository/org/springframework/spring-expression/5.3.3/spring-expression-5.3.3.jar' 
2022-04-14 19:26:17.758 DEBUG [acme.Launcher@main] Found classpath entry '/C:/Users/Usuario/.m2/repository/org/springframework/spring-web/5.3.3/spring-web-5.3.3.jar' 
2022-04-14 19:26:17.758 DEBUG [acme.Launcher@main] Found classpath entry '/C:/Users/Usuario/.m2/repository/org/springframework/security/spring-security-config/5.4.2/spring-security-config-5.4.2.jar' 
2022-04-14 19:26:17.758 DEBUG [acme.Launcher@main] Found classpath entry '/C:/Users/Usuario/.m2/repository/org/springframework/security/spring-security-taglibs/5.4.2/spring-security-taglibs-5.4.2.jar' 
2022-04-14 19:26:17.758 DEBUG [acme.Launcher@main] Found classpath entry '/C:/Users/Usuario/.m2/repository/org/springframework/security/spring-security-acl/5.4.2/spring-security-acl-5.4.2.jar' 
2022-04-14 19:26:17.758 DEBUG [acme.Launcher@main] Found classpath entry '/C:/Users/Usuario/.m2/repository/org/springframework/spring-jdbc/5.3.3/spring-jdbc-5.3.3.jar' 
2022-04-14 19:26:17.758 DEBUG [acme.Launcher@main] Found classpath entry '/C:/Users/Usuario/.m2/repository/org/springframework/spring-tx/5.3.3/spring-tx-5.3.3.jar' 
2022-04-14 19:26:17.758 DEBUG [acme.Launcher@main] Found classpath entry '/C:/Users/Usuario/.m2/repository/org/springframework/boot/spring-boot-starter-web/2.4.2/spring-boot-starter-web-2.4.2.jar' 
2022-04-14 19:26:17.758 DEBUG [acme.Launcher@main] Found classpath entry '/C:/Users/Usuario/.m2/repository/org/springframework/boot/spring-boot-starter-json/2.4.2/spring-boot-starter-json-2.4.2.jar' 
2022-04-14 19:26:17.759 DEBUG [acme.Launcher@main] Found classpath entry '/C:/Users/Usuario/.m2/repository/com/fasterxml/jackson/core/jackson-databind/2.11.4/jackson-databind-2.11.4.jar' 
2022-04-14 19:26:17.759 DEBUG [acme.Launcher@main] Found classpath entry '/C:/Users/Usuario/.m2/repository/com/fasterxml/jackson/core/jackson-annotations/2.11.4/jackson-annotations-2.11.4.jar' 
2022-04-14 19:26:17.759 DEBUG [acme.Launcher@main] Found classpath entry '/C:/Users/Usuario/.m2/repository/com/fasterxml/jackson/core/jackson-core/2.11.4/jackson-core-2.11.4.jar' 
2022-04-14 19:26:17.759 DEBUG [acme.Launcher@main] Found classpath entry '/C:/Users/Usuario/.m2/repository/com/fasterxml/jackson/datatype/jackson-datatype-jdk8/2.11.4/jackson-datatype-jdk8-2.11.4.jar' 
2022-04-14 19:26:17.759 DEBUG [acme.Launcher@main] Found classpath entry '/C:/Users/Usuario/.m2/repository/com/fasterxml/jackson/datatype/jackson-datatype-jsr310/2.11.4/jackson-datatype-jsr310-2.11.4.jar' 
2022-04-14 19:26:17.759 DEBUG [acme.Launcher@main] Found classpath entry '/C:/Users/Usuario/.m2/repository/com/fasterxml/jackson/module/jackson-module-parameter-names/2.11.4/jackson-module-parameter-names-2.11.4.jar' 
2022-04-14 19:26:17.759 DEBUG [acme.Launcher@main] Found classpath entry '/C:/Users/Usuario/.m2/repository/org/springframework/spring-webmvc/5.3.3/spring-webmvc-5.3.3.jar' 
2022-04-14 19:26:17.759 DEBUG [acme.Launcher@main] Found classpath entry '/C:/Users/Usuario/.m2/repository/org/apache/tiles/tiles-jsp/3.0.8/tiles-jsp-3.0.8.jar' 
2022-04-14 19:26:17.759 DEBUG [acme.Launcher@main] Found classpath entry '/C:/Users/Usuario/.m2/repository/org/apache/tiles/tiles-servlet/3.0.8/tiles-servlet-3.0.8.jar' 
2022-04-14 19:26:17.760 DEBUG [acme.Launcher@main] Found classpath entry '/C:/Users/Usuario/.m2/repository/org/apache/tiles/tiles-core/3.0.8/tiles-core-3.0.8.jar' 
2022-04-14 19:26:17.760 DEBUG [acme.Launcher@main] Found classpath entry '/C:/Users/Usuario/.m2/repository/commons-digester/commons-digester/2.0/commons-digester-2.0.jar' 
2022-04-14 19:26:17.760 DEBUG [acme.Launcher@main] Found classpath entry '/C:/Users/Usuario/.m2/repository/org/slf4j/jcl-over-slf4j/1.7.30/jcl-over-slf4j-1.7.30.jar' 
2022-04-14 19:26:17.760 DEBUG [acme.Launcher@main] Found classpath entry '/C:/Users/Usuario/.m2/repository/org/apache/tiles/tiles-request-servlet/1.0.7/tiles-request-servlet-1.0.7.jar' 
2022-04-14 19:26:17.760 DEBUG [acme.Launcher@main] Found classpath entry '/C:/Users/Usuario/.m2/repository/org/apache/tiles/tiles-template/3.0.8/tiles-template-3.0.8.jar' 
2022-04-14 19:26:17.760 DEBUG [acme.Launcher@main] Found classpath entry '/C:/Users/Usuario/.m2/repository/org/apache/tiles/tiles-api/3.0.8/tiles-api-3.0.8.jar' 
2022-04-14 19:26:17.760 DEBUG [acme.Launcher@main] Found classpath entry '/C:/Users/Usuario/.m2/repository/org/apache/tiles/tiles-autotag-core-runtime/1.2/tiles-autotag-core-runtime-1.2.jar' 
2022-04-14 19:26:17.760 DEBUG [acme.Launcher@main] Found classpath entry '/C:/Users/Usuario/.m2/repository/org/slf4j/slf4j-api/1.7.30/slf4j-api-1.7.30.jar' 
2022-04-14 19:26:17.761 DEBUG [acme.Launcher@main] Found classpath entry '/C:/Users/Usuario/.m2/repository/org/apache/tiles/tiles-request-jsp/1.0.7/tiles-request-jsp-1.0.7.jar' 
2022-04-14 19:26:17.761 DEBUG [acme.Launcher@main] Found classpath entry '/C:/Users/Usuario/.m2/repository/org/apache/tiles/tiles-request-api/1.0.7/tiles-request-api-1.0.7.jar' 
2022-04-14 19:26:17.761 DEBUG [acme.Launcher@main] Found classpath entry '/C:/Users/Usuario/.m2/repository/org/springframework/boot/spring-boot-starter-data-jpa/2.4.2/spring-boot-starter-data-jpa-2.4.2.jar' 
2022-04-14 19:26:17.761 DEBUG [acme.Launcher@main] Found classpath entry '/C:/Users/Usuario/.m2/repository/org/springframework/boot/spring-boot-starter-aop/2.4.2/spring-boot-starter-aop-2.4.2.jar' 
2022-04-14 19:26:17.761 DEBUG [acme.Launcher@main] Found classpath entry '/C:/Users/Usuario/.m2/repository/org/aspectj/aspectjweaver/1.9.6/aspectjweaver-1.9.6.jar' 
2022-04-14 19:26:17.761 DEBUG [acme.Launcher@main] Found classpath entry '/C:/Users/Usuario/.m2/repository/org/springframework/boot/spring-boot-starter-jdbc/2.4.2/spring-boot-starter-jdbc-2.4.2.jar' 
2022-04-14 19:26:17.761 DEBUG [acme.Launcher@main] Found classpath entry '/C:/Users/Usuario/.m2/repository/jakarta/transaction/jakarta.transaction-api/1.3.3/jakarta.transaction-api-1.3.3.jar' 
2022-04-14 19:26:17.761 DEBUG [acme.Launcher@main] Found classpath entry '/C:/Users/Usuario/.m2/repository/jakarta/persistence/jakarta.persistence-api/2.2.3/jakarta.persistence-api-2.2.3.jar' 
2022-04-14 19:26:17.761 DEBUG [acme.Launcher@main] Found classpath entry '/C:/Users/Usuario/.m2/repository/org/hibernate/hibernate-core/5.4.27.Final/hibernate-core-5.4.27.Final.jar' 
2022-04-14 19:26:17.762 DEBUG [acme.Launcher@main] Found classpath entry '/C:/Users/Usuario/.m2/repository/org/jboss/logging/jboss-logging/3.4.1.Final/jboss-logging-3.4.1.Final.jar' 
2022-04-14 19:26:17.762 DEBUG [acme.Launcher@main] Found classpath entry '/C:/Users/Usuario/.m2/repository/org/javassist/javassist/3.27.0-GA/javassist-3.27.0-GA.jar' 
2022-04-14 19:26:17.762 DEBUG [acme.Launcher@main] Found classpath entry '/C:/Users/Usuario/.m2/repository/antlr/antlr/2.7.7/antlr-2.7.7.jar' 
2022-04-14 19:26:17.762 DEBUG [acme.Launcher@main] Found classpath entry '/C:/Users/Usuario/.m2/repository/org/jboss/jandex/2.1.3.Final/jandex-2.1.3.Final.jar' 
2022-04-14 19:26:17.762 DEBUG [acme.Launcher@main] Found classpath entry '/C:/Users/Usuario/.m2/repository/com/fasterxml/classmate/1.5.1/classmate-1.5.1.jar' 
2022-04-14 19:26:17.762 DEBUG [acme.Launcher@main] Found classpath entry '/C:/Users/Usuario/.m2/repository/org/dom4j/dom4j/2.1.3/dom4j-2.1.3.jar' 
2022-04-14 19:26:17.762 DEBUG [acme.Launcher@main] Found classpath entry '/C:/Users/Usuario/.m2/repository/org/hibernate/common/hibernate-commons-annotations/5.1.2.Final/hibernate-commons-annotations-5.1.2.Final.jar' 
2022-04-14 19:26:17.762 DEBUG [acme.Launcher@main] Found classpath entry '/C:/Users/Usuario/.m2/repository/org/glassfish/jaxb/jaxb-runtime/2.3.3/jaxb-runtime-2.3.3.jar' 
2022-04-14 19:26:17.762 DEBUG [acme.Launcher@main] Found classpath entry '/C:/Users/Usuario/.m2/repository/org/glassfish/jaxb/txw2/2.3.3/txw2-2.3.3.jar' 
2022-04-14 19:26:17.762 DEBUG [acme.Launcher@main] Found classpath entry '/C:/Users/Usuario/.m2/repository/com/sun/istack/istack-commons-runtime/3.0.11/istack-commons-runtime-3.0.11.jar' 
2022-04-14 19:26:17.763 DEBUG [acme.Launcher@main] Found classpath entry '/C:/Users/Usuario/.m2/repository/com/sun/activation/jakarta.activation/1.2.2/jakarta.activation-1.2.2.jar' 
2022-04-14 19:26:17.763 DEBUG [acme.Launcher@main] Found classpath entry '/C:/Users/Usuario/.m2/repository/org/springframework/data/spring-data-jpa/2.4.3/spring-data-jpa-2.4.3.jar' 
2022-04-14 19:26:17.763 DEBUG [acme.Launcher@main] Found classpath entry '/C:/Users/Usuario/.m2/repository/org/springframework/data/spring-data-commons/2.4.3/spring-data-commons-2.4.3.jar' 
2022-04-14 19:26:17.763 DEBUG [acme.Launcher@main] Found classpath entry '/C:/Users/Usuario/.m2/repository/org/springframework/spring-orm/5.3.3/spring-orm-5.3.3.jar' 
2022-04-14 19:26:17.763 DEBUG [acme.Launcher@main] Found classpath entry '/C:/Users/Usuario/.m2/repository/org/springframework/spring-aspects/5.3.3/spring-aspects-5.3.3.jar' 
2022-04-14 19:26:17.763 DEBUG [acme.Launcher@main] Found classpath entry '/C:/Users/Usuario/.m2/repository/org/springframework/boot/spring-boot-starter-validation/2.4.2/spring-boot-starter-validation-2.4.2.jar' 
2022-04-14 19:26:17.763 DEBUG [acme.Launcher@main] Found classpath entry '/C:/Users/Usuario/.m2/repository/org/hibernate/validator/hibernate-validator/6.1.7.Final/hibernate-validator-6.1.7.Final.jar' 
2022-04-14 19:26:17.763 DEBUG [acme.Launcher@main] Found classpath entry '/C:/Users/Usuario/.m2/repository/jakarta/validation/jakarta.validation-api/2.0.2/jakarta.validation-api-2.0.2.jar' 
2022-04-14 19:26:17.763 DEBUG [acme.Launcher@main] Found classpath entry '/C:/Users/Usuario/.m2/repository/mysql/mysql-connector-java/8.0.22/mysql-connector-java-8.0.22.jar' 
2022-04-14 19:26:17.763 DEBUG [acme.Launcher@main] Found classpath entry '/C:/Users/Usuario/.m2/repository/com/zaxxer/HikariCP/3.4.5/HikariCP-3.4.5.jar' 
2022-04-14 19:26:17.764 DEBUG [acme.Launcher@main] Found classpath entry '/C:/Users/Usuario/.m2/repository/org/junit/jupiter/junit-jupiter-engine/5.7.0/junit-jupiter-engine-5.7.0.jar' 
2022-04-14 19:26:17.764 DEBUG [acme.Launcher@main] Found classpath entry '/C:/Users/Usuario/.m2/repository/org/apiguardian/apiguardian-api/1.1.0/apiguardian-api-1.1.0.jar' 
2022-04-14 19:26:17.764 DEBUG [acme.Launcher@main] Found classpath entry '/C:/Users/Usuario/.m2/repository/org/junit/platform/junit-platform-engine/1.7.0/junit-platform-engine-1.7.0.jar' 
2022-04-14 19:26:17.764 DEBUG [acme.Launcher@main] Found classpath entry '/C:/Users/Usuario/.m2/repository/org/junit/jupiter/junit-jupiter-api/5.7.0/junit-jupiter-api-5.7.0.jar' 
2022-04-14 19:26:17.764 DEBUG [acme.Launcher@main] Found classpath entry '/C:/Users/Usuario/.m2/repository/org/opentest4j/opentest4j/1.2.0/opentest4j-1.2.0.jar' 
2022-04-14 19:26:17.764 DEBUG [acme.Launcher@main] Found classpath entry '/C:/Users/Usuario/.m2/repository/org/junit/platform/junit-platform-commons/1.7.0/junit-platform-commons-1.7.0.jar' 
2022-04-14 19:26:17.764 DEBUG [acme.Launcher@main] Found classpath entry '/C:/Users/Usuario/.m2/repository/org/junit/jupiter/junit-jupiter-params/5.7.0/junit-jupiter-params-5.7.0.jar' 
2022-04-14 19:26:17.764 DEBUG [acme.Launcher@main] Found classpath entry '/C:/Users/Usuario/.m2/repository/org/junit/platform/junit-platform-launcher/1.7.0/junit-platform-launcher-1.7.0.jar' 
2022-04-14 19:26:17.764 DEBUG [acme.Launcher@main] Found classpath entry '/C:/Users/Usuario/.m2/repository/org/seleniumhq/selenium/selenium-java/3.141.59/selenium-java-3.141.59.jar' 
2022-04-14 19:26:17.765 DEBUG [acme.Launcher@main] Found classpath entry '/C:/Users/Usuario/.m2/repository/org/seleniumhq/selenium/selenium-api/3.141.59/selenium-api-3.141.59.jar' 
2022-04-14 19:26:17.765 DEBUG [acme.Launcher@main] Found classpath entry '/C:/Users/Usuario/.m2/repository/org/seleniumhq/selenium/selenium-chrome-driver/3.141.59/selenium-chrome-driver-3.141.59.jar' 
2022-04-14 19:26:17.765 DEBUG [acme.Launcher@main] Found classpath entry '/C:/Users/Usuario/.m2/repository/org/seleniumhq/selenium/selenium-edge-driver/3.141.59/selenium-edge-driver-3.141.59.jar' 
2022-04-14 19:26:17.765 DEBUG [acme.Launcher@main] Found classpath entry '/C:/Users/Usuario/.m2/repository/org/seleniumhq/selenium/selenium-firefox-driver/3.141.59/selenium-firefox-driver-3.141.59.jar' 
2022-04-14 19:26:17.765 DEBUG [acme.Launcher@main] Found classpath entry '/C:/Users/Usuario/.m2/repository/org/seleniumhq/selenium/selenium-ie-driver/3.141.59/selenium-ie-driver-3.141.59.jar' 
2022-04-14 19:26:17.765 DEBUG [acme.Launcher@main] Found classpath entry '/C:/Users/Usuario/.m2/repository/org/seleniumhq/selenium/selenium-opera-driver/3.141.59/selenium-opera-driver-3.141.59.jar' 
2022-04-14 19:26:17.765 DEBUG [acme.Launcher@main] Found classpath entry '/C:/Users/Usuario/.m2/repository/org/seleniumhq/selenium/selenium-remote-driver/3.141.59/selenium-remote-driver-3.141.59.jar' 
2022-04-14 19:26:17.766 DEBUG [acme.Launcher@main] Found classpath entry '/C:/Users/Usuario/.m2/repository/org/seleniumhq/selenium/selenium-safari-driver/3.141.59/selenium-safari-driver-3.141.59.jar' 
2022-04-14 19:26:17.766 DEBUG [acme.Launcher@main] Found classpath entry '/C:/Users/Usuario/.m2/repository/org/seleniumhq/selenium/selenium-support/3.141.59/selenium-support-3.141.59.jar' 
2022-04-14 19:26:17.766 DEBUG [acme.Launcher@main] Found classpath entry '/C:/Users/Usuario/.m2/repository/net/bytebuddy/byte-buddy/1.10.19/byte-buddy-1.10.19.jar' 
2022-04-14 19:26:17.766 DEBUG [acme.Launcher@main] Found classpath entry '/C:/Users/Usuario/.m2/repository/org/apache/commons/commons-exec/1.3/commons-exec-1.3.jar' 
2022-04-14 19:26:17.766 DEBUG [acme.Launcher@main] Found classpath entry '/C:/Users/Usuario/.m2/repository/com/google/guava/guava/25.0-jre/guava-25.0-jre.jar' 
2022-04-14 19:26:17.766 DEBUG [acme.Launcher@main] Found classpath entry '/C:/Users/Usuario/.m2/repository/com/google/code/findbugs/jsr305/1.3.9/jsr305-1.3.9.jar' 
2022-04-14 19:26:17.766 DEBUG [acme.Launcher@main] Found classpath entry '/C:/Users/Usuario/.m2/repository/org/checkerframework/checker-compat-qual/2.0.0/checker-compat-qual-2.0.0.jar' 
2022-04-14 19:26:17.766 DEBUG [acme.Launcher@main] Found classpath entry '/C:/Users/Usuario/.m2/repository/com/google/errorprone/error_prone_annotations/2.1.3/error_prone_annotations-2.1.3.jar' 
2022-04-14 19:26:17.766 DEBUG [acme.Launcher@main] Found classpath entry '/C:/Users/Usuario/.m2/repository/com/google/j2objc/j2objc-annotations/1.1/j2objc-annotations-1.1.jar' 
2022-04-14 19:26:17.767 DEBUG [acme.Launcher@main] Found classpath entry '/C:/Users/Usuario/.m2/repository/org/codehaus/mojo/animal-sniffer-annotations/1.14/animal-sniffer-annotations-1.14.jar' 
2022-04-14 19:26:17.767 DEBUG [acme.Launcher@main] Found classpath entry '/C:/Users/Usuario/.m2/repository/com/squareup/okhttp3/okhttp/3.14.9/okhttp-3.14.9.jar' 
2022-04-14 19:26:17.767 DEBUG [acme.Launcher@main] Found classpath entry '/C:/Users/Usuario/.m2/repository/com/squareup/okio/okio/1.14.0/okio-1.14.0.jar' 
2022-04-14 19:26:17.767 DEBUG [acme.Launcher@main] Found classpath entry '/C:/Users/Usuario/.m2/repository/org/apache/commons/commons-lang3/3.11/commons-lang3-3.11.jar' 
2022-04-14 19:26:17.767 DEBUG [acme.Launcher@main] Found classpath entry '/C:/Users/Usuario/.m2/repository/org/apache/commons/commons-text/1.8/commons-text-1.8.jar' 
2022-04-14 19:26:17.767 DEBUG [acme.Launcher@main] Found classpath entry '/C:/Users/Usuario/.m2/repository/commons-io/commons-io/2.6/commons-io-2.6.jar' 
2022-04-14 19:26:17.767 DEBUG [acme.Launcher@main] Found classpath entry '/C:/Users/Usuario/.m2/repository/commons-cli/commons-cli/1.4/commons-cli-1.4.jar' 
2022-04-14 19:26:17.767 DEBUG [acme.Launcher@main] Found classpath entry '/C:/Users/Usuario/.m2/repository/org/projectlombok/lombok/1.18.16/lombok-1.18.16.jar' 
2022-04-14 19:26:17.767 DEBUG [acme.Launcher@main] Found classpath entry '/C:/Users/Usuario/.m2/repository/com/opencsv/opencsv/5.4/opencsv-5.4.jar' 
2022-04-14 19:26:17.767 DEBUG [acme.Launcher@main] Found classpath entry '/C:/Users/Usuario/.m2/repository/commons-beanutils/commons-beanutils/1.9.4/commons-beanutils-1.9.4.jar' 
2022-04-14 19:26:17.767 DEBUG [acme.Launcher@main] Found classpath entry '/C:/Users/Usuario/.m2/repository/commons-logging/commons-logging/1.2/commons-logging-1.2.jar' 
2022-04-14 19:26:17.767 DEBUG [acme.Launcher@main] Found classpath entry '/C:/Users/Usuario/.m2/repository/commons-collections/commons-collections/3.2.2/commons-collections-3.2.2.jar' 
2022-04-14 19:26:17.768 DEBUG [acme.Launcher@main] Found classpath entry '/C:/Users/Usuario/.m2/repository/org/apache/commons/commons-collections4/4.4/commons-collections4-4.4.jar' 
2022-04-14 19:26:17.839 DEBUG [acme.Launcher@main] Found entity class 'acme.entities.announcements.Announcement 
2022-04-14 19:26:17.840 DEBUG [acme.Launcher@main] Found entity class 'acme.entities.chirp.Chirp 
2022-04-14 19:26:17.840 DEBUG [acme.Launcher@main] Found entity class 'acme.entities.configuration.SystemConfiguration 
2022-04-14 19:26:17.840 DEBUG [acme.Launcher@main] Found entity class 'acme.entities.item.Item 
2022-04-14 19:26:17.840 DEBUG [acme.Launcher@main] Found entity class 'acme.entities.patronage.Patronage 
2022-04-14 19:26:17.840 DEBUG [acme.Launcher@main] Found entity class 'acme.entities.patronagereports.PatronageReport 
2022-04-14 19:26:17.840 DEBUG [acme.Launcher@main] Found entity class 'acme.entities.quantity.Quantity 
2022-04-14 19:26:17.840 DEBUG [acme.Launcher@main] Found entity class 'acme.entities.toolkits.Toolkit 
2022-04-14 19:26:17.840 DEBUG [acme.Launcher@main] Found entity class 'acme.roles.Consumer 
2022-04-14 19:26:17.840 DEBUG [acme.Launcher@main] Found entity class 'acme.roles.Inventor 
2022-04-14 19:26:17.840 DEBUG [acme.Launcher@main] Found entity class 'acme.roles.Patron 
2022-04-14 19:26:17.840 DEBUG [acme.Launcher@main] Found entity class 'acme.roles.Provider 
2022-04-14 19:26:17.841 DEBUG [acme.Launcher@main] Found entity class 'acme.framework.entities.UserAccount 
2022-04-14 19:26:17.841 DEBUG [acme.Launcher@main] Found entity class 'acme.framework.roles.Administrator 
2022-04-14 19:26:17.841 DEBUG [acme.Launcher@main] Found entity class 'acme.framework.roles.Anonymous 
2022-04-14 19:26:17.841 DEBUG [acme.Launcher@main] Found entity class 'acme.framework.roles.Any 
2022-04-14 19:26:17.841 DEBUG [acme.Launcher@main] Found entity class 'acme.framework.roles.Authenticated 
2022-04-14 19:26:17.844 INFO  [acme.Launcher@main] Running application (Standalone) 
2022-04-14 19:26:24.121 DEBUG [acme.framework.components.tiles.DynamicTilesView@http-nio-8080-exec-2] View name 'fragments/welcome', model {} 
2022-04-14 19:26:24.136 DEBUG [org.apache.tiles.definition.dao.BaseLocaleUrlDefinitionDAO@http-nio-8080-exec-2] File Resource file:/C:/Users/Usuario/Desktop/UNIVERSIDAD/DP2/Workspace-22.0/Projects/Acme-Toolkits/target/classes/WEB-INF/views/master/tiles_en.xml at file:/C:/Users/Usuario/Desktop/UNIVERSIDAD/DP2/Workspace-22.0/Projects/Acme-Toolkits/target/classes/WEB-INF/views/master/tiles_en.xml not found, continue 
2022-04-14 19:26:24.145 DEBUG [org.apache.jasper.servlet.JspServlet@http-nio-8080-exec-2] JspEngine --> /WEB-INF/views/master/page.jsp 
2022-04-14 19:26:24.145 DEBUG [org.apache.jasper.servlet.JspServlet@http-nio-8080-exec-2] ServletPath: /WEB-INF/views/master/page.jsp 
2022-04-14 19:26:24.145 DEBUG [org.apache.jasper.servlet.JspServlet@http-nio-8080-exec-2] PathInfo: null 
2022-04-14 19:26:24.147 DEBUG [org.apache.jasper.servlet.JspServlet@http-nio-8080-exec-2] RealPath: C:\Users\Usuario\Desktop\UNIVERSIDAD\DP2\Workspace-22.0\Projects\Acme-Toolkits\target\classes\WEB-INF\views\master\page.jsp 
2022-04-14 19:26:24.147 DEBUG [org.apache.jasper.servlet.JspServlet@http-nio-8080-exec-2] RequestURI: /acme-toolkits-22.1/WEB-INF/views/master/page.jsp 
2022-04-14 19:26:24.148 DEBUG [org.apache.jasper.servlet.JspServlet@http-nio-8080-exec-2] QueryString: null 
2022-04-14 19:26:28.280 DEBUG [acme.framework.configuration.ExtendedMessageSource@http-nio-8080-exec-2] Loading properties [C:\Users\Usuario\Desktop\UNIVERSIDAD\DP2\Workspace-22.0\Projects\Acme-Toolkits\target\classes\WEB-INF\views\administrator\system-configuration\messages-en.i18n] with encoding 'utf-8' 
2022-04-14 19:26:28.281 DEBUG [acme.framework.configuration.ExtendedMessageSource@http-nio-8080-exec-2] Loading properties [C:\Users\Usuario\Desktop\UNIVERSIDAD\DP2\Workspace-22.0\Projects\Acme-Toolkits\target\classes\WEB-INF\views\administrator\user-account\messages-en.i18n] with encoding 'utf-8' 
2022-04-14 19:26:28.283 DEBUG [acme.framework.configuration.ExtendedMessageSource@http-nio-8080-exec-2] Loading properties [C:\Users\Usuario\Desktop\UNIVERSIDAD\DP2\Workspace-22.0\Projects\Acme-Toolkits\target\classes\WEB-INF\views\anonymous\user-account\messages-en.i18n] with encoding 'utf-8' 
2022-04-14 19:26:28.284 DEBUG [acme.framework.configuration.ExtendedMessageSource@http-nio-8080-exec-2] Loading properties [C:\Users\Usuario\Desktop\UNIVERSIDAD\DP2\Workspace-22.0\Projects\Acme-Toolkits\target\classes\WEB-INF\views\any\chirp\messages-en.i18n] with encoding 'utf-8' 
2022-04-14 19:26:28.285 DEBUG [acme.framework.configuration.ExtendedMessageSource@http-nio-8080-exec-2] Loading properties [C:\Users\Usuario\Desktop\UNIVERSIDAD\DP2\Workspace-22.0\Projects\Acme-Toolkits\target\classes\WEB-INF\views\any\item\messages-en.i18n] with encoding 'utf-8' 
2022-04-14 19:26:28.285 DEBUG [acme.framework.configuration.ExtendedMessageSource@http-nio-8080-exec-2] Loading properties [C:\Users\Usuario\Desktop\UNIVERSIDAD\DP2\Workspace-22.0\Projects\Acme-Toolkits\target\classes\WEB-INF\views\any\toolkit\messages-en.i18n] with encoding 'utf-8' 
2022-04-14 19:26:28.286 DEBUG [acme.framework.configuration.ExtendedMessageSource@http-nio-8080-exec-2] Loading properties [C:\Users\Usuario\Desktop\UNIVERSIDAD\DP2\Workspace-22.0\Projects\Acme-Toolkits\target\classes\WEB-INF\views\any\user-account\messsages-en.i18n] with encoding 'utf-8' 
2022-04-14 19:26:28.287 DEBUG [acme.framework.configuration.ExtendedMessageSource@http-nio-8080-exec-2] Loading properties [C:\Users\Usuario\Desktop\UNIVERSIDAD\DP2\Workspace-22.0\Projects\Acme-Toolkits\target\classes\WEB-INF\views\authenticated\consumer\messsages-en.i18n] with encoding 'utf-8' 
2022-04-14 19:26:28.289 DEBUG [acme.framework.configuration.ExtendedMessageSource@http-nio-8080-exec-2] Loading properties [C:\Users\Usuario\Desktop\UNIVERSIDAD\DP2\Workspace-22.0\Projects\Acme-Toolkits\target\classes\WEB-INF\views\authenticated\provider\messsages-en.i18n] with encoding 'utf-8' 
2022-04-14 19:26:28.290 DEBUG [acme.framework.configuration.ExtendedMessageSource@http-nio-8080-exec-2] Loading properties [C:\Users\Usuario\Desktop\UNIVERSIDAD\DP2\Workspace-22.0\Projects\Acme-Toolkits\target\classes\WEB-INF\views\fragments\banner-en.i18n] with encoding 'utf-8' 
2022-04-14 19:26:28.291 DEBUG [acme.framework.configuration.ExtendedMessageSource@http-nio-8080-exec-2] Loading properties [C:\Users\Usuario\Desktop\UNIVERSIDAD\DP2\Workspace-22.0\Projects\Acme-Toolkits\target\classes\WEB-INF\views\fragments\company-en.i18n] with encoding 'utf-8' 
2022-04-14 19:26:28.291 DEBUG [acme.framework.configuration.ExtendedMessageSource@http-nio-8080-exec-2] Loading properties [C:\Users\Usuario\Desktop\UNIVERSIDAD\DP2\Workspace-22.0\Projects\Acme-Toolkits\target\classes\WEB-INF\views\fragments\footer-en.i18n] with encoding 'utf-8' 
2022-04-14 19:26:28.292 DEBUG [acme.framework.configuration.ExtendedMessageSource@http-nio-8080-exec-2] Loading properties [C:\Users\Usuario\Desktop\UNIVERSIDAD\DP2\Workspace-22.0\Projects\Acme-Toolkits\target\classes\WEB-INF\views\fragments\license-en.i18n] with encoding 'utf-8' 
2022-04-14 19:26:28.292 DEBUG [acme.framework.configuration.ExtendedMessageSource@http-nio-8080-exec-2] Loading properties [C:\Users\Usuario\Desktop\UNIVERSIDAD\DP2\Workspace-22.0\Projects\Acme-Toolkits\target\classes\WEB-INF\views\fragments\menu-en.i18n] with encoding 'utf-8' 
2022-04-14 19:26:28.294 DEBUG [acme.framework.configuration.ExtendedMessageSource@http-nio-8080-exec-2] Loading properties [C:\Users\Usuario\Desktop\UNIVERSIDAD\DP2\Workspace-22.0\Projects\Acme-Toolkits\target\classes\WEB-INF\views\fragments\messsages-en.i18n] with encoding 'utf-8' 
2022-04-14 19:26:28.294 DEBUG [acme.framework.configuration.ExtendedMessageSource@http-nio-8080-exec-2] Loading properties [C:\Users\Usuario\Desktop\UNIVERSIDAD\DP2\Workspace-22.0\Projects\Acme-Toolkits\target\classes\WEB-INF\views\fragments\title-en.i18n] with encoding 'utf-8' 
2022-04-14 19:26:28.296 DEBUG [acme.framework.configuration.ExtendedMessageSource@http-nio-8080-exec-2] Loading properties [C:\Users\Usuario\Desktop\UNIVERSIDAD\DP2\Workspace-22.0\Projects\Acme-Toolkits\target\classes\WEB-INF\views\fragments\welcome-en.i18n] with encoding 'utf-8' 
2022-04-14 19:26:28.296 DEBUG [acme.framework.configuration.ExtendedMessageSource@http-nio-8080-exec-2] Loading properties [C:\Users\Usuario\Desktop\UNIVERSIDAD\DP2\Workspace-22.0\Projects\Acme-Toolkits\target\classes\WEB-INF\views\inventor\patronage-report\messages-en.i18n] with encoding 'utf-8' 
2022-04-14 19:26:28.297 DEBUG [acme.framework.configuration.ExtendedMessageSource@http-nio-8080-exec-2] Loading properties [C:\Users\Usuario\Desktop\UNIVERSIDAD\DP2\Workspace-22.0\Projects\Acme-Toolkits\target\classes\WEB-INF\views\master\defaults-en.i18n] with encoding 'utf-8' 
2022-04-14 19:26:28.298 DEBUG [acme.framework.configuration.ExtendedMessageSource@http-nio-8080-exec-2] Loading properties [C:\Users\Usuario\Desktop\UNIVERSIDAD\DP2\Workspace-22.0\Projects\Acme-Toolkits\target\classes\WEB-INF\views\master\master-en.i18n] with encoding 'utf-8' 
2022-04-14 19:26:28.298 DEBUG [acme.framework.configuration.ExtendedMessageSource@http-nio-8080-exec-2] Loading properties [C:\Users\Usuario\Desktop\UNIVERSIDAD\DP2\Workspace-22.0\Projects\Acme-Toolkits\target\classes\WEB-INF\views\master\throwables-en.i18n] with encoding 'utf-8' 
2022-04-14 19:26:28.299 DEBUG [acme.framework.configuration.ExtendedMessageSource@http-nio-8080-exec-2] Loading properties [C:\Users\Usuario\Desktop\UNIVERSIDAD\DP2\Workspace-22.0\Projects\Acme-Toolkits\target\classes\WEB-INF\views\master\validation-en.i18n] with encoding 'utf-8' 
2022-04-14 19:26:28.299 DEBUG [acme.framework.configuration.ExtendedMessageSource@http-nio-8080-exec-2] Loading properties [C:\Users\Usuario\Desktop\UNIVERSIDAD\DP2\Workspace-22.0\Projects\Acme-Toolkits\target\classes\WEB-INF\views\patron\patronage\messages-en.i18n] with encoding 'utf-8' 
2022-04-14 19:26:28.300 DEBUG [acme.framework.configuration.ExtendedMessageSource@http-nio-8080-exec-2] Loading properties [C:\Users\Usuario\Desktop\UNIVERSIDAD\DP2\Workspace-22.0\Projects\Acme-Toolkits\target\classes\WEB-INF\views\patron\patronage-report\messages-en.i18n] with encoding 'utf-8' 
2022-04-14 19:26:28.509 DEBUG [org.apache.jasper.servlet.JspServlet@http-nio-8080-exec-2] JspEngine --> /WEB-INF/views/fragments/welcome.jsp 
2022-04-14 19:26:28.510 DEBUG [org.apache.jasper.servlet.JspServlet@http-nio-8080-exec-2] ServletPath: /WEB-INF/views/master/page.jsp 
2022-04-14 19:26:28.510 DEBUG [org.apache.jasper.servlet.JspServlet@http-nio-8080-exec-2] PathInfo: null 
2022-04-14 19:26:28.512 DEBUG [org.apache.jasper.servlet.JspServlet@http-nio-8080-exec-2] RealPath: C:\Users\Usuario\Desktop\UNIVERSIDAD\DP2\Workspace-22.0\Projects\Acme-Toolkits\target\classes\WEB-INF\views\fragments\welcome.jsp 
2022-04-14 19:26:28.512 DEBUG [org.apache.jasper.servlet.JspServlet@http-nio-8080-exec-2] RequestURI: /acme-toolkits-22.1/WEB-INF/views/master/page.jsp 
2022-04-14 19:26:28.513 DEBUG [org.apache.jasper.servlet.JspServlet@http-nio-8080-exec-2] QueryString: null 
2022-04-14 19:26:28.849 DEBUG [org.hibernate.SQL@http-nio-8080-exec-2] select useraccoun0_.id as id1_0_, useraccoun0_.version as version2_0_, useraccoun0_.enabled as enabled1_17_, useraccoun0_.identity as identity2_17_, useraccoun0_.password as password3_17_, useraccoun0_.username as username4_17_ from user_account useraccoun0_ where useraccoun0_.username=? 
2022-04-14 19:26:28.876 TRACE [org.hibernate.type.descriptor.sql.BasicBinder@http-nio-8080-exec-2] binding parameter [1] as [VARCHAR] - [anonymous] 
2022-04-14 19:26:28.943 DEBUG [org.hibernate.SQL@http-nio-8080-exec-2] select roles0_.user_account_id as user_acc1_18_0_, roles0_.id as id1_18_0_, roles0_.id as id1_0_1_, roles0_.version as version2_0_1_, roles0_.user_account_id as user_acc1_18_1_, roles0_.company as company1_7_1_, roles0_.sector as sector2_7_1_, roles0_.company as company1_8_1_, roles0_.link as link2_8_1_, roles0_.statement as statemen3_8_1_, roles0_.company as company1_10_1_, roles0_.link as link2_10_1_, roles0_.statement as statemen3_10_1_, roles0_.company as company1_13_1_, roles0_.sector as sector2_13_1_, roles0_.clazz_ as clazz_1_ from ( select id, version, user_account_id, company, sector, null as link, null as statement, 10 as clazz_ from consumer union all select id, version, user_account_id, company, null as sector, link, statement, 11 as clazz_ from inventor union all select id, version, user_account_id, company, null as sector, link, statement, 12 as clazz_ from patron union all select id, version, user_account_id, company, sector, null as link, null as statement, 13 as clazz_ from provider union all select id, version, user_account_id, null as company, null as sector, null as link, null as statement, 15 as clazz_ from administrator union all select id, version, user_account_id, null as company, null as sector, null as link, null as statement, 16 as clazz_ from anonymous union all select id, version, user_account_id, null as company, null as sector, null as link, null as statement, 17 as clazz_ from any union all select id, version, user_account_id, null as company, null as sector, null as link, null as statement, 18 as clazz_ from authenticated ) roles0_ where roles0_.user_account_id=? 
2022-04-14 19:26:28.944 TRACE [org.hibernate.type.descriptor.sql.BasicBinder@http-nio-8080-exec-2] binding parameter [1] as [INTEGER] - [2] 
2022-04-14 19:26:39.023 DEBUG [acme.framework.components.tiles.DynamicTilesView@http-nio-8080-exec-9] View name 'master/sign-in', model {username=, password=, remember=false} 
2022-04-14 19:26:39.025 DEBUG [org.apache.jasper.servlet.JspServlet@http-nio-8080-exec-9] JspEngine --> /WEB-INF/views/master/page.jsp 
2022-04-14 19:26:39.025 DEBUG [org.apache.jasper.servlet.JspServlet@http-nio-8080-exec-9] ServletPath: /WEB-INF/views/master/page.jsp 
2022-04-14 19:26:39.025 DEBUG [org.apache.jasper.servlet.JspServlet@http-nio-8080-exec-9] PathInfo: null 
2022-04-14 19:26:39.027 DEBUG [org.apache.jasper.servlet.JspServlet@http-nio-8080-exec-9] RealPath: C:\Users\Usuario\Desktop\UNIVERSIDAD\DP2\Workspace-22.0\Projects\Acme-Toolkits\target\classes\WEB-INF\views\master\page.jsp 
2022-04-14 19:26:39.027 DEBUG [org.apache.jasper.servlet.JspServlet@http-nio-8080-exec-9] RequestURI: /acme-toolkits-22.1/WEB-INF/views/master/page.jsp 
2022-04-14 19:26:39.027 DEBUG [org.apache.jasper.servlet.JspServlet@http-nio-8080-exec-9] QueryString: null 
2022-04-14 19:26:39.147 DEBUG [org.apache.jasper.servlet.JspServlet@http-nio-8080-exec-9] JspEngine --> /WEB-INF/views/master/sign-in.jsp 
2022-04-14 19:26:39.148 DEBUG [org.apache.jasper.servlet.JspServlet@http-nio-8080-exec-9] ServletPath: /WEB-INF/views/master/page.jsp 
2022-04-14 19:26:39.148 DEBUG [org.apache.jasper.servlet.JspServlet@http-nio-8080-exec-9] PathInfo: null 
2022-04-14 19:26:39.148 DEBUG [org.apache.jasper.servlet.JspServlet@http-nio-8080-exec-9] RealPath: C:\Users\Usuario\Desktop\UNIVERSIDAD\DP2\Workspace-22.0\Projects\Acme-Toolkits\target\classes\WEB-INF\views\master\sign-in.jsp 
2022-04-14 19:26:39.149 DEBUG [org.apache.jasper.servlet.JspServlet@http-nio-8080-exec-9] RequestURI: /acme-toolkits-22.1/WEB-INF/views/master/page.jsp 
2022-04-14 19:26:39.149 DEBUG [org.apache.jasper.servlet.JspServlet@http-nio-8080-exec-9] QueryString: null 
2022-04-14 19:26:40.779 DEBUG [org.hibernate.SQL@http-nio-8080-exec-9] select useraccoun0_.id as id1_0_, useraccoun0_.version as version2_0_, useraccoun0_.enabled as enabled1_17_, useraccoun0_.identity as identity2_17_, useraccoun0_.password as password3_17_, useraccoun0_.username as username4_17_ from user_account useraccoun0_ where useraccoun0_.username=? 
2022-04-14 19:26:40.780 TRACE [org.hibernate.type.descriptor.sql.BasicBinder@http-nio-8080-exec-9] binding parameter [1] as [VARCHAR] - [anonymous] 
2022-04-14 19:26:40.781 DEBUG [org.hibernate.SQL@http-nio-8080-exec-9] select roles0_.user_account_id as user_acc1_18_0_, roles0_.id as id1_18_0_, roles0_.id as id1_0_1_, roles0_.version as version2_0_1_, roles0_.user_account_id as user_acc1_18_1_, roles0_.company as company1_7_1_, roles0_.sector as sector2_7_1_, roles0_.company as company1_8_1_, roles0_.link as link2_8_1_, roles0_.statement as statemen3_8_1_, roles0_.company as company1_10_1_, roles0_.link as link2_10_1_, roles0_.statement as statemen3_10_1_, roles0_.company as company1_13_1_, roles0_.sector as sector2_13_1_, roles0_.clazz_ as clazz_1_ from ( select id, version, user_account_id, company, sector, null as link, null as statement, 10 as clazz_ from consumer union all select id, version, user_account_id, company, null as sector, link, statement, 11 as clazz_ from inventor union all select id, version, user_account_id, company, null as sector, link, statement, 12 as clazz_ from patron union all select id, version, user_account_id, company, sector, null as link, null as statement, 13 as clazz_ from provider union all select id, version, user_account_id, null as company, null as sector, null as link, null as statement, 15 as clazz_ from administrator union all select id, version, user_account_id, null as company, null as sector, null as link, null as statement, 16 as clazz_ from anonymous union all select id, version, user_account_id, null as company, null as sector, null as link, null as statement, 17 as clazz_ from any union all select id, version, user_account_id, null as company, null as sector, null as link, null as statement, 18 as clazz_ from authenticated ) roles0_ where roles0_.user_account_id=? 
2022-04-14 19:26:40.782 TRACE [org.hibernate.type.descriptor.sql.BasicBinder@http-nio-8080-exec-9] binding parameter [1] as [INTEGER] - [2] 
2022-04-14 19:26:50.365 DEBUG [org.hibernate.SQL@http-nio-8080-exec-9] select useraccoun0_.id as id1_0_, useraccoun0_.version as version2_0_, useraccoun0_.enabled as enabled1_17_, useraccoun0_.identity as identity2_17_, useraccoun0_.password as password3_17_, useraccoun0_.username as username4_17_ from user_account useraccoun0_ where useraccoun0_.username=? 
2022-04-14 19:26:50.367 TRACE [org.hibernate.type.descriptor.sql.BasicBinder@http-nio-8080-exec-9] binding parameter [1] as [VARCHAR] - [patron1] 
2022-04-14 19:26:50.371 DEBUG [org.hibernate.SQL@http-nio-8080-exec-9] select roles0_.user_account_id as user_acc1_18_0_, roles0_.id as id1_18_0_, roles0_.id as id1_0_1_, roles0_.version as version2_0_1_, roles0_.user_account_id as user_acc1_18_1_, roles0_.company as company1_7_1_, roles0_.sector as sector2_7_1_, roles0_.company as company1_8_1_, roles0_.link as link2_8_1_, roles0_.statement as statemen3_8_1_, roles0_.company as company1_10_1_, roles0_.link as link2_10_1_, roles0_.statement as statemen3_10_1_, roles0_.company as company1_13_1_, roles0_.sector as sector2_13_1_, roles0_.clazz_ as clazz_1_ from ( select id, version, user_account_id, company, sector, null as link, null as statement, 10 as clazz_ from consumer union all select id, version, user_account_id, company, null as sector, link, statement, 11 as clazz_ from inventor union all select id, version, user_account_id, company, null as sector, link, statement, 12 as clazz_ from patron union all select id, version, user_account_id, company, sector, null as link, null as statement, 13 as clazz_ from provider union all select id, version, user_account_id, null as company, null as sector, null as link, null as statement, 15 as clazz_ from administrator union all select id, version, user_account_id, null as company, null as sector, null as link, null as statement, 16 as clazz_ from anonymous union all select id, version, user_account_id, null as company, null as sector, null as link, null as statement, 17 as clazz_ from any union all select id, version, user_account_id, null as company, null as sector, null as link, null as statement, 18 as clazz_ from authenticated ) roles0_ where roles0_.user_account_id=? 
2022-04-14 19:26:50.372 TRACE [org.hibernate.type.descriptor.sql.BasicBinder@http-nio-8080-exec-9] binding parameter [1] as [INTEGER] - [6] 
2022-04-14 19:26:50.413 DEBUG [acme.framework.components.tiles.DynamicTilesView@http-nio-8080-exec-6] View name 'fragments/welcome', model {} 
2022-04-14 19:26:50.414 DEBUG [org.apache.jasper.servlet.JspServlet@http-nio-8080-exec-6] JspEngine --> /WEB-INF/views/master/page.jsp 
2022-04-14 19:26:50.415 DEBUG [org.apache.jasper.servlet.JspServlet@http-nio-8080-exec-6] ServletPath: /WEB-INF/views/master/page.jsp 
2022-04-14 19:26:50.415 DEBUG [org.apache.jasper.servlet.JspServlet@http-nio-8080-exec-6] PathInfo: null 
2022-04-14 19:26:50.419 DEBUG [org.apache.jasper.servlet.JspServlet@http-nio-8080-exec-6] RealPath: C:\Users\Usuario\Desktop\UNIVERSIDAD\DP2\Workspace-22.0\Projects\Acme-Toolkits\target\classes\WEB-INF\views\master\page.jsp 
2022-04-14 19:26:50.421 DEBUG [org.apache.jasper.servlet.JspServlet@http-nio-8080-exec-6] RequestURI: /acme-toolkits-22.1/WEB-INF/views/master/page.jsp 
2022-04-14 19:26:50.422 DEBUG [org.apache.jasper.servlet.JspServlet@http-nio-8080-exec-6] QueryString: null 
2022-04-14 19:26:50.673 DEBUG [org.apache.jasper.servlet.JspServlet@http-nio-8080-exec-6] JspEngine --> /WEB-INF/views/fragments/welcome.jsp 
2022-04-14 19:26:50.674 DEBUG [org.apache.jasper.servlet.JspServlet@http-nio-8080-exec-6] ServletPath: /WEB-INF/views/master/page.jsp 
2022-04-14 19:26:50.675 DEBUG [org.apache.jasper.servlet.JspServlet@http-nio-8080-exec-6] PathInfo: null 
2022-04-14 19:26:50.679 DEBUG [org.apache.jasper.servlet.JspServlet@http-nio-8080-exec-6] RealPath: C:\Users\Usuario\Desktop\UNIVERSIDAD\DP2\Workspace-22.0\Projects\Acme-Toolkits\target\classes\WEB-INF\views\fragments\welcome.jsp 
2022-04-14 19:26:50.679 DEBUG [org.apache.jasper.servlet.JspServlet@http-nio-8080-exec-6] RequestURI: /acme-toolkits-22.1/WEB-INF/views/master/page.jsp 
2022-04-14 19:26:50.681 DEBUG [org.apache.jasper.servlet.JspServlet@http-nio-8080-exec-6] QueryString: null 
2022-04-14 19:26:57.259 DEBUG [acme.framework.controllers.AbstractController@http-nio-8080-exec-10] DISPATCHING GET /acme-toolkits-22.1/patron/patronage-report/list 
2022-04-14 19:26:57.259 DEBUG [acme.framework.controllers.AbstractController@http-nio-8080-exec-10] Command: list 
2022-04-14 19:26:57.260 DEBUG [acme.framework.controllers.AbstractController@http-nio-8080-exec-10] Model:   {} 
2022-04-14 19:26:57.260 DEBUG [acme.framework.controllers.AbstractController@http-nio-8080-exec-10] Locale:  en 
2022-04-14 19:26:57.306 DEBUG [org.hibernate.SQL@http-nio-8080-exec-10] select patronager0_.id as id1_0_, patronager0_.version as version2_0_, patronager0_.automatic_sequence_number as automati1_12_, patronager0_.creation_moment as creation2_12_, patronager0_.link as link3_12_, patronager0_.memorandum as memorand4_12_, patronager0_.patronage_id as patronag5_12_ from patronage_report patronager0_ cross join patronage patronage1_ where patronager0_.patronage_id=patronage1_.id and patronage1_.patron_id=? 
2022-04-14 19:26:57.307 TRACE [org.hibernate.type.descriptor.sql.BasicBinder@http-nio-8080-exec-10] binding parameter [1] as [INTEGER] - [11] 
2022-04-14 19:26:57.316 DEBUG [org.hibernate.SQL@http-nio-8080-exec-10] select patronage0_.id as id1_0_0_, patronage0_.version as version2_0_0_, patronage0_.budget_amount as budget_a1_11_0_, patronage0_.budget_currency as budget_c2_11_0_, patronage0_.code as code3_11_0_, patronage0_.creation_moment_date as creation4_11_0_, patronage0_.final_moment_date as final_mo5_11_0_, patronage0_.inventor_id as invento10_11_0_, patronage0_.legal_stuff as legal_st6_11_0_, patronage0_.link as link7_11_0_, patronage0_.patron_id as patron_11_11_0_, patronage0_.start_moment_date as start_mo8_11_0_, patronage0_.status as status9_11_0_, inventor1_.id as id1_0_1_, inventor1_.version as version2_0_1_, inventor1_.user_account_id as user_acc1_18_1_, inventor1_.company as company1_8_1_, inventor1_.link as link2_8_1_, inventor1_.statement as statemen3_8_1_, useraccoun2_.id as id1_0_2_, useraccoun2_.version as version2_0_2_, useraccoun2_.enabled as enabled1_17_2_, useraccoun2_.identity as identity2_17_2_, useraccoun2_.password as password3_17_2_, useraccoun2_.username as username4_17_2_, patron3_.id as id1_0_3_, patron3_.version as version2_0_3_, patron3_.user_account_id as user_acc1_18_3_, patron3_.company as company1_10_3_, patron3_.link as link2_10_3_, patron3_.statement as statemen3_10_3_, useraccoun4_.id as id1_0_4_, useraccoun4_.version as version2_0_4_, useraccoun4_.enabled as enabled1_17_4_, useraccoun4_.identity as identity2_17_4_, useraccoun4_.password as password3_17_4_, useraccoun4_.username as username4_17_4_ from patronage patronage0_ inner join inventor inventor1_ on patronage0_.inventor_id=inventor1_.id inner join user_account useraccoun2_ on inventor1_.user_account_id=useraccoun2_.id inner join patron patron3_ on patronage0_.patron_id=patron3_.id inner join user_account useraccoun4_ on patron3_.user_account_id=useraccoun4_.id where patronage0_.id=? 
2022-04-14 19:26:57.318 TRACE [org.hibernate.type.descriptor.sql.BasicBinder@http-nio-8080-exec-10] binding parameter [1] as [INTEGER] - [25] 
2022-04-14 19:26:57.329 DEBUG [org.hibernate.SQL@http-nio-8080-exec-10] select patronage0_.id as id1_0_0_, patronage0_.version as version2_0_0_, patronage0_.budget_amount as budget_a1_11_0_, patronage0_.budget_currency as budget_c2_11_0_, patronage0_.code as code3_11_0_, patronage0_.creation_moment_date as creation4_11_0_, patronage0_.final_moment_date as final_mo5_11_0_, patronage0_.inventor_id as invento10_11_0_, patronage0_.legal_stuff as legal_st6_11_0_, patronage0_.link as link7_11_0_, patronage0_.patron_id as patron_11_11_0_, patronage0_.start_moment_date as start_mo8_11_0_, patronage0_.status as status9_11_0_, inventor1_.id as id1_0_1_, inventor1_.version as version2_0_1_, inventor1_.user_account_id as user_acc1_18_1_, inventor1_.company as company1_8_1_, inventor1_.link as link2_8_1_, inventor1_.statement as statemen3_8_1_, useraccoun2_.id as id1_0_2_, useraccoun2_.version as version2_0_2_, useraccoun2_.enabled as enabled1_17_2_, useraccoun2_.identity as identity2_17_2_, useraccoun2_.password as password3_17_2_, useraccoun2_.username as username4_17_2_, patron3_.id as id1_0_3_, patron3_.version as version2_0_3_, patron3_.user_account_id as user_acc1_18_3_, patron3_.company as company1_10_3_, patron3_.link as link2_10_3_, patron3_.statement as statemen3_10_3_, useraccoun4_.id as id1_0_4_, useraccoun4_.version as version2_0_4_, useraccoun4_.enabled as enabled1_17_4_, useraccoun4_.identity as identity2_17_4_, useraccoun4_.password as password3_17_4_, useraccoun4_.username as username4_17_4_ from patronage patronage0_ inner join inventor inventor1_ on patronage0_.inventor_id=inventor1_.id inner join user_account useraccoun2_ on inventor1_.user_account_id=useraccoun2_.id inner join patron patron3_ on patronage0_.patron_id=patron3_.id inner join user_account useraccoun4_ on patron3_.user_account_id=useraccoun4_.id where patronage0_.id=? 
2022-04-14 19:26:57.331 TRACE [org.hibernate.type.descriptor.sql.BasicBinder@http-nio-8080-exec-10] binding parameter [1] as [INTEGER] - [24] 
2022-04-14 19:26:57.400 DEBUG [acme.framework.controllers.AbstractController@http-nio-8080-exec-10] SERVING GET /acme-toolkits-22.1/patron/patronage-report/list 
2022-04-14 19:26:57.401 DEBUG [acme.framework.controllers.AbstractController@http-nio-8080-exec-10] Result: ModelAndView [view="patron/patronage-report/list"; model={version[2]=0, version[1]=0, memorandum[0]=Addendum, automaticSequenceNumber[1]=ASD-123-B:0001, automaticSequenceNumber[0]=ASD-123-C:0002, memorandum[1]=Confidential, automaticSequenceNumber[2]=ASD-123-C:0001, list$size=3, memorandum[2]=Initial negotiation, creationMoment[2]=2022-01-22 16:17:00.0, version[0]=0, creationMoment[1]=2021-03-22 12:45:00.0, creationMoment[0]=2022-02-01 08:30:00.0, id[1]=28, id[0]=27, id[2]=29, command=list, principal=acme.framework.entities.Principal@4dc776a8}] 
2022-04-14 19:26:57.416 DEBUG [acme.framework.components.tiles.DynamicTilesView@http-nio-8080-exec-10] View name 'patron/patronage-report/list', model {version[2]=0, version[1]=0, memorandum[0]=Addendum, automaticSequenceNumber[1]=ASD-123-B:0001, automaticSequenceNumber[0]=ASD-123-C:0002, memorandum[1]=Confidential, automaticSequenceNumber[2]=ASD-123-C:0001, list$size=3, memorandum[2]=Initial negotiation, creationMoment[2]=2022-01-22 16:17:00.0, version[0]=0, creationMoment[1]=2021-03-22 12:45:00.0, creationMoment[0]=2022-02-01 08:30:00.0, id[1]=28, id[0]=27, id[2]=29, command=list, principal=acme.framework.entities.Principal@4dc776a8, org.springframework.validation.BindingResult.principal=org.springframework.validation.BeanPropertyBindingResult: 0 errors} 
2022-04-14 19:26:57.419 DEBUG [org.apache.jasper.servlet.JspServlet@http-nio-8080-exec-10] JspEngine --> /WEB-INF/views/master/page.jsp 
2022-04-14 19:26:57.420 DEBUG [org.apache.jasper.servlet.JspServlet@http-nio-8080-exec-10] ServletPath: /WEB-INF/views/master/page.jsp 
2022-04-14 19:26:57.420 DEBUG [org.apache.jasper.servlet.JspServlet@http-nio-8080-exec-10] PathInfo: null 
2022-04-14 19:26:57.423 DEBUG [org.apache.jasper.servlet.JspServlet@http-nio-8080-exec-10] RealPath: C:\Users\Usuario\Desktop\UNIVERSIDAD\DP2\Workspace-22.0\Projects\Acme-Toolkits\target\classes\WEB-INF\views\master\page.jsp 
2022-04-14 19:26:57.424 DEBUG [org.apache.jasper.servlet.JspServlet@http-nio-8080-exec-10] RequestURI: /acme-toolkits-22.1/WEB-INF/views/master/page.jsp 
2022-04-14 19:26:57.425 DEBUG [org.apache.jasper.servlet.JspServlet@http-nio-8080-exec-10] QueryString: null 
2022-04-14 19:26:57.673 DEBUG [org.apache.jasper.servlet.JspServlet@http-nio-8080-exec-10] JspEngine --> /WEB-INF/views/patron/patronage-report/list.jsp 
2022-04-14 19:26:57.674 DEBUG [org.apache.jasper.servlet.JspServlet@http-nio-8080-exec-10] ServletPath: /WEB-INF/views/master/page.jsp 
2022-04-14 19:26:57.675 DEBUG [org.apache.jasper.servlet.JspServlet@http-nio-8080-exec-10] PathInfo: null 
2022-04-14 19:26:57.679 DEBUG [org.apache.jasper.servlet.JspServlet@http-nio-8080-exec-10] RealPath: C:\Users\Usuario\Desktop\UNIVERSIDAD\DP2\Workspace-22.0\Projects\Acme-Toolkits\target\classes\WEB-INF\views\patron\patronage-report\list.jsp 
2022-04-14 19:26:57.680 DEBUG [org.apache.jasper.servlet.JspServlet@http-nio-8080-exec-10] RequestURI: /acme-toolkits-22.1/WEB-INF/views/master/page.jsp 
2022-04-14 19:26:57.681 DEBUG [org.apache.jasper.servlet.JspServlet@http-nio-8080-exec-10] QueryString: null 
2022-04-14 19:27:01.845 DEBUG [acme.framework.controllers.AbstractController@http-nio-8080-exec-4] DISPATCHING GET /acme-toolkits-22.1/patron/patronage-report/show 
2022-04-14 19:27:01.845 DEBUG [acme.framework.controllers.AbstractController@http-nio-8080-exec-4] Command: show 
2022-04-14 19:27:01.845 DEBUG [acme.framework.controllers.AbstractController@http-nio-8080-exec-4] Model:   {id=27} 
2022-04-14 19:27:01.846 DEBUG [acme.framework.controllers.AbstractController@http-nio-8080-exec-4] Locale:  en 
2022-04-14 19:27:01.855 DEBUG [org.hibernate.SQL@http-nio-8080-exec-4] select patronager0_.id as id1_0_, patronager0_.version as version2_0_, patronager0_.automatic_sequence_number as automati1_12_, patronager0_.creation_moment as creation2_12_, patronager0_.link as link3_12_, patronager0_.memorandum as memorand4_12_, patronager0_.patronage_id as patronag5_12_ from patronage_report patronager0_ where patronager0_.id=? 
2022-04-14 19:27:01.855 TRACE [org.hibernate.type.descriptor.sql.BasicBinder@http-nio-8080-exec-4] binding parameter [1] as [INTEGER] - [27] 
2022-04-14 19:27:01.857 DEBUG [org.hibernate.SQL@http-nio-8080-exec-4] select patronage0_.id as id1_0_0_, patronage0_.version as version2_0_0_, patronage0_.budget_amount as budget_a1_11_0_, patronage0_.budget_currency as budget_c2_11_0_, patronage0_.code as code3_11_0_, patronage0_.creation_moment_date as creation4_11_0_, patronage0_.final_moment_date as final_mo5_11_0_, patronage0_.inventor_id as invento10_11_0_, patronage0_.legal_stuff as legal_st6_11_0_, patronage0_.link as link7_11_0_, patronage0_.patron_id as patron_11_11_0_, patronage0_.start_moment_date as start_mo8_11_0_, patronage0_.status as status9_11_0_, inventor1_.id as id1_0_1_, inventor1_.version as version2_0_1_, inventor1_.user_account_id as user_acc1_18_1_, inventor1_.company as company1_8_1_, inventor1_.link as link2_8_1_, inventor1_.statement as statemen3_8_1_, useraccoun2_.id as id1_0_2_, useraccoun2_.version as version2_0_2_, useraccoun2_.enabled as enabled1_17_2_, useraccoun2_.identity as identity2_17_2_, useraccoun2_.password as password3_17_2_, useraccoun2_.username as username4_17_2_, patron3_.id as id1_0_3_, patron3_.version as version2_0_3_, patron3_.user_account_id as user_acc1_18_3_, patron3_.company as company1_10_3_, patron3_.link as link2_10_3_, patron3_.statement as statemen3_10_3_, useraccoun4_.id as id1_0_4_, useraccoun4_.version as version2_0_4_, useraccoun4_.enabled as enabled1_17_4_, useraccoun4_.identity as identity2_17_4_, useraccoun4_.password as password3_17_4_, useraccoun4_.username as username4_17_4_ from patronage patronage0_ inner join inventor inventor1_ on patronage0_.inventor_id=inventor1_.id inner join user_account useraccoun2_ on inventor1_.user_account_id=useraccoun2_.id inner join patron patron3_ on patronage0_.patron_id=patron3_.id inner join user_account useraccoun4_ on patron3_.user_account_id=useraccoun4_.id where patronage0_.id=? 
2022-04-14 19:27:01.858 TRACE [org.hibernate.type.descriptor.sql.BasicBinder@http-nio-8080-exec-4] binding parameter [1] as [INTEGER] - [25] 
2022-04-14 19:27:01.890 DEBUG [org.hibernate.SQL@http-nio-8080-exec-4] select patronager0_.id as id1_0_, patronager0_.version as version2_0_, patronager0_.automatic_sequence_number as automati1_12_, patronager0_.creation_moment as creation2_12_, patronager0_.link as link3_12_, patronager0_.memorandum as memorand4_12_, patronager0_.patronage_id as patronag5_12_ from patronage_report patronager0_ where patronager0_.id=? 
2022-04-14 19:27:01.891 TRACE [org.hibernate.type.descriptor.sql.BasicBinder@http-nio-8080-exec-4] binding parameter [1] as [INTEGER] - [27] 
2022-04-14 19:27:01.912 DEBUG [acme.framework.controllers.AbstractController@http-nio-8080-exec-4] SERVING GET /acme-toolkits-22.1/patron/patronage-report/show 
2022-04-14 19:27:01.912 DEBUG [acme.framework.controllers.AbstractController@http-nio-8080-exec-4] Result: ModelAndView [view="patron/patronage-report/form"; model={masterId=14, patronage.code=ASD-123-C, automaticSequenceNumber=ASD-123-C:0002, creationMoment=2022-02-01 08:30:00.0, link=null, id=27, memorandum=Addendum, version=0, command=show, principal=acme.framework.entities.Principal@4dc776a8}] 
2022-04-14 19:27:01.914 DEBUG [acme.framework.components.tiles.DynamicTilesView@http-nio-8080-exec-4] View name 'patron/patronage-report/form', model {masterId=14, patronage.code=ASD-123-C, automaticSequenceNumber=ASD-123-C:0002, creationMoment=2022-02-01 08:30:00.0, link=null, id=27, memorandum=Addendum, version=0, command=show, principal=acme.framework.entities.Principal@4dc776a8, org.springframework.validation.BindingResult.principal=org.springframework.validation.BeanPropertyBindingResult: 0 errors} 
2022-04-14 19:27:01.916 DEBUG [org.apache.jasper.servlet.JspServlet@http-nio-8080-exec-4] JspEngine --> /WEB-INF/views/master/page.jsp 
2022-04-14 19:27:01.917 DEBUG [org.apache.jasper.servlet.JspServlet@http-nio-8080-exec-4] ServletPath: /WEB-INF/views/master/page.jsp 
2022-04-14 19:27:01.918 DEBUG [org.apache.jasper.servlet.JspServlet@http-nio-8080-exec-4] PathInfo: null 
2022-04-14 19:27:01.921 DEBUG [org.apache.jasper.servlet.JspServlet@http-nio-8080-exec-4] RealPath: C:\Users\Usuario\Desktop\UNIVERSIDAD\DP2\Workspace-22.0\Projects\Acme-Toolkits\target\classes\WEB-INF\views\master\page.jsp 
2022-04-14 19:27:01.922 DEBUG [org.apache.jasper.servlet.JspServlet@http-nio-8080-exec-4] RequestURI: /acme-toolkits-22.1/WEB-INF/views/master/page.jsp 
2022-04-14 19:27:01.923 DEBUG [org.apache.jasper.servlet.JspServlet@http-nio-8080-exec-4] QueryString: id=27 
2022-04-14 19:27:02.182 DEBUG [org.apache.jasper.servlet.JspServlet@http-nio-8080-exec-4] JspEngine --> /WEB-INF/views/patron/patronage-report/form.jsp 
2022-04-14 19:27:02.183 DEBUG [org.apache.jasper.servlet.JspServlet@http-nio-8080-exec-4] ServletPath: /WEB-INF/views/master/page.jsp 
2022-04-14 19:27:02.184 DEBUG [org.apache.jasper.servlet.JspServlet@http-nio-8080-exec-4] PathInfo: null 
2022-04-14 19:27:02.188 DEBUG [org.apache.jasper.servlet.JspServlet@http-nio-8080-exec-4] RealPath: C:\Users\Usuario\Desktop\UNIVERSIDAD\DP2\Workspace-22.0\Projects\Acme-Toolkits\target\classes\WEB-INF\views\patron\patronage-report\form.jsp 
2022-04-14 19:27:02.190 DEBUG [org.apache.jasper.servlet.JspServlet@http-nio-8080-exec-4] RequestURI: /acme-toolkits-22.1/WEB-INF/views/master/page.jsp 
2022-04-14 19:27:02.191 DEBUG [org.apache.jasper.servlet.JspServlet@http-nio-8080-exec-4] QueryString: id=27 
2022-04-14 19:27:10.565 DEBUG [acme.framework.controllers.AbstractController@http-nio-8080-exec-1] DISPATCHING GET /acme-toolkits-22.1/patron/patronage-report/list 
2022-04-14 19:27:10.565 DEBUG [acme.framework.controllers.AbstractController@http-nio-8080-exec-1] Command: list 
2022-04-14 19:27:10.565 DEBUG [acme.framework.controllers.AbstractController@http-nio-8080-exec-1] Model:   {} 
2022-04-14 19:27:10.565 DEBUG [acme.framework.controllers.AbstractController@http-nio-8080-exec-1] Locale:  en 
2022-04-14 19:27:10.568 DEBUG [org.hibernate.SQL@http-nio-8080-exec-1] select patronager0_.id as id1_0_, patronager0_.version as version2_0_, patronager0_.automatic_sequence_number as automati1_12_, patronager0_.creation_moment as creation2_12_, patronager0_.link as link3_12_, patronager0_.memorandum as memorand4_12_, patronager0_.patronage_id as patronag5_12_ from patronage_report patronager0_ cross join patronage patronage1_ where patronager0_.patronage_id=patronage1_.id and patronage1_.patron_id=? 
2022-04-14 19:27:10.568 TRACE [org.hibernate.type.descriptor.sql.BasicBinder@http-nio-8080-exec-1] binding parameter [1] as [INTEGER] - [11] 
2022-04-14 19:27:10.570 DEBUG [org.hibernate.SQL@http-nio-8080-exec-1] select patronage0_.id as id1_0_0_, patronage0_.version as version2_0_0_, patronage0_.budget_amount as budget_a1_11_0_, patronage0_.budget_currency as budget_c2_11_0_, patronage0_.code as code3_11_0_, patronage0_.creation_moment_date as creation4_11_0_, patronage0_.final_moment_date as final_mo5_11_0_, patronage0_.inventor_id as invento10_11_0_, patronage0_.legal_stuff as legal_st6_11_0_, patronage0_.link as link7_11_0_, patronage0_.patron_id as patron_11_11_0_, patronage0_.start_moment_date as start_mo8_11_0_, patronage0_.status as status9_11_0_, inventor1_.id as id1_0_1_, inventor1_.version as version2_0_1_, inventor1_.user_account_id as user_acc1_18_1_, inventor1_.company as company1_8_1_, inventor1_.link as link2_8_1_, inventor1_.statement as statemen3_8_1_, useraccoun2_.id as id1_0_2_, useraccoun2_.version as version2_0_2_, useraccoun2_.enabled as enabled1_17_2_, useraccoun2_.identity as identity2_17_2_, useraccoun2_.password as password3_17_2_, useraccoun2_.username as username4_17_2_, patron3_.id as id1_0_3_, patron3_.version as version2_0_3_, patron3_.user_account_id as user_acc1_18_3_, patron3_.company as company1_10_3_, patron3_.link as link2_10_3_, patron3_.statement as statemen3_10_3_, useraccoun4_.id as id1_0_4_, useraccoun4_.version as version2_0_4_, useraccoun4_.enabled as enabled1_17_4_, useraccoun4_.identity as identity2_17_4_, useraccoun4_.password as password3_17_4_, useraccoun4_.username as username4_17_4_ from patronage patronage0_ inner join inventor inventor1_ on patronage0_.inventor_id=inventor1_.id inner join user_account useraccoun2_ on inventor1_.user_account_id=useraccoun2_.id inner join patron patron3_ on patronage0_.patron_id=patron3_.id inner join user_account useraccoun4_ on patron3_.user_account_id=useraccoun4_.id where patronage0_.id=? 
2022-04-14 19:27:10.571 TRACE [org.hibernate.type.descriptor.sql.BasicBinder@http-nio-8080-exec-1] binding parameter [1] as [INTEGER] - [25] 
2022-04-14 19:27:10.577 DEBUG [org.hibernate.SQL@http-nio-8080-exec-1] select patronage0_.id as id1_0_0_, patronage0_.version as version2_0_0_, patronage0_.budget_amount as budget_a1_11_0_, patronage0_.budget_currency as budget_c2_11_0_, patronage0_.code as code3_11_0_, patronage0_.creation_moment_date as creation4_11_0_, patronage0_.final_moment_date as final_mo5_11_0_, patronage0_.inventor_id as invento10_11_0_, patronage0_.legal_stuff as legal_st6_11_0_, patronage0_.link as link7_11_0_, patronage0_.patron_id as patron_11_11_0_, patronage0_.start_moment_date as start_mo8_11_0_, patronage0_.status as status9_11_0_, inventor1_.id as id1_0_1_, inventor1_.version as version2_0_1_, inventor1_.user_account_id as user_acc1_18_1_, inventor1_.company as company1_8_1_, inventor1_.link as link2_8_1_, inventor1_.statement as statemen3_8_1_, useraccoun2_.id as id1_0_2_, useraccoun2_.version as version2_0_2_, useraccoun2_.enabled as enabled1_17_2_, useraccoun2_.identity as identity2_17_2_, useraccoun2_.password as password3_17_2_, useraccoun2_.username as username4_17_2_, patron3_.id as id1_0_3_, patron3_.version as version2_0_3_, patron3_.user_account_id as user_acc1_18_3_, patron3_.company as company1_10_3_, patron3_.link as link2_10_3_, patron3_.statement as statemen3_10_3_, useraccoun4_.id as id1_0_4_, useraccoun4_.version as version2_0_4_, useraccoun4_.enabled as enabled1_17_4_, useraccoun4_.identity as identity2_17_4_, useraccoun4_.password as password3_17_4_, useraccoun4_.username as username4_17_4_ from patronage patronage0_ inner join inventor inventor1_ on patronage0_.inventor_id=inventor1_.id inner join user_account useraccoun2_ on inventor1_.user_account_id=useraccoun2_.id inner join patron patron3_ on patronage0_.patron_id=patron3_.id inner join user_account useraccoun4_ on patron3_.user_account_id=useraccoun4_.id where patronage0_.id=? 
2022-04-14 19:27:10.577 TRACE [org.hibernate.type.descriptor.sql.BasicBinder@http-nio-8080-exec-1] binding parameter [1] as [INTEGER] - [24] 
2022-04-14 19:27:10.584 DEBUG [acme.framework.controllers.AbstractController@http-nio-8080-exec-1] SERVING GET /acme-toolkits-22.1/patron/patronage-report/list 
2022-04-14 19:27:10.586 DEBUG [acme.framework.controllers.AbstractController@http-nio-8080-exec-1] Result: ModelAndView [view="patron/patronage-report/list"; model={version[2]=0, version[1]=0, memorandum[0]=Addendum, automaticSequenceNumber[1]=ASD-123-B:0001, automaticSequenceNumber[0]=ASD-123-C:0002, memorandum[1]=Confidential, automaticSequenceNumber[2]=ASD-123-C:0001, list$size=3, memorandum[2]=Initial negotiation, creationMoment[2]=2022-01-22 16:17:00.0, version[0]=0, creationMoment[1]=2021-03-22 12:45:00.0, creationMoment[0]=2022-02-01 08:30:00.0, id[1]=28, id[0]=27, id[2]=29, command=list, principal=acme.framework.entities.Principal@4dc776a8}] 
2022-04-14 19:27:10.586 DEBUG [acme.framework.components.tiles.DynamicTilesView@http-nio-8080-exec-1] View name 'patron/patronage-report/list', model {version[2]=0, version[1]=0, memorandum[0]=Addendum, automaticSequenceNumber[1]=ASD-123-B:0001, automaticSequenceNumber[0]=ASD-123-C:0002, memorandum[1]=Confidential, automaticSequenceNumber[2]=ASD-123-C:0001, list$size=3, memorandum[2]=Initial negotiation, creationMoment[2]=2022-01-22 16:17:00.0, version[0]=0, creationMoment[1]=2021-03-22 12:45:00.0, creationMoment[0]=2022-02-01 08:30:00.0, id[1]=28, id[0]=27, id[2]=29, command=list, principal=acme.framework.entities.Principal@4dc776a8, org.springframework.validation.BindingResult.principal=org.springframework.validation.BeanPropertyBindingResult: 0 errors} 
2022-04-14 19:27:10.588 DEBUG [org.apache.jasper.servlet.JspServlet@http-nio-8080-exec-1] JspEngine --> /WEB-INF/views/master/page.jsp 
2022-04-14 19:27:10.589 DEBUG [org.apache.jasper.servlet.JspServlet@http-nio-8080-exec-1] ServletPath: /WEB-INF/views/master/page.jsp 
2022-04-14 19:27:10.589 DEBUG [org.apache.jasper.servlet.JspServlet@http-nio-8080-exec-1] PathInfo: null 
2022-04-14 19:27:10.593 DEBUG [org.apache.jasper.servlet.JspServlet@http-nio-8080-exec-1] RealPath: C:\Users\Usuario\Desktop\UNIVERSIDAD\DP2\Workspace-22.0\Projects\Acme-Toolkits\target\classes\WEB-INF\views\master\page.jsp 
2022-04-14 19:27:10.594 DEBUG [org.apache.jasper.servlet.JspServlet@http-nio-8080-exec-1] RequestURI: /acme-toolkits-22.1/WEB-INF/views/master/page.jsp 
2022-04-14 19:27:10.595 DEBUG [org.apache.jasper.servlet.JspServlet@http-nio-8080-exec-1] QueryString: null 
2022-04-14 19:27:10.861 DEBUG [org.apache.jasper.servlet.JspServlet@http-nio-8080-exec-1] JspEngine --> /WEB-INF/views/patron/patronage-report/list.jsp 
2022-04-14 19:27:10.862 DEBUG [org.apache.jasper.servlet.JspServlet@http-nio-8080-exec-1] ServletPath: /WEB-INF/views/master/page.jsp 
2022-04-14 19:27:10.863 DEBUG [org.apache.jasper.servlet.JspServlet@http-nio-8080-exec-1] PathInfo: null 
2022-04-14 19:27:10.868 DEBUG [org.apache.jasper.servlet.JspServlet@http-nio-8080-exec-1] RealPath: C:\Users\Usuario\Desktop\UNIVERSIDAD\DP2\Workspace-22.0\Projects\Acme-Toolkits\target\classes\WEB-INF\views\patron\patronage-report\list.jsp 
2022-04-14 19:27:10.869 DEBUG [org.apache.jasper.servlet.JspServlet@http-nio-8080-exec-1] RequestURI: /acme-toolkits-22.1/WEB-INF/views/master/page.jsp 
2022-04-14 19:27:10.870 DEBUG [org.apache.jasper.servlet.JspServlet@http-nio-8080-exec-1] QueryString: null 
2022-04-14 19:27:12.702 DEBUG [acme.framework.controllers.AbstractController@http-nio-8080-exec-3] DISPATCHING GET /acme-toolkits-22.1/patron/patronage-report/show 
2022-04-14 19:27:12.702 DEBUG [acme.framework.controllers.AbstractController@http-nio-8080-exec-3] Command: show 
2022-04-14 19:27:12.702 DEBUG [acme.framework.controllers.AbstractController@http-nio-8080-exec-3] Model:   {id=28} 
2022-04-14 19:27:12.702 DEBUG [acme.framework.controllers.AbstractController@http-nio-8080-exec-3] Locale:  en 
2022-04-14 19:27:12.704 DEBUG [org.hibernate.SQL@http-nio-8080-exec-3] select patronager0_.id as id1_0_, patronager0_.version as version2_0_, patronager0_.automatic_sequence_number as automati1_12_, patronager0_.creation_moment as creation2_12_, patronager0_.link as link3_12_, patronager0_.memorandum as memorand4_12_, patronager0_.patronage_id as patronag5_12_ from patronage_report patronager0_ where patronager0_.id=? 
2022-04-14 19:27:12.705 TRACE [org.hibernate.type.descriptor.sql.BasicBinder@http-nio-8080-exec-3] binding parameter [1] as [INTEGER] - [28] 
2022-04-14 19:27:12.707 DEBUG [org.hibernate.SQL@http-nio-8080-exec-3] select patronage0_.id as id1_0_0_, patronage0_.version as version2_0_0_, patronage0_.budget_amount as budget_a1_11_0_, patronage0_.budget_currency as budget_c2_11_0_, patronage0_.code as code3_11_0_, patronage0_.creation_moment_date as creation4_11_0_, patronage0_.final_moment_date as final_mo5_11_0_, patronage0_.inventor_id as invento10_11_0_, patronage0_.legal_stuff as legal_st6_11_0_, patronage0_.link as link7_11_0_, patronage0_.patron_id as patron_11_11_0_, patronage0_.start_moment_date as start_mo8_11_0_, patronage0_.status as status9_11_0_, inventor1_.id as id1_0_1_, inventor1_.version as version2_0_1_, inventor1_.user_account_id as user_acc1_18_1_, inventor1_.company as company1_8_1_, inventor1_.link as link2_8_1_, inventor1_.statement as statemen3_8_1_, useraccoun2_.id as id1_0_2_, useraccoun2_.version as version2_0_2_, useraccoun2_.enabled as enabled1_17_2_, useraccoun2_.identity as identity2_17_2_, useraccoun2_.password as password3_17_2_, useraccoun2_.username as username4_17_2_, patron3_.id as id1_0_3_, patron3_.version as version2_0_3_, patron3_.user_account_id as user_acc1_18_3_, patron3_.company as company1_10_3_, patron3_.link as link2_10_3_, patron3_.statement as statemen3_10_3_, useraccoun4_.id as id1_0_4_, useraccoun4_.version as version2_0_4_, useraccoun4_.enabled as enabled1_17_4_, useraccoun4_.identity as identity2_17_4_, useraccoun4_.password as password3_17_4_, useraccoun4_.username as username4_17_4_ from patronage patronage0_ inner join inventor inventor1_ on patronage0_.inventor_id=inventor1_.id inner join user_account useraccoun2_ on inventor1_.user_account_id=useraccoun2_.id inner join patron patron3_ on patronage0_.patron_id=patron3_.id inner join user_account useraccoun4_ on patron3_.user_account_id=useraccoun4_.id where patronage0_.id=? 
2022-04-14 19:27:12.709 TRACE [org.hibernate.type.descriptor.sql.BasicBinder@http-nio-8080-exec-3] binding parameter [1] as [INTEGER] - [24] 
2022-04-14 19:27:12.718 DEBUG [org.hibernate.SQL@http-nio-8080-exec-3] select patronager0_.id as id1_0_, patronager0_.version as version2_0_, patronager0_.automatic_sequence_number as automati1_12_, patronager0_.creation_moment as creation2_12_, patronager0_.link as link3_12_, patronager0_.memorandum as memorand4_12_, patronager0_.patronage_id as patronag5_12_ from patronage_report patronager0_ where patronager0_.id=? 
2022-04-14 19:27:12.719 TRACE [org.hibernate.type.descriptor.sql.BasicBinder@http-nio-8080-exec-3] binding parameter [1] as [INTEGER] - [28] 
2022-04-14 19:27:12.724 DEBUG [acme.framework.controllers.AbstractController@http-nio-8080-exec-3] SERVING GET /acme-toolkits-22.1/patron/patronage-report/show 
2022-04-14 19:27:12.724 DEBUG [acme.framework.controllers.AbstractController@http-nio-8080-exec-3] Result: ModelAndView [view="patron/patronage-report/form"; model={masterId=14, patronage.code=ASD-123-B, automaticSequenceNumber=ASD-123-B:0001, creationMoment=2021-03-22 12:45:00.0, link=https://yoen.es/, id=28, memorandum=Confidential, version=0, command=show, principal=acme.framework.entities.Principal@4dc776a8}] 
2022-04-14 19:27:12.724 DEBUG [acme.framework.components.tiles.DynamicTilesView@http-nio-8080-exec-3] View name 'patron/patronage-report/form', model {masterId=14, patronage.code=ASD-123-B, automaticSequenceNumber=ASD-123-B:0001, creationMoment=2021-03-22 12:45:00.0, link=https://yoen.es/, id=28, memorandum=Confidential, version=0, command=show, principal=acme.framework.entities.Principal@4dc776a8, org.springframework.validation.BindingResult.principal=org.springframework.validation.BeanPropertyBindingResult: 0 errors} 
2022-04-14 19:27:12.726 DEBUG [org.apache.jasper.servlet.JspServlet@http-nio-8080-exec-3] JspEngine --> /WEB-INF/views/master/page.jsp 
2022-04-14 19:27:12.726 DEBUG [org.apache.jasper.servlet.JspServlet@http-nio-8080-exec-3] ServletPath: /WEB-INF/views/master/page.jsp 
2022-04-14 19:27:12.727 DEBUG [org.apache.jasper.servlet.JspServlet@http-nio-8080-exec-3] PathInfo: null 
2022-04-14 19:27:12.727 DEBUG [org.apache.jasper.servlet.JspServlet@http-nio-8080-exec-3] RealPath: C:\Users\Usuario\Desktop\UNIVERSIDAD\DP2\Workspace-22.0\Projects\Acme-Toolkits\target\classes\WEB-INF\views\master\page.jsp 
2022-04-14 19:27:12.727 DEBUG [org.apache.jasper.servlet.JspServlet@http-nio-8080-exec-3] RequestURI: /acme-toolkits-22.1/WEB-INF/views/master/page.jsp 
2022-04-14 19:27:12.728 DEBUG [org.apache.jasper.servlet.JspServlet@http-nio-8080-exec-3] QueryString: id=28 
2022-04-14 19:27:12.968 DEBUG [org.apache.jasper.servlet.JspServlet@http-nio-8080-exec-3] JspEngine --> /WEB-INF/views/patron/patronage-report/form.jsp 
2022-04-14 19:27:12.969 DEBUG [org.apache.jasper.servlet.JspServlet@http-nio-8080-exec-3] ServletPath: /WEB-INF/views/master/page.jsp 
2022-04-14 19:27:12.971 DEBUG [org.apache.jasper.servlet.JspServlet@http-nio-8080-exec-3] PathInfo: null 
2022-04-14 19:27:12.973 DEBUG [org.apache.jasper.servlet.JspServlet@http-nio-8080-exec-3] RealPath: C:\Users\Usuario\Desktop\UNIVERSIDAD\DP2\Workspace-22.0\Projects\Acme-Toolkits\target\classes\WEB-INF\views\patron\patronage-report\form.jsp 
2022-04-14 19:27:12.974 DEBUG [org.apache.jasper.servlet.JspServlet@http-nio-8080-exec-3] RequestURI: /acme-toolkits-22.1/WEB-INF/views/master/page.jsp 
2022-04-14 19:27:12.975 DEBUG [org.apache.jasper.servlet.JspServlet@http-nio-8080-exec-3] QueryString: id=28 
2022-04-14 19:27:19.512 DEBUG [acme.framework.controllers.AbstractController@http-nio-8080-exec-6] DISPATCHING GET /acme-toolkits-22.1/patron/patronage-report/list 
2022-04-14 19:27:19.512 DEBUG [acme.framework.controllers.AbstractController@http-nio-8080-exec-6] Command: list 
2022-04-14 19:27:19.512 DEBUG [acme.framework.controllers.AbstractController@http-nio-8080-exec-6] Model:   {} 
2022-04-14 19:27:19.512 DEBUG [acme.framework.controllers.AbstractController@http-nio-8080-exec-6] Locale:  en 
2022-04-14 19:27:19.514 DEBUG [org.hibernate.SQL@http-nio-8080-exec-6] select patronager0_.id as id1_0_, patronager0_.version as version2_0_, patronager0_.automatic_sequence_number as automati1_12_, patronager0_.creation_moment as creation2_12_, patronager0_.link as link3_12_, patronager0_.memorandum as memorand4_12_, patronager0_.patronage_id as patronag5_12_ from patronage_report patronager0_ cross join patronage patronage1_ where patronager0_.patronage_id=patronage1_.id and patronage1_.patron_id=? 
2022-04-14 19:27:19.515 TRACE [org.hibernate.type.descriptor.sql.BasicBinder@http-nio-8080-exec-6] binding parameter [1] as [INTEGER] - [11] 
2022-04-14 19:27:19.518 DEBUG [org.hibernate.SQL@http-nio-8080-exec-6] select patronage0_.id as id1_0_0_, patronage0_.version as version2_0_0_, patronage0_.budget_amount as budget_a1_11_0_, patronage0_.budget_currency as budget_c2_11_0_, patronage0_.code as code3_11_0_, patronage0_.creation_moment_date as creation4_11_0_, patronage0_.final_moment_date as final_mo5_11_0_, patronage0_.inventor_id as invento10_11_0_, patronage0_.legal_stuff as legal_st6_11_0_, patronage0_.link as link7_11_0_, patronage0_.patron_id as patron_11_11_0_, patronage0_.start_moment_date as start_mo8_11_0_, patronage0_.status as status9_11_0_, inventor1_.id as id1_0_1_, inventor1_.version as version2_0_1_, inventor1_.user_account_id as user_acc1_18_1_, inventor1_.company as company1_8_1_, inventor1_.link as link2_8_1_, inventor1_.statement as statemen3_8_1_, useraccoun2_.id as id1_0_2_, useraccoun2_.version as version2_0_2_, useraccoun2_.enabled as enabled1_17_2_, useraccoun2_.identity as identity2_17_2_, useraccoun2_.password as password3_17_2_, useraccoun2_.username as username4_17_2_, patron3_.id as id1_0_3_, patron3_.version as version2_0_3_, patron3_.user_account_id as user_acc1_18_3_, patron3_.company as company1_10_3_, patron3_.link as link2_10_3_, patron3_.statement as statemen3_10_3_, useraccoun4_.id as id1_0_4_, useraccoun4_.version as version2_0_4_, useraccoun4_.enabled as enabled1_17_4_, useraccoun4_.identity as identity2_17_4_, useraccoun4_.password as password3_17_4_, useraccoun4_.username as username4_17_4_ from patronage patronage0_ inner join inventor inventor1_ on patronage0_.inventor_id=inventor1_.id inner join user_account useraccoun2_ on inventor1_.user_account_id=useraccoun2_.id inner join patron patron3_ on patronage0_.patron_id=patron3_.id inner join user_account useraccoun4_ on patron3_.user_account_id=useraccoun4_.id where patronage0_.id=? 
2022-04-14 19:27:19.519 TRACE [org.hibernate.type.descriptor.sql.BasicBinder@http-nio-8080-exec-6] binding parameter [1] as [INTEGER] - [25] 
2022-04-14 19:27:19.526 DEBUG [org.hibernate.SQL@http-nio-8080-exec-6] select patronage0_.id as id1_0_0_, patronage0_.version as version2_0_0_, patronage0_.budget_amount as budget_a1_11_0_, patronage0_.budget_currency as budget_c2_11_0_, patronage0_.code as code3_11_0_, patronage0_.creation_moment_date as creation4_11_0_, patronage0_.final_moment_date as final_mo5_11_0_, patronage0_.inventor_id as invento10_11_0_, patronage0_.legal_stuff as legal_st6_11_0_, patronage0_.link as link7_11_0_, patronage0_.patron_id as patron_11_11_0_, patronage0_.start_moment_date as start_mo8_11_0_, patronage0_.status as status9_11_0_, inventor1_.id as id1_0_1_, inventor1_.version as version2_0_1_, inventor1_.user_account_id as user_acc1_18_1_, inventor1_.company as company1_8_1_, inventor1_.link as link2_8_1_, inventor1_.statement as statemen3_8_1_, useraccoun2_.id as id1_0_2_, useraccoun2_.version as version2_0_2_, useraccoun2_.enabled as enabled1_17_2_, useraccoun2_.identity as identity2_17_2_, useraccoun2_.password as password3_17_2_, useraccoun2_.username as username4_17_2_, patron3_.id as id1_0_3_, patron3_.version as version2_0_3_, patron3_.user_account_id as user_acc1_18_3_, patron3_.company as company1_10_3_, patron3_.link as link2_10_3_, patron3_.statement as statemen3_10_3_, useraccoun4_.id as id1_0_4_, useraccoun4_.version as version2_0_4_, useraccoun4_.enabled as enabled1_17_4_, useraccoun4_.identity as identity2_17_4_, useraccoun4_.password as password3_17_4_, useraccoun4_.username as username4_17_4_ from patronage patronage0_ inner join inventor inventor1_ on patronage0_.inventor_id=inventor1_.id inner join user_account useraccoun2_ on inventor1_.user_account_id=useraccoun2_.id inner join patron patron3_ on patronage0_.patron_id=patron3_.id inner join user_account useraccoun4_ on patron3_.user_account_id=useraccoun4_.id where patronage0_.id=? 
2022-04-14 19:27:19.527 TRACE [org.hibernate.type.descriptor.sql.BasicBinder@http-nio-8080-exec-6] binding parameter [1] as [INTEGER] - [24] 
2022-04-14 19:27:19.535 DEBUG [acme.framework.controllers.AbstractController@http-nio-8080-exec-6] SERVING GET /acme-toolkits-22.1/patron/patronage-report/list 
2022-04-14 19:27:19.535 DEBUG [acme.framework.controllers.AbstractController@http-nio-8080-exec-6] Result: ModelAndView [view="patron/patronage-report/list"; model={version[2]=0, version[1]=0, memorandum[0]=Addendum, automaticSequenceNumber[1]=ASD-123-B:0001, automaticSequenceNumber[0]=ASD-123-C:0002, memorandum[1]=Confidential, automaticSequenceNumber[2]=ASD-123-C:0001, list$size=3, memorandum[2]=Initial negotiation, creationMoment[2]=2022-01-22 16:17:00.0, version[0]=0, creationMoment[1]=2021-03-22 12:45:00.0, creationMoment[0]=2022-02-01 08:30:00.0, id[1]=28, id[0]=27, id[2]=29, command=list, principal=acme.framework.entities.Principal@4dc776a8}] 
2022-04-14 19:27:19.535 DEBUG [acme.framework.components.tiles.DynamicTilesView@http-nio-8080-exec-6] View name 'patron/patronage-report/list', model {version[2]=0, version[1]=0, memorandum[0]=Addendum, automaticSequenceNumber[1]=ASD-123-B:0001, automaticSequenceNumber[0]=ASD-123-C:0002, memorandum[1]=Confidential, automaticSequenceNumber[2]=ASD-123-C:0001, list$size=3, memorandum[2]=Initial negotiation, creationMoment[2]=2022-01-22 16:17:00.0, version[0]=0, creationMoment[1]=2021-03-22 12:45:00.0, creationMoment[0]=2022-02-01 08:30:00.0, id[1]=28, id[0]=27, id[2]=29, command=list, principal=acme.framework.entities.Principal@4dc776a8, org.springframework.validation.BindingResult.principal=org.springframework.validation.BeanPropertyBindingResult: 0 errors} 
2022-04-14 19:27:19.537 DEBUG [org.apache.jasper.servlet.JspServlet@http-nio-8080-exec-6] JspEngine --> /WEB-INF/views/master/page.jsp 
2022-04-14 19:27:19.538 DEBUG [org.apache.jasper.servlet.JspServlet@http-nio-8080-exec-6] ServletPath: /WEB-INF/views/master/page.jsp 
2022-04-14 19:27:19.538 DEBUG [org.apache.jasper.servlet.JspServlet@http-nio-8080-exec-6] PathInfo: null 
2022-04-14 19:27:19.540 DEBUG [org.apache.jasper.servlet.JspServlet@http-nio-8080-exec-6] RealPath: C:\Users\Usuario\Desktop\UNIVERSIDAD\DP2\Workspace-22.0\Projects\Acme-Toolkits\target\classes\WEB-INF\views\master\page.jsp 
2022-04-14 19:27:19.541 DEBUG [org.apache.jasper.servlet.JspServlet@http-nio-8080-exec-6] RequestURI: /acme-toolkits-22.1/WEB-INF/views/master/page.jsp 
2022-04-14 19:27:19.541 DEBUG [org.apache.jasper.servlet.JspServlet@http-nio-8080-exec-6] QueryString: null 
2022-04-14 19:27:19.723 DEBUG [org.apache.jasper.servlet.JspServlet@http-nio-8080-exec-6] JspEngine --> /WEB-INF/views/patron/patronage-report/list.jsp 
2022-04-14 19:27:19.724 DEBUG [org.apache.jasper.servlet.JspServlet@http-nio-8080-exec-6] ServletPath: /WEB-INF/views/master/page.jsp 
2022-04-14 19:27:19.725 DEBUG [org.apache.jasper.servlet.JspServlet@http-nio-8080-exec-6] PathInfo: null 
2022-04-14 19:27:19.728 DEBUG [org.apache.jasper.servlet.JspServlet@http-nio-8080-exec-6] RealPath: C:\Users\Usuario\Desktop\UNIVERSIDAD\DP2\Workspace-22.0\Projects\Acme-Toolkits\target\classes\WEB-INF\views\patron\patronage-report\list.jsp 
2022-04-14 19:27:19.729 DEBUG [org.apache.jasper.servlet.JspServlet@http-nio-8080-exec-6] RequestURI: /acme-toolkits-22.1/WEB-INF/views/master/page.jsp 
2022-04-14 19:27:19.730 DEBUG [org.apache.jasper.servlet.JspServlet@http-nio-8080-exec-6] QueryString: null 
