2022-02-26 17:03:02.850 INFO  [acme.Launcher@main] Starting Launcher using Java 1.8.0_281 on DESKTOP-5JLGSM0 with PID 8032 (C:\Users\Usuario\Desktop\UNIVERSIDAD\DP2\Workspace-22.0\Frameworks\Acme-Framework-22.1\target\classes started by Usuario in C:\Users\Usuario\Desktop\UNIVERSIDAD\DP2\Workspace-22.0\Projects\Acme-Toolkits) 
2022-02-26 17:03:02.851 DEBUG [acme.Launcher@main] Running with Spring Boot v2.4.2, Spring v5.3.3 
2022-02-26 17:03:02.853 INFO  [acme.Launcher@main] The following profiles are active: development,inquirer 
2022-02-26 17:03:05.925 DEBUG [org.apache.jasper.servlet.JasperInitializer@main] Initializing Jasper for context [application] 
2022-02-26 17:03:11.142 DEBUG [org.apache.jasper.servlet.JspServlet@main] Scratch dir for the JSP engine is: [C:\Users\Usuario\AppData\Local\Temp\tomcat.8082.1983959161852912751\work\Tomcat\localhost\acme-toolkits-22.1] 
2022-02-26 17:03:11.142 DEBUG [org.apache.jasper.servlet.JspServlet@main] IMPORTANT: Do not modify the generated servlets 
2022-02-26 17:03:11.154 INFO  [acme.Launcher@main] Started Launcher in 9.058 seconds (JVM running for 9.636) 
2022-02-26 17:03:11.158 DEBUG [acme.Launcher@main] Found classpath entry '/C:/Users/Usuario/Desktop/UNIVERSIDAD/DP2/Workspace-22.0/Projects/Acme-Toolkits/target/test-classes/' 
2022-02-26 17:03:11.158 DEBUG [acme.Launcher@main] Found classpath entry '/C:/Users/Usuario/Desktop/UNIVERSIDAD/DP2/Workspace-22.0/Projects/Acme-Toolkits/target/classes/' 
2022-02-26 17:03:11.159 DEBUG [acme.Launcher@main] Found classpath entry '/C:/Users/Usuario/Desktop/UNIVERSIDAD/DP2/Workspace-22.0/Frameworks/Acme-Framework-22.1/target/classes/' 
2022-02-26 17:03:11.159 DEBUG [acme.Launcher@main] Found classpath entry '/C:/Users/Usuario/Desktop/UNIVERSIDAD/DP2/Workspace-22.0/Frameworks/Acme-Framework-22.1/target/test-classes/' 
2022-02-26 17:03:11.159 DEBUG [acme.Launcher@main] Found classpath entry '/C:/Users/Usuario/.m2/repository/org/springframework/boot/spring-boot-starter-tomcat/2.4.2/spring-boot-starter-tomcat-2.4.2.jar' 
2022-02-26 17:03:11.159 DEBUG [acme.Launcher@main] Found classpath entry '/C:/Users/Usuario/.m2/repository/jakarta/annotation/jakarta.annotation-api/1.3.5/jakarta.annotation-api-1.3.5.jar' 
2022-02-26 17:03:11.159 DEBUG [acme.Launcher@main] Found classpath entry '/C:/Users/Usuario/.m2/repository/org/apache/tomcat/embed/tomcat-embed-core/9.0.41/tomcat-embed-core-9.0.41.jar' 
2022-02-26 17:03:11.160 DEBUG [acme.Launcher@main] Found classpath entry '/C:/Users/Usuario/.m2/repository/org/glassfish/jakarta.el/3.0.3/jakarta.el-3.0.3.jar' 
2022-02-26 17:03:11.160 DEBUG [acme.Launcher@main] Found classpath entry '/C:/Users/Usuario/.m2/repository/org/apache/tomcat/embed/tomcat-embed-websocket/9.0.41/tomcat-embed-websocket-9.0.41.jar' 
2022-02-26 17:03:11.160 DEBUG [acme.Launcher@main] Found classpath entry '/C:/Users/Usuario/.m2/repository/org/apache/tomcat/embed/tomcat-embed-jasper/9.0.41/tomcat-embed-jasper-9.0.41.jar' 
2022-02-26 17:03:11.160 DEBUG [acme.Launcher@main] Found classpath entry '/C:/Users/Usuario/.m2/repository/org/apache/tomcat/embed/tomcat-embed-el/9.0.41/tomcat-embed-el-9.0.41.jar' 
2022-02-26 17:03:11.160 DEBUG [acme.Launcher@main] Found classpath entry '/C:/Users/Usuario/.m2/repository/org/eclipse/jdt/ecj/3.18.0/ecj-3.18.0.jar' 
2022-02-26 17:03:11.160 DEBUG [acme.Launcher@main] Found classpath entry '/C:/Users/Usuario/.m2/repository/javax/servlet/jstl/1.2/jstl-1.2.jar' 
2022-02-26 17:03:11.160 DEBUG [acme.Launcher@main] Found classpath entry '/C:/Users/Usuario/.m2/repository/org/springframework/boot/spring-boot-starter-test/2.4.2/spring-boot-starter-test-2.4.2.jar' 
2022-02-26 17:03:11.161 DEBUG [acme.Launcher@main] Found classpath entry '/C:/Users/Usuario/.m2/repository/org/springframework/boot/spring-boot-starter/2.4.2/spring-boot-starter-2.4.2.jar' 
2022-02-26 17:03:11.161 DEBUG [acme.Launcher@main] Found classpath entry '/C:/Users/Usuario/.m2/repository/org/springframework/boot/spring-boot/2.4.2/spring-boot-2.4.2.jar' 
2022-02-26 17:03:11.161 DEBUG [acme.Launcher@main] Found classpath entry '/C:/Users/Usuario/.m2/repository/org/springframework/boot/spring-boot-autoconfigure/2.4.2/spring-boot-autoconfigure-2.4.2.jar' 
2022-02-26 17:03:11.161 DEBUG [acme.Launcher@main] Found classpath entry '/C:/Users/Usuario/.m2/repository/org/springframework/boot/spring-boot-starter-logging/2.4.2/spring-boot-starter-logging-2.4.2.jar' 
2022-02-26 17:03:11.161 DEBUG [acme.Launcher@main] Found classpath entry '/C:/Users/Usuario/.m2/repository/ch/qos/logback/logback-classic/1.2.3/logback-classic-1.2.3.jar' 
2022-02-26 17:03:11.161 DEBUG [acme.Launcher@main] Found classpath entry '/C:/Users/Usuario/.m2/repository/ch/qos/logback/logback-core/1.2.3/logback-core-1.2.3.jar' 
2022-02-26 17:03:11.162 DEBUG [acme.Launcher@main] Found classpath entry '/C:/Users/Usuario/.m2/repository/org/apache/logging/log4j/log4j-to-slf4j/2.13.3/log4j-to-slf4j-2.13.3.jar' 
2022-02-26 17:03:11.162 DEBUG [acme.Launcher@main] Found classpath entry '/C:/Users/Usuario/.m2/repository/org/apache/logging/log4j/log4j-api/2.13.3/log4j-api-2.13.3.jar' 
2022-02-26 17:03:11.162 DEBUG [acme.Launcher@main] Found classpath entry '/C:/Users/Usuario/.m2/repository/org/slf4j/jul-to-slf4j/1.7.30/jul-to-slf4j-1.7.30.jar' 
2022-02-26 17:03:11.162 DEBUG [acme.Launcher@main] Found classpath entry '/C:/Users/Usuario/.m2/repository/org/yaml/snakeyaml/1.27/snakeyaml-1.27.jar' 
2022-02-26 17:03:11.162 DEBUG [acme.Launcher@main] Found classpath entry '/C:/Users/Usuario/.m2/repository/org/springframework/boot/spring-boot-test/2.4.2/spring-boot-test-2.4.2.jar' 
2022-02-26 17:03:11.163 DEBUG [acme.Launcher@main] Found classpath entry '/C:/Users/Usuario/.m2/repository/org/springframework/boot/spring-boot-test-autoconfigure/2.4.2/spring-boot-test-autoconfigure-2.4.2.jar' 
2022-02-26 17:03:11.163 DEBUG [acme.Launcher@main] Found classpath entry '/C:/Users/Usuario/.m2/repository/com/jayway/jsonpath/json-path/2.4.0/json-path-2.4.0.jar' 
2022-02-26 17:03:11.163 DEBUG [acme.Launcher@main] Found classpath entry '/C:/Users/Usuario/.m2/repository/net/minidev/json-smart/2.3/json-smart-2.3.jar' 
2022-02-26 17:03:11.163 DEBUG [acme.Launcher@main] Found classpath entry '/C:/Users/Usuario/.m2/repository/net/minidev/accessors-smart/1.2/accessors-smart-1.2.jar' 
2022-02-26 17:03:11.163 DEBUG [acme.Launcher@main] Found classpath entry '/C:/Users/Usuario/.m2/repository/org/ow2/asm/asm/5.0.4/asm-5.0.4.jar' 
2022-02-26 17:03:11.164 DEBUG [acme.Launcher@main] Found classpath entry '/C:/Users/Usuario/.m2/repository/jakarta/xml/bind/jakarta.xml.bind-api/2.3.3/jakarta.xml.bind-api-2.3.3.jar' 
2022-02-26 17:03:11.164 DEBUG [acme.Launcher@main] Found classpath entry '/C:/Users/Usuario/.m2/repository/jakarta/activation/jakarta.activation-api/1.2.2/jakarta.activation-api-1.2.2.jar' 
2022-02-26 17:03:11.164 DEBUG [acme.Launcher@main] Found classpath entry '/C:/Users/Usuario/.m2/repository/org/assertj/assertj-core/3.18.1/assertj-core-3.18.1.jar' 
2022-02-26 17:03:11.165 DEBUG [acme.Launcher@main] Found classpath entry '/C:/Users/Usuario/.m2/repository/org/hamcrest/hamcrest/2.2/hamcrest-2.2.jar' 
2022-02-26 17:03:11.165 DEBUG [acme.Launcher@main] Found classpath entry '/C:/Users/Usuario/.m2/repository/org/junit/jupiter/junit-jupiter/5.7.0/junit-jupiter-5.7.0.jar' 
2022-02-26 17:03:11.165 DEBUG [acme.Launcher@main] Found classpath entry '/C:/Users/Usuario/.m2/repository/org/mockito/mockito-core/3.6.28/mockito-core-3.6.28.jar' 
2022-02-26 17:03:11.165 DEBUG [acme.Launcher@main] Found classpath entry '/C:/Users/Usuario/.m2/repository/net/bytebuddy/byte-buddy-agent/1.10.19/byte-buddy-agent-1.10.19.jar' 
2022-02-26 17:03:11.165 DEBUG [acme.Launcher@main] Found classpath entry '/C:/Users/Usuario/.m2/repository/org/objenesis/objenesis/3.1/objenesis-3.1.jar' 
2022-02-26 17:03:11.166 DEBUG [acme.Launcher@main] Found classpath entry '/C:/Users/Usuario/.m2/repository/org/mockito/mockito-junit-jupiter/3.6.28/mockito-junit-jupiter-3.6.28.jar' 
2022-02-26 17:03:11.166 DEBUG [acme.Launcher@main] Found classpath entry '/C:/Users/Usuario/.m2/repository/org/skyscreamer/jsonassert/1.5.0/jsonassert-1.5.0.jar' 
2022-02-26 17:03:11.166 DEBUG [acme.Launcher@main] Found classpath entry '/C:/Users/Usuario/.m2/repository/com/vaadin/external/google/android-json/0.0.20131108.vaadin1/android-json-0.0.20131108.vaadin1.jar' 
2022-02-26 17:03:11.166 DEBUG [acme.Launcher@main] Found classpath entry '/C:/Users/Usuario/.m2/repository/org/springframework/spring-core/5.3.3/spring-core-5.3.3.jar' 
2022-02-26 17:03:11.167 DEBUG [acme.Launcher@main] Found classpath entry '/C:/Users/Usuario/.m2/repository/org/springframework/spring-jcl/5.3.3/spring-jcl-5.3.3.jar' 
2022-02-26 17:03:11.167 DEBUG [acme.Launcher@main] Found classpath entry '/C:/Users/Usuario/.m2/repository/org/springframework/spring-test/5.3.3/spring-test-5.3.3.jar' 
2022-02-26 17:03:11.167 DEBUG [acme.Launcher@main] Found classpath entry '/C:/Users/Usuario/.m2/repository/org/xmlunit/xmlunit-core/2.7.0/xmlunit-core-2.7.0.jar' 
2022-02-26 17:03:11.167 DEBUG [acme.Launcher@main] Found classpath entry '/C:/Users/Usuario/.m2/repository/org/springframework/boot/spring-boot-starter-security/2.4.2/spring-boot-starter-security-2.4.2.jar' 
2022-02-26 17:03:11.167 DEBUG [acme.Launcher@main] Found classpath entry '/C:/Users/Usuario/.m2/repository/org/springframework/spring-aop/5.3.3/spring-aop-5.3.3.jar' 
2022-02-26 17:03:11.168 DEBUG [acme.Launcher@main] Found classpath entry '/C:/Users/Usuario/.m2/repository/org/springframework/security/spring-security-web/5.4.2/spring-security-web-5.4.2.jar' 
2022-02-26 17:03:11.168 DEBUG [acme.Launcher@main] Found classpath entry '/C:/Users/Usuario/.m2/repository/org/springframework/security/spring-security-core/5.4.2/spring-security-core-5.4.2.jar' 
2022-02-26 17:03:11.168 DEBUG [acme.Launcher@main] Found classpath entry '/C:/Users/Usuario/.m2/repository/org/springframework/spring-beans/5.3.3/spring-beans-5.3.3.jar' 
2022-02-26 17:03:11.168 DEBUG [acme.Launcher@main] Found classpath entry '/C:/Users/Usuario/.m2/repository/org/springframework/spring-context/5.3.3/spring-context-5.3.3.jar' 
2022-02-26 17:03:11.168 DEBUG [acme.Launcher@main] Found classpath entry '/C:/Users/Usuario/.m2/repository/org/springframework/spring-expression/5.3.3/spring-expression-5.3.3.jar' 
2022-02-26 17:03:11.169 DEBUG [acme.Launcher@main] Found classpath entry '/C:/Users/Usuario/.m2/repository/org/springframework/spring-web/5.3.3/spring-web-5.3.3.jar' 
2022-02-26 17:03:11.169 DEBUG [acme.Launcher@main] Found classpath entry '/C:/Users/Usuario/.m2/repository/org/springframework/security/spring-security-config/5.4.2/spring-security-config-5.4.2.jar' 
2022-02-26 17:03:11.169 DEBUG [acme.Launcher@main] Found classpath entry '/C:/Users/Usuario/.m2/repository/org/springframework/security/spring-security-taglibs/5.4.2/spring-security-taglibs-5.4.2.jar' 
2022-02-26 17:03:11.169 DEBUG [acme.Launcher@main] Found classpath entry '/C:/Users/Usuario/.m2/repository/org/springframework/security/spring-security-acl/5.4.2/spring-security-acl-5.4.2.jar' 
2022-02-26 17:03:11.170 DEBUG [acme.Launcher@main] Found classpath entry '/C:/Users/Usuario/.m2/repository/org/springframework/spring-jdbc/5.3.3/spring-jdbc-5.3.3.jar' 
2022-02-26 17:03:11.170 DEBUG [acme.Launcher@main] Found classpath entry '/C:/Users/Usuario/.m2/repository/org/springframework/spring-tx/5.3.3/spring-tx-5.3.3.jar' 
2022-02-26 17:03:11.170 DEBUG [acme.Launcher@main] Found classpath entry '/C:/Users/Usuario/.m2/repository/org/springframework/boot/spring-boot-starter-web/2.4.2/spring-boot-starter-web-2.4.2.jar' 
2022-02-26 17:03:11.170 DEBUG [acme.Launcher@main] Found classpath entry '/C:/Users/Usuario/.m2/repository/org/springframework/boot/spring-boot-starter-json/2.4.2/spring-boot-starter-json-2.4.2.jar' 
2022-02-26 17:03:11.170 DEBUG [acme.Launcher@main] Found classpath entry '/C:/Users/Usuario/.m2/repository/com/fasterxml/jackson/core/jackson-databind/2.11.4/jackson-databind-2.11.4.jar' 
2022-02-26 17:03:11.170 DEBUG [acme.Launcher@main] Found classpath entry '/C:/Users/Usuario/.m2/repository/com/fasterxml/jackson/core/jackson-annotations/2.11.4/jackson-annotations-2.11.4.jar' 
2022-02-26 17:03:11.170 DEBUG [acme.Launcher@main] Found classpath entry '/C:/Users/Usuario/.m2/repository/com/fasterxml/jackson/core/jackson-core/2.11.4/jackson-core-2.11.4.jar' 
2022-02-26 17:03:11.170 DEBUG [acme.Launcher@main] Found classpath entry '/C:/Users/Usuario/.m2/repository/com/fasterxml/jackson/datatype/jackson-datatype-jdk8/2.11.4/jackson-datatype-jdk8-2.11.4.jar' 
2022-02-26 17:03:11.171 DEBUG [acme.Launcher@main] Found classpath entry '/C:/Users/Usuario/.m2/repository/com/fasterxml/jackson/datatype/jackson-datatype-jsr310/2.11.4/jackson-datatype-jsr310-2.11.4.jar' 
2022-02-26 17:03:11.171 DEBUG [acme.Launcher@main] Found classpath entry '/C:/Users/Usuario/.m2/repository/com/fasterxml/jackson/module/jackson-module-parameter-names/2.11.4/jackson-module-parameter-names-2.11.4.jar' 
2022-02-26 17:03:11.171 DEBUG [acme.Launcher@main] Found classpath entry '/C:/Users/Usuario/.m2/repository/org/springframework/spring-webmvc/5.3.3/spring-webmvc-5.3.3.jar' 
2022-02-26 17:03:11.171 DEBUG [acme.Launcher@main] Found classpath entry '/C:/Users/Usuario/.m2/repository/org/apache/tiles/tiles-jsp/3.0.8/tiles-jsp-3.0.8.jar' 
2022-02-26 17:03:11.171 DEBUG [acme.Launcher@main] Found classpath entry '/C:/Users/Usuario/.m2/repository/org/apache/tiles/tiles-servlet/3.0.8/tiles-servlet-3.0.8.jar' 
2022-02-26 17:03:11.171 DEBUG [acme.Launcher@main] Found classpath entry '/C:/Users/Usuario/.m2/repository/org/apache/tiles/tiles-core/3.0.8/tiles-core-3.0.8.jar' 
2022-02-26 17:03:11.171 DEBUG [acme.Launcher@main] Found classpath entry '/C:/Users/Usuario/.m2/repository/commons-digester/commons-digester/2.0/commons-digester-2.0.jar' 
2022-02-26 17:03:11.171 DEBUG [acme.Launcher@main] Found classpath entry '/C:/Users/Usuario/.m2/repository/org/slf4j/jcl-over-slf4j/1.7.30/jcl-over-slf4j-1.7.30.jar' 
2022-02-26 17:03:11.171 DEBUG [acme.Launcher@main] Found classpath entry '/C:/Users/Usuario/.m2/repository/org/apache/tiles/tiles-request-servlet/1.0.7/tiles-request-servlet-1.0.7.jar' 
2022-02-26 17:03:11.172 DEBUG [acme.Launcher@main] Found classpath entry '/C:/Users/Usuario/.m2/repository/org/apache/tiles/tiles-template/3.0.8/tiles-template-3.0.8.jar' 
2022-02-26 17:03:11.172 DEBUG [acme.Launcher@main] Found classpath entry '/C:/Users/Usuario/.m2/repository/org/apache/tiles/tiles-api/3.0.8/tiles-api-3.0.8.jar' 
2022-02-26 17:03:11.172 DEBUG [acme.Launcher@main] Found classpath entry '/C:/Users/Usuario/.m2/repository/org/apache/tiles/tiles-autotag-core-runtime/1.2/tiles-autotag-core-runtime-1.2.jar' 
2022-02-26 17:03:11.172 DEBUG [acme.Launcher@main] Found classpath entry '/C:/Users/Usuario/.m2/repository/org/slf4j/slf4j-api/1.7.30/slf4j-api-1.7.30.jar' 
2022-02-26 17:03:11.172 DEBUG [acme.Launcher@main] Found classpath entry '/C:/Users/Usuario/.m2/repository/org/apache/tiles/tiles-request-jsp/1.0.7/tiles-request-jsp-1.0.7.jar' 
2022-02-26 17:03:11.172 DEBUG [acme.Launcher@main] Found classpath entry '/C:/Users/Usuario/.m2/repository/org/apache/tiles/tiles-request-api/1.0.7/tiles-request-api-1.0.7.jar' 
2022-02-26 17:03:11.172 DEBUG [acme.Launcher@main] Found classpath entry '/C:/Users/Usuario/.m2/repository/org/springframework/boot/spring-boot-starter-data-jpa/2.4.2/spring-boot-starter-data-jpa-2.4.2.jar' 
2022-02-26 17:03:11.172 DEBUG [acme.Launcher@main] Found classpath entry '/C:/Users/Usuario/.m2/repository/org/springframework/boot/spring-boot-starter-aop/2.4.2/spring-boot-starter-aop-2.4.2.jar' 
2022-02-26 17:03:11.173 DEBUG [acme.Launcher@main] Found classpath entry '/C:/Users/Usuario/.m2/repository/org/aspectj/aspectjweaver/1.9.6/aspectjweaver-1.9.6.jar' 
2022-02-26 17:03:11.173 DEBUG [acme.Launcher@main] Found classpath entry '/C:/Users/Usuario/.m2/repository/org/springframework/boot/spring-boot-starter-jdbc/2.4.2/spring-boot-starter-jdbc-2.4.2.jar' 
2022-02-26 17:03:11.173 DEBUG [acme.Launcher@main] Found classpath entry '/C:/Users/Usuario/.m2/repository/jakarta/transaction/jakarta.transaction-api/1.3.3/jakarta.transaction-api-1.3.3.jar' 
2022-02-26 17:03:11.173 DEBUG [acme.Launcher@main] Found classpath entry '/C:/Users/Usuario/.m2/repository/jakarta/persistence/jakarta.persistence-api/2.2.3/jakarta.persistence-api-2.2.3.jar' 
2022-02-26 17:03:11.173 DEBUG [acme.Launcher@main] Found classpath entry '/C:/Users/Usuario/.m2/repository/org/hibernate/hibernate-core/5.4.27.Final/hibernate-core-5.4.27.Final.jar' 
2022-02-26 17:03:11.173 DEBUG [acme.Launcher@main] Found classpath entry '/C:/Users/Usuario/.m2/repository/org/jboss/logging/jboss-logging/3.4.1.Final/jboss-logging-3.4.1.Final.jar' 
2022-02-26 17:03:11.173 DEBUG [acme.Launcher@main] Found classpath entry '/C:/Users/Usuario/.m2/repository/org/javassist/javassist/3.27.0-GA/javassist-3.27.0-GA.jar' 
2022-02-26 17:03:11.173 DEBUG [acme.Launcher@main] Found classpath entry '/C:/Users/Usuario/.m2/repository/antlr/antlr/2.7.7/antlr-2.7.7.jar' 
2022-02-26 17:03:11.174 DEBUG [acme.Launcher@main] Found classpath entry '/C:/Users/Usuario/.m2/repository/org/jboss/jandex/2.1.3.Final/jandex-2.1.3.Final.jar' 
2022-02-26 17:03:11.174 DEBUG [acme.Launcher@main] Found classpath entry '/C:/Users/Usuario/.m2/repository/com/fasterxml/classmate/1.5.1/classmate-1.5.1.jar' 
2022-02-26 17:03:11.174 DEBUG [acme.Launcher@main] Found classpath entry '/C:/Users/Usuario/.m2/repository/org/dom4j/dom4j/2.1.3/dom4j-2.1.3.jar' 
2022-02-26 17:03:11.174 DEBUG [acme.Launcher@main] Found classpath entry '/C:/Users/Usuario/.m2/repository/org/hibernate/common/hibernate-commons-annotations/5.1.2.Final/hibernate-commons-annotations-5.1.2.Final.jar' 
2022-02-26 17:03:11.174 DEBUG [acme.Launcher@main] Found classpath entry '/C:/Users/Usuario/.m2/repository/org/glassfish/jaxb/jaxb-runtime/2.3.3/jaxb-runtime-2.3.3.jar' 
2022-02-26 17:03:11.174 DEBUG [acme.Launcher@main] Found classpath entry '/C:/Users/Usuario/.m2/repository/org/glassfish/jaxb/txw2/2.3.3/txw2-2.3.3.jar' 
2022-02-26 17:03:11.174 DEBUG [acme.Launcher@main] Found classpath entry '/C:/Users/Usuario/.m2/repository/com/sun/istack/istack-commons-runtime/3.0.11/istack-commons-runtime-3.0.11.jar' 
2022-02-26 17:03:11.174 DEBUG [acme.Launcher@main] Found classpath entry '/C:/Users/Usuario/.m2/repository/com/sun/activation/jakarta.activation/1.2.2/jakarta.activation-1.2.2.jar' 
2022-02-26 17:03:11.174 DEBUG [acme.Launcher@main] Found classpath entry '/C:/Users/Usuario/.m2/repository/org/springframework/data/spring-data-jpa/2.4.3/spring-data-jpa-2.4.3.jar' 
2022-02-26 17:03:11.175 DEBUG [acme.Launcher@main] Found classpath entry '/C:/Users/Usuario/.m2/repository/org/springframework/data/spring-data-commons/2.4.3/spring-data-commons-2.4.3.jar' 
2022-02-26 17:03:11.175 DEBUG [acme.Launcher@main] Found classpath entry '/C:/Users/Usuario/.m2/repository/org/springframework/spring-orm/5.3.3/spring-orm-5.3.3.jar' 
2022-02-26 17:03:11.175 DEBUG [acme.Launcher@main] Found classpath entry '/C:/Users/Usuario/.m2/repository/org/springframework/spring-aspects/5.3.3/spring-aspects-5.3.3.jar' 
2022-02-26 17:03:11.175 DEBUG [acme.Launcher@main] Found classpath entry '/C:/Users/Usuario/.m2/repository/org/springframework/boot/spring-boot-starter-validation/2.4.2/spring-boot-starter-validation-2.4.2.jar' 
2022-02-26 17:03:11.175 DEBUG [acme.Launcher@main] Found classpath entry '/C:/Users/Usuario/.m2/repository/org/hibernate/validator/hibernate-validator/6.1.7.Final/hibernate-validator-6.1.7.Final.jar' 
2022-02-26 17:03:11.175 DEBUG [acme.Launcher@main] Found classpath entry '/C:/Users/Usuario/.m2/repository/jakarta/validation/jakarta.validation-api/2.0.2/jakarta.validation-api-2.0.2.jar' 
2022-02-26 17:03:11.175 DEBUG [acme.Launcher@main] Found classpath entry '/C:/Users/Usuario/.m2/repository/mysql/mysql-connector-java/8.0.22/mysql-connector-java-8.0.22.jar' 
2022-02-26 17:03:11.175 DEBUG [acme.Launcher@main] Found classpath entry '/C:/Users/Usuario/.m2/repository/com/zaxxer/HikariCP/3.4.5/HikariCP-3.4.5.jar' 
2022-02-26 17:03:11.175 DEBUG [acme.Launcher@main] Found classpath entry '/C:/Users/Usuario/.m2/repository/org/junit/jupiter/junit-jupiter-engine/5.7.0/junit-jupiter-engine-5.7.0.jar' 
2022-02-26 17:03:11.176 DEBUG [acme.Launcher@main] Found classpath entry '/C:/Users/Usuario/.m2/repository/org/apiguardian/apiguardian-api/1.1.0/apiguardian-api-1.1.0.jar' 
2022-02-26 17:03:11.176 DEBUG [acme.Launcher@main] Found classpath entry '/C:/Users/Usuario/.m2/repository/org/junit/platform/junit-platform-engine/1.7.0/junit-platform-engine-1.7.0.jar' 
2022-02-26 17:03:11.176 DEBUG [acme.Launcher@main] Found classpath entry '/C:/Users/Usuario/.m2/repository/org/junit/jupiter/junit-jupiter-api/5.7.0/junit-jupiter-api-5.7.0.jar' 
2022-02-26 17:03:11.176 DEBUG [acme.Launcher@main] Found classpath entry '/C:/Users/Usuario/.m2/repository/org/opentest4j/opentest4j/1.2.0/opentest4j-1.2.0.jar' 
2022-02-26 17:03:11.176 DEBUG [acme.Launcher@main] Found classpath entry '/C:/Users/Usuario/.m2/repository/org/junit/platform/junit-platform-commons/1.7.0/junit-platform-commons-1.7.0.jar' 
2022-02-26 17:03:11.176 DEBUG [acme.Launcher@main] Found classpath entry '/C:/Users/Usuario/.m2/repository/org/junit/jupiter/junit-jupiter-params/5.7.0/junit-jupiter-params-5.7.0.jar' 
2022-02-26 17:03:11.176 DEBUG [acme.Launcher@main] Found classpath entry '/C:/Users/Usuario/.m2/repository/org/junit/platform/junit-platform-launcher/1.7.0/junit-platform-launcher-1.7.0.jar' 
2022-02-26 17:03:11.176 DEBUG [acme.Launcher@main] Found classpath entry '/C:/Users/Usuario/.m2/repository/org/seleniumhq/selenium/selenium-java/3.141.59/selenium-java-3.141.59.jar' 
2022-02-26 17:03:11.177 DEBUG [acme.Launcher@main] Found classpath entry '/C:/Users/Usuario/.m2/repository/org/seleniumhq/selenium/selenium-api/3.141.59/selenium-api-3.141.59.jar' 
2022-02-26 17:03:11.177 DEBUG [acme.Launcher@main] Found classpath entry '/C:/Users/Usuario/.m2/repository/org/seleniumhq/selenium/selenium-chrome-driver/3.141.59/selenium-chrome-driver-3.141.59.jar' 
2022-02-26 17:03:11.177 DEBUG [acme.Launcher@main] Found classpath entry '/C:/Users/Usuario/.m2/repository/org/seleniumhq/selenium/selenium-edge-driver/3.141.59/selenium-edge-driver-3.141.59.jar' 
2022-02-26 17:03:11.177 DEBUG [acme.Launcher@main] Found classpath entry '/C:/Users/Usuario/.m2/repository/org/seleniumhq/selenium/selenium-firefox-driver/3.141.59/selenium-firefox-driver-3.141.59.jar' 
2022-02-26 17:03:11.177 DEBUG [acme.Launcher@main] Found classpath entry '/C:/Users/Usuario/.m2/repository/org/seleniumhq/selenium/selenium-ie-driver/3.141.59/selenium-ie-driver-3.141.59.jar' 
2022-02-26 17:03:11.177 DEBUG [acme.Launcher@main] Found classpath entry '/C:/Users/Usuario/.m2/repository/org/seleniumhq/selenium/selenium-opera-driver/3.141.59/selenium-opera-driver-3.141.59.jar' 
2022-02-26 17:03:11.177 DEBUG [acme.Launcher@main] Found classpath entry '/C:/Users/Usuario/.m2/repository/org/seleniumhq/selenium/selenium-remote-driver/3.141.59/selenium-remote-driver-3.141.59.jar' 
2022-02-26 17:03:11.177 DEBUG [acme.Launcher@main] Found classpath entry '/C:/Users/Usuario/.m2/repository/org/seleniumhq/selenium/selenium-safari-driver/3.141.59/selenium-safari-driver-3.141.59.jar' 
2022-02-26 17:03:11.178 DEBUG [acme.Launcher@main] Found classpath entry '/C:/Users/Usuario/.m2/repository/org/seleniumhq/selenium/selenium-support/3.141.59/selenium-support-3.141.59.jar' 
2022-02-26 17:03:11.178 DEBUG [acme.Launcher@main] Found classpath entry '/C:/Users/Usuario/.m2/repository/net/bytebuddy/byte-buddy/1.10.19/byte-buddy-1.10.19.jar' 
2022-02-26 17:03:11.178 DEBUG [acme.Launcher@main] Found classpath entry '/C:/Users/Usuario/.m2/repository/org/apache/commons/commons-exec/1.3/commons-exec-1.3.jar' 
2022-02-26 17:03:11.178 DEBUG [acme.Launcher@main] Found classpath entry '/C:/Users/Usuario/.m2/repository/com/google/guava/guava/25.0-jre/guava-25.0-jre.jar' 
2022-02-26 17:03:11.178 DEBUG [acme.Launcher@main] Found classpath entry '/C:/Users/Usuario/.m2/repository/com/google/code/findbugs/jsr305/1.3.9/jsr305-1.3.9.jar' 
2022-02-26 17:03:11.178 DEBUG [acme.Launcher@main] Found classpath entry '/C:/Users/Usuario/.m2/repository/org/checkerframework/checker-compat-qual/2.0.0/checker-compat-qual-2.0.0.jar' 
2022-02-26 17:03:11.178 DEBUG [acme.Launcher@main] Found classpath entry '/C:/Users/Usuario/.m2/repository/com/google/errorprone/error_prone_annotations/2.1.3/error_prone_annotations-2.1.3.jar' 
2022-02-26 17:03:11.179 DEBUG [acme.Launcher@main] Found classpath entry '/C:/Users/Usuario/.m2/repository/com/google/j2objc/j2objc-annotations/1.1/j2objc-annotations-1.1.jar' 
2022-02-26 17:03:11.179 DEBUG [acme.Launcher@main] Found classpath entry '/C:/Users/Usuario/.m2/repository/org/codehaus/mojo/animal-sniffer-annotations/1.14/animal-sniffer-annotations-1.14.jar' 
2022-02-26 17:03:11.179 DEBUG [acme.Launcher@main] Found classpath entry '/C:/Users/Usuario/.m2/repository/com/squareup/okhttp3/okhttp/3.14.9/okhttp-3.14.9.jar' 
2022-02-26 17:03:11.179 DEBUG [acme.Launcher@main] Found classpath entry '/C:/Users/Usuario/.m2/repository/com/squareup/okio/okio/1.14.0/okio-1.14.0.jar' 
2022-02-26 17:03:11.179 DEBUG [acme.Launcher@main] Found classpath entry '/C:/Users/Usuario/.m2/repository/org/apache/commons/commons-lang3/3.11/commons-lang3-3.11.jar' 
2022-02-26 17:03:11.180 DEBUG [acme.Launcher@main] Found classpath entry '/C:/Users/Usuario/.m2/repository/org/apache/commons/commons-text/1.8/commons-text-1.8.jar' 
2022-02-26 17:03:11.180 DEBUG [acme.Launcher@main] Found classpath entry '/C:/Users/Usuario/.m2/repository/commons-io/commons-io/2.6/commons-io-2.6.jar' 
2022-02-26 17:03:11.180 DEBUG [acme.Launcher@main] Found classpath entry '/C:/Users/Usuario/.m2/repository/commons-cli/commons-cli/1.4/commons-cli-1.4.jar' 
2022-02-26 17:03:11.180 DEBUG [acme.Launcher@main] Found classpath entry '/C:/Users/Usuario/.m2/repository/org/projectlombok/lombok/1.18.16/lombok-1.18.16.jar' 
2022-02-26 17:03:11.180 DEBUG [acme.Launcher@main] Found classpath entry '/C:/Users/Usuario/.m2/repository/com/opencsv/opencsv/5.4/opencsv-5.4.jar' 
2022-02-26 17:03:11.180 DEBUG [acme.Launcher@main] Found classpath entry '/C:/Users/Usuario/.m2/repository/commons-beanutils/commons-beanutils/1.9.4/commons-beanutils-1.9.4.jar' 
2022-02-26 17:03:11.180 DEBUG [acme.Launcher@main] Found classpath entry '/C:/Users/Usuario/.m2/repository/commons-logging/commons-logging/1.2/commons-logging-1.2.jar' 
2022-02-26 17:03:11.181 DEBUG [acme.Launcher@main] Found classpath entry '/C:/Users/Usuario/.m2/repository/commons-collections/commons-collections/3.2.2/commons-collections-3.2.2.jar' 
2022-02-26 17:03:11.181 DEBUG [acme.Launcher@main] Found classpath entry '/C:/Users/Usuario/.m2/repository/org/apache/commons/commons-collections4/4.4/commons-collections4-4.4.jar' 
2022-02-26 17:03:11.239 DEBUG [acme.Launcher@main] Found entity class 'acme.roles.Consumer 
2022-02-26 17:03:11.240 DEBUG [acme.Launcher@main] Found entity class 'acme.roles.Provider 
2022-02-26 17:03:11.240 DEBUG [acme.Launcher@main] Found entity class 'acme.framework.entities.UserAccount 
2022-02-26 17:03:11.240 DEBUG [acme.Launcher@main] Found entity class 'acme.framework.roles.Administrator 
2022-02-26 17:03:11.240 DEBUG [acme.Launcher@main] Found entity class 'acme.framework.roles.Anonymous 
2022-02-26 17:03:11.240 DEBUG [acme.Launcher@main] Found entity class 'acme.framework.roles.Authenticated 
2022-02-26 17:03:11.244 INFO  [acme.Launcher@main] Inquiring database 
2022-02-26 17:03:58.568 DEBUG [acme.framework.components.tiles.DynamicTilesView@http-nio-8082-exec-3] View name 'fragments/welcome', model {} 
2022-02-26 17:03:58.650 DEBUG [org.apache.tiles.definition.dao.BaseLocaleUrlDefinitionDAO@http-nio-8082-exec-3] File Resource file:/C:/Users/Usuario/Desktop/UNIVERSIDAD/DP2/Workspace-22.0/Projects/Acme-Toolkits/target/classes/WEB-INF/views/master/tiles_en.xml at file:/C:/Users/Usuario/Desktop/UNIVERSIDAD/DP2/Workspace-22.0/Projects/Acme-Toolkits/target/classes/WEB-INF/views/master/tiles_en.xml not found, continue 
2022-02-26 17:03:58.661 DEBUG [org.apache.jasper.servlet.JspServlet@http-nio-8082-exec-3] JspEngine --> /WEB-INF/views/master/page.jsp 
2022-02-26 17:03:58.661 DEBUG [org.apache.jasper.servlet.JspServlet@http-nio-8082-exec-3] ServletPath: /WEB-INF/views/master/page.jsp 
2022-02-26 17:03:58.661 DEBUG [org.apache.jasper.servlet.JspServlet@http-nio-8082-exec-3] PathInfo: null 
2022-02-26 17:03:58.663 DEBUG [org.apache.jasper.servlet.JspServlet@http-nio-8082-exec-3] RealPath: C:\Users\Usuario\Desktop\UNIVERSIDAD\DP2\Workspace-22.0\Projects\Acme-Toolkits\target\classes\WEB-INF\views\master\page.jsp 
2022-02-26 17:03:58.664 DEBUG [org.apache.jasper.servlet.JspServlet@http-nio-8082-exec-3] RequestURI: /acme-toolkits-22.1/WEB-INF/views/master/page.jsp 
2022-02-26 17:03:58.664 DEBUG [org.apache.jasper.servlet.JspServlet@http-nio-8082-exec-3] QueryString: null 
2022-02-26 17:04:03.552 DEBUG [acme.framework.configuration.ExtendedMessageSource@http-nio-8082-exec-3] Loading properties [C:\Users\Usuario\Desktop\UNIVERSIDAD\DP2\Workspace-22.0\Projects\Acme-Toolkits\target\classes\WEB-INF\views\administrator\user-account\messages-en.i18n] with encoding 'utf-8' 
2022-02-26 17:04:03.553 DEBUG [acme.framework.configuration.ExtendedMessageSource@http-nio-8082-exec-3] Loading properties [C:\Users\Usuario\Desktop\UNIVERSIDAD\DP2\Workspace-22.0\Projects\Acme-Toolkits\target\classes\WEB-INF\views\authenticated\consumer\messsages-en.i18n] with encoding 'utf-8' 
2022-02-26 17:04:03.554 DEBUG [acme.framework.configuration.ExtendedMessageSource@http-nio-8082-exec-3] Loading properties [C:\Users\Usuario\Desktop\UNIVERSIDAD\DP2\Workspace-22.0\Projects\Acme-Toolkits\target\classes\WEB-INF\views\authenticated\provider\messsages-en.i18n] with encoding 'utf-8' 
2022-02-26 17:04:03.555 DEBUG [acme.framework.configuration.ExtendedMessageSource@http-nio-8082-exec-3] Loading properties [C:\Users\Usuario\Desktop\UNIVERSIDAD\DP2\Workspace-22.0\Projects\Acme-Toolkits\target\classes\WEB-INF\views\fragments\banner-en.i18n] with encoding 'utf-8' 
2022-02-26 17:04:03.555 DEBUG [acme.framework.configuration.ExtendedMessageSource@http-nio-8082-exec-3] Loading properties [C:\Users\Usuario\Desktop\UNIVERSIDAD\DP2\Workspace-22.0\Projects\Acme-Toolkits\target\classes\WEB-INF\views\fragments\company-en.i18n] with encoding 'utf-8' 
2022-02-26 17:04:03.556 DEBUG [acme.framework.configuration.ExtendedMessageSource@http-nio-8082-exec-3] Loading properties [C:\Users\Usuario\Desktop\UNIVERSIDAD\DP2\Workspace-22.0\Projects\Acme-Toolkits\target\classes\WEB-INF\views\fragments\footer-en.i18n] with encoding 'utf-8' 
2022-02-26 17:04:03.557 DEBUG [acme.framework.configuration.ExtendedMessageSource@http-nio-8082-exec-3] Loading properties [C:\Users\Usuario\Desktop\UNIVERSIDAD\DP2\Workspace-22.0\Projects\Acme-Toolkits\target\classes\WEB-INF\views\fragments\license-en.i18n] with encoding 'utf-8' 
2022-02-26 17:04:03.558 DEBUG [acme.framework.configuration.ExtendedMessageSource@http-nio-8082-exec-3] Loading properties [C:\Users\Usuario\Desktop\UNIVERSIDAD\DP2\Workspace-22.0\Projects\Acme-Toolkits\target\classes\WEB-INF\views\fragments\menu-en.i18n] with encoding 'utf-8' 
2022-02-26 17:04:03.559 DEBUG [acme.framework.configuration.ExtendedMessageSource@http-nio-8082-exec-3] Loading properties [C:\Users\Usuario\Desktop\UNIVERSIDAD\DP2\Workspace-22.0\Projects\Acme-Toolkits\target\classes\WEB-INF\views\fragments\messsages-en.i18n] with encoding 'utf-8' 
2022-02-26 17:04:03.559 DEBUG [acme.framework.configuration.ExtendedMessageSource@http-nio-8082-exec-3] Loading properties [C:\Users\Usuario\Desktop\UNIVERSIDAD\DP2\Workspace-22.0\Projects\Acme-Toolkits\target\classes\WEB-INF\views\fragments\title-en.i18n] with encoding 'utf-8' 
2022-02-26 17:04:03.560 DEBUG [acme.framework.configuration.ExtendedMessageSource@http-nio-8082-exec-3] Loading properties [C:\Users\Usuario\Desktop\UNIVERSIDAD\DP2\Workspace-22.0\Projects\Acme-Toolkits\target\classes\WEB-INF\views\fragments\welcome-en.i18n] with encoding 'utf-8' 
2022-02-26 17:04:03.561 DEBUG [acme.framework.configuration.ExtendedMessageSource@http-nio-8082-exec-3] Loading properties [C:\Users\Usuario\Desktop\UNIVERSIDAD\DP2\Workspace-22.0\Projects\Acme-Toolkits\target\classes\WEB-INF\views\master\defaults-en.i18n] with encoding 'utf-8' 
2022-02-26 17:04:03.562 DEBUG [acme.framework.configuration.ExtendedMessageSource@http-nio-8082-exec-3] Loading properties [C:\Users\Usuario\Desktop\UNIVERSIDAD\DP2\Workspace-22.0\Projects\Acme-Toolkits\target\classes\WEB-INF\views\master\master-en.i18n] with encoding 'utf-8' 
2022-02-26 17:04:03.562 DEBUG [acme.framework.configuration.ExtendedMessageSource@http-nio-8082-exec-3] Loading properties [C:\Users\Usuario\Desktop\UNIVERSIDAD\DP2\Workspace-22.0\Projects\Acme-Toolkits\target\classes\WEB-INF\views\master\throwables-en.i18n] with encoding 'utf-8' 
2022-02-26 17:04:03.563 DEBUG [acme.framework.configuration.ExtendedMessageSource@http-nio-8082-exec-3] Loading properties [C:\Users\Usuario\Desktop\UNIVERSIDAD\DP2\Workspace-22.0\Projects\Acme-Toolkits\target\classes\WEB-INF\views\master\validation-en.i18n] with encoding 'utf-8' 
2022-02-26 17:04:03.818 DEBUG [org.apache.jasper.servlet.JspServlet@http-nio-8082-exec-3] JspEngine --> /WEB-INF/views/fragments/welcome.jsp 
2022-02-26 17:04:03.818 DEBUG [org.apache.jasper.servlet.JspServlet@http-nio-8082-exec-3] ServletPath: /WEB-INF/views/master/page.jsp 
2022-02-26 17:04:03.819 DEBUG [org.apache.jasper.servlet.JspServlet@http-nio-8082-exec-3] PathInfo: null 
2022-02-26 17:04:03.821 DEBUG [org.apache.jasper.servlet.JspServlet@http-nio-8082-exec-3] RealPath: C:\Users\Usuario\Desktop\UNIVERSIDAD\DP2\Workspace-22.0\Projects\Acme-Toolkits\target\classes\WEB-INF\views\fragments\welcome.jsp 
2022-02-26 17:04:03.822 DEBUG [org.apache.jasper.servlet.JspServlet@http-nio-8082-exec-3] RequestURI: /acme-toolkits-22.1/WEB-INF/views/master/page.jsp 
2022-02-26 17:04:03.822 DEBUG [org.apache.jasper.servlet.JspServlet@http-nio-8082-exec-3] QueryString: null 
2022-02-26 17:04:04.184 DEBUG [org.hibernate.SQL@http-nio-8082-exec-3] select useraccoun0_.id as id1_0_, useraccoun0_.version as version2_0_, useraccoun0_.enabled as enabled1_6_, useraccoun0_.identity as identity2_6_, useraccoun0_.password as password3_6_, useraccoun0_.username as username4_6_ from user_account useraccoun0_ where useraccoun0_.username=? 
2022-02-26 17:04:04.204 TRACE [org.hibernate.type.descriptor.sql.BasicBinder@http-nio-8082-exec-3] binding parameter [1] as [VARCHAR] - [anonymous] 
2022-02-26 17:04:04.318 DEBUG [org.hibernate.SQL@http-nio-8082-exec-3] select roles0_.user_account_id as user_acc1_7_0_, roles0_.id as id1_7_0_, roles0_.id as id1_0_1_, roles0_.version as version2_0_1_, roles0_.user_account_id as user_acc1_7_1_, roles0_.company as company1_4_1_, roles0_.sector as sector2_4_1_, roles0_.company as company1_5_1_, roles0_.sector as sector2_5_1_, roles0_.clazz_ as clazz_1_ from ( select id, version, user_account_id, company, sector, 2 as clazz_ from consumer union all select id, version, user_account_id, company, sector, 3 as clazz_ from provider union all select id, version, user_account_id, null as company, null as sector, 5 as clazz_ from administrator union all select id, version, user_account_id, null as company, null as sector, 6 as clazz_ from anonymous union all select id, version, user_account_id, null as company, null as sector, 7 as clazz_ from authenticated ) roles0_ where roles0_.user_account_id=? 
2022-02-26 17:04:04.319 TRACE [org.hibernate.type.descriptor.sql.BasicBinder@http-nio-8082-exec-3] binding parameter [1] as [INTEGER] - [1] 
2022-02-26 17:06:19.071 DEBUG [acme.framework.components.tiles.DynamicTilesView@http-nio-8082-exec-9] View name 'fragments/welcome', model {} 
2022-02-26 17:06:19.092 DEBUG [org.apache.tiles.definition.dao.BaseLocaleUrlDefinitionDAO@http-nio-8082-exec-9] File Resource file:/C:/Users/Usuario/Desktop/UNIVERSIDAD/DP2/Workspace-22.0/Projects/Acme-Toolkits/target/classes/WEB-INF/views/master/tiles_es.xml at file:/C:/Users/Usuario/Desktop/UNIVERSIDAD/DP2/Workspace-22.0/Projects/Acme-Toolkits/target/classes/WEB-INF/views/master/tiles_es.xml not found, continue 
2022-02-26 17:06:19.094 DEBUG [org.apache.jasper.servlet.JspServlet@http-nio-8082-exec-9] JspEngine --> /WEB-INF/views/master/page.jsp 
2022-02-26 17:06:19.094 DEBUG [org.apache.jasper.servlet.JspServlet@http-nio-8082-exec-9] ServletPath: /WEB-INF/views/master/page.jsp 
2022-02-26 17:06:19.095 DEBUG [org.apache.jasper.servlet.JspServlet@http-nio-8082-exec-9] PathInfo: null 
2022-02-26 17:06:19.097 DEBUG [org.apache.jasper.servlet.JspServlet@http-nio-8082-exec-9] RealPath: C:\Users\Usuario\Desktop\UNIVERSIDAD\DP2\Workspace-22.0\Projects\Acme-Toolkits\target\classes\WEB-INF\views\master\page.jsp 
2022-02-26 17:06:19.098 DEBUG [org.apache.jasper.servlet.JspServlet@http-nio-8082-exec-9] RequestURI: /acme-toolkits-22.1/WEB-INF/views/master/page.jsp 
2022-02-26 17:06:19.098 DEBUG [org.apache.jasper.servlet.JspServlet@http-nio-8082-exec-9] QueryString: null 
2022-02-26 17:06:19.120 DEBUG [acme.framework.configuration.ExtendedMessageSource@http-nio-8082-exec-9] Loading properties [C:\Users\Usuario\Desktop\UNIVERSIDAD\DP2\Workspace-22.0\Projects\Acme-Toolkits\target\classes\WEB-INF\views\administrator\user-account\messages-en.i18n] with encoding 'utf-8' 
2022-02-26 17:06:19.127 DEBUG [acme.framework.configuration.ExtendedMessageSource@http-nio-8082-exec-9] Loading properties [C:\Users\Usuario\Desktop\UNIVERSIDAD\DP2\Workspace-22.0\Projects\Acme-Toolkits\target\classes\WEB-INF\views\authenticated\consumer\messsages-en.i18n] with encoding 'utf-8' 
2022-02-26 17:06:19.137 DEBUG [acme.framework.configuration.ExtendedMessageSource@http-nio-8082-exec-9] Loading properties [C:\Users\Usuario\Desktop\UNIVERSIDAD\DP2\Workspace-22.0\Projects\Acme-Toolkits\target\classes\WEB-INF\views\authenticated\provider\messsages-en.i18n] with encoding 'utf-8' 
2022-02-26 17:06:19.144 DEBUG [acme.framework.configuration.ExtendedMessageSource@http-nio-8082-exec-9] Loading properties [C:\Users\Usuario\Desktop\UNIVERSIDAD\DP2\Workspace-22.0\Projects\Acme-Toolkits\target\classes\WEB-INF\views\fragments\banner-en.i18n] with encoding 'utf-8' 
2022-02-26 17:06:19.145 DEBUG [acme.framework.configuration.ExtendedMessageSource@http-nio-8082-exec-9] Loading properties [C:\Users\Usuario\Desktop\UNIVERSIDAD\DP2\Workspace-22.0\Projects\Acme-Toolkits\target\classes\WEB-INF\views\fragments\company-en.i18n] with encoding 'utf-8' 
2022-02-26 17:06:19.152 DEBUG [acme.framework.configuration.ExtendedMessageSource@http-nio-8082-exec-9] Loading properties [C:\Users\Usuario\Desktop\UNIVERSIDAD\DP2\Workspace-22.0\Projects\Acme-Toolkits\target\classes\WEB-INF\views\fragments\footer-en.i18n] with encoding 'utf-8' 
2022-02-26 17:06:19.164 DEBUG [acme.framework.configuration.ExtendedMessageSource@http-nio-8082-exec-9] Loading properties [C:\Users\Usuario\Desktop\UNIVERSIDAD\DP2\Workspace-22.0\Projects\Acme-Toolkits\target\classes\WEB-INF\views\fragments\license-en.i18n] with encoding 'utf-8' 
2022-02-26 17:06:19.166 DEBUG [acme.framework.configuration.ExtendedMessageSource@http-nio-8082-exec-9] Loading properties [C:\Users\Usuario\Desktop\UNIVERSIDAD\DP2\Workspace-22.0\Projects\Acme-Toolkits\target\classes\WEB-INF\views\fragments\menu-en.i18n] with encoding 'utf-8' 
2022-02-26 17:06:19.173 DEBUG [acme.framework.configuration.ExtendedMessageSource@http-nio-8082-exec-9] Loading properties [C:\Users\Usuario\Desktop\UNIVERSIDAD\DP2\Workspace-22.0\Projects\Acme-Toolkits\target\classes\WEB-INF\views\fragments\messsages-en.i18n] with encoding 'utf-8' 
2022-02-26 17:06:19.186 DEBUG [acme.framework.configuration.ExtendedMessageSource@http-nio-8082-exec-9] Loading properties [C:\Users\Usuario\Desktop\UNIVERSIDAD\DP2\Workspace-22.0\Projects\Acme-Toolkits\target\classes\WEB-INF\views\fragments\title-en.i18n] with encoding 'utf-8' 
2022-02-26 17:06:19.187 DEBUG [acme.framework.configuration.ExtendedMessageSource@http-nio-8082-exec-9] Loading properties [C:\Users\Usuario\Desktop\UNIVERSIDAD\DP2\Workspace-22.0\Projects\Acme-Toolkits\target\classes\WEB-INF\views\fragments\welcome-en.i18n] with encoding 'utf-8' 
2022-02-26 17:06:19.198 DEBUG [acme.framework.configuration.ExtendedMessageSource@http-nio-8082-exec-9] Loading properties [C:\Users\Usuario\Desktop\UNIVERSIDAD\DP2\Workspace-22.0\Projects\Acme-Toolkits\target\classes\WEB-INF\views\master\defaults-en.i18n] with encoding 'utf-8' 
2022-02-26 17:06:19.209 DEBUG [acme.framework.configuration.ExtendedMessageSource@http-nio-8082-exec-9] Loading properties [C:\Users\Usuario\Desktop\UNIVERSIDAD\DP2\Workspace-22.0\Projects\Acme-Toolkits\target\classes\WEB-INF\views\master\master-en.i18n] with encoding 'utf-8' 
2022-02-26 17:06:19.221 DEBUG [acme.framework.configuration.ExtendedMessageSource@http-nio-8082-exec-9] Loading properties [C:\Users\Usuario\Desktop\UNIVERSIDAD\DP2\Workspace-22.0\Projects\Acme-Toolkits\target\classes\WEB-INF\views\master\throwables-en.i18n] with encoding 'utf-8' 
2022-02-26 17:06:19.221 DEBUG [acme.framework.configuration.ExtendedMessageSource@http-nio-8082-exec-9] Loading properties [C:\Users\Usuario\Desktop\UNIVERSIDAD\DP2\Workspace-22.0\Projects\Acme-Toolkits\target\classes\WEB-INF\views\master\validation-en.i18n] with encoding 'utf-8' 
2022-02-26 17:06:19.226 DEBUG [acme.framework.configuration.ExtendedMessageSource@http-nio-8082-exec-9] Loading properties [C:\Users\Usuario\Desktop\UNIVERSIDAD\DP2\Workspace-22.0\Projects\Acme-Toolkits\target\classes\WEB-INF\views\administrator\user-account\messages-es.i18n] with encoding 'utf-8' 
2022-02-26 17:06:19.226 DEBUG [acme.framework.configuration.ExtendedMessageSource@http-nio-8082-exec-9] Loading properties [C:\Users\Usuario\Desktop\UNIVERSIDAD\DP2\Workspace-22.0\Projects\Acme-Toolkits\target\classes\WEB-INF\views\authenticated\consumer\messsages-es.i18n] with encoding 'utf-8' 
2022-02-26 17:06:19.227 DEBUG [acme.framework.configuration.ExtendedMessageSource@http-nio-8082-exec-9] Loading properties [C:\Users\Usuario\Desktop\UNIVERSIDAD\DP2\Workspace-22.0\Projects\Acme-Toolkits\target\classes\WEB-INF\views\authenticated\provider\messsages-es.i18n] with encoding 'utf-8' 
2022-02-26 17:06:19.228 DEBUG [acme.framework.configuration.ExtendedMessageSource@http-nio-8082-exec-9] Loading properties [C:\Users\Usuario\Desktop\UNIVERSIDAD\DP2\Workspace-22.0\Projects\Acme-Toolkits\target\classes\WEB-INF\views\fragments\banner-es.i18n] with encoding 'utf-8' 
2022-02-26 17:06:19.228 DEBUG [acme.framework.configuration.ExtendedMessageSource@http-nio-8082-exec-9] Loading properties [C:\Users\Usuario\Desktop\UNIVERSIDAD\DP2\Workspace-22.0\Projects\Acme-Toolkits\target\classes\WEB-INF\views\fragments\company-es.i18n] with encoding 'utf-8' 
2022-02-26 17:06:19.229 DEBUG [acme.framework.configuration.ExtendedMessageSource@http-nio-8082-exec-9] Loading properties [C:\Users\Usuario\Desktop\UNIVERSIDAD\DP2\Workspace-22.0\Projects\Acme-Toolkits\target\classes\WEB-INF\views\fragments\footer-es.i18n] with encoding 'utf-8' 
2022-02-26 17:06:19.229 DEBUG [acme.framework.configuration.ExtendedMessageSource@http-nio-8082-exec-9] Loading properties [C:\Users\Usuario\Desktop\UNIVERSIDAD\DP2\Workspace-22.0\Projects\Acme-Toolkits\target\classes\WEB-INF\views\fragments\license-es.i18n] with encoding 'utf-8' 
2022-02-26 17:06:19.230 DEBUG [acme.framework.configuration.ExtendedMessageSource@http-nio-8082-exec-9] Loading properties [C:\Users\Usuario\Desktop\UNIVERSIDAD\DP2\Workspace-22.0\Projects\Acme-Toolkits\target\classes\WEB-INF\views\fragments\menu-es.i18n] with encoding 'utf-8' 
2022-02-26 17:06:19.230 DEBUG [acme.framework.configuration.ExtendedMessageSource@http-nio-8082-exec-9] Loading properties [C:\Users\Usuario\Desktop\UNIVERSIDAD\DP2\Workspace-22.0\Projects\Acme-Toolkits\target\classes\WEB-INF\views\fragments\messsages-es.i18n] with encoding 'utf-8' 
2022-02-26 17:06:19.231 DEBUG [acme.framework.configuration.ExtendedMessageSource@http-nio-8082-exec-9] Loading properties [C:\Users\Usuario\Desktop\UNIVERSIDAD\DP2\Workspace-22.0\Projects\Acme-Toolkits\target\classes\WEB-INF\views\fragments\title-es.i18n] with encoding 'utf-8' 
2022-02-26 17:06:19.231 DEBUG [acme.framework.configuration.ExtendedMessageSource@http-nio-8082-exec-9] Loading properties [C:\Users\Usuario\Desktop\UNIVERSIDAD\DP2\Workspace-22.0\Projects\Acme-Toolkits\target\classes\WEB-INF\views\fragments\welcome-es.i18n] with encoding 'utf-8' 
2022-02-26 17:06:19.232 DEBUG [acme.framework.configuration.ExtendedMessageSource@http-nio-8082-exec-9] Loading properties [C:\Users\Usuario\Desktop\UNIVERSIDAD\DP2\Workspace-22.0\Projects\Acme-Toolkits\target\classes\WEB-INF\views\master\defaults-es.i18n] with encoding 'utf-8' 
2022-02-26 17:06:19.233 DEBUG [acme.framework.configuration.ExtendedMessageSource@http-nio-8082-exec-9] Loading properties [C:\Users\Usuario\Desktop\UNIVERSIDAD\DP2\Workspace-22.0\Projects\Acme-Toolkits\target\classes\WEB-INF\views\master\master-es.i18n] with encoding 'utf-8' 
2022-02-26 17:06:19.233 DEBUG [acme.framework.configuration.ExtendedMessageSource@http-nio-8082-exec-9] Loading properties [C:\Users\Usuario\Desktop\UNIVERSIDAD\DP2\Workspace-22.0\Projects\Acme-Toolkits\target\classes\WEB-INF\views\master\throwables-es.i18n] with encoding 'utf-8' 
2022-02-26 17:06:19.234 DEBUG [acme.framework.configuration.ExtendedMessageSource@http-nio-8082-exec-9] Loading properties [C:\Users\Usuario\Desktop\UNIVERSIDAD\DP2\Workspace-22.0\Projects\Acme-Toolkits\target\classes\WEB-INF\views\master\validation-es.i18n] with encoding 'utf-8' 
2022-02-26 17:06:19.325 DEBUG [org.apache.jasper.servlet.JspServlet@http-nio-8082-exec-9] JspEngine --> /WEB-INF/views/fragments/welcome.jsp 
2022-02-26 17:06:19.326 DEBUG [org.apache.jasper.servlet.JspServlet@http-nio-8082-exec-9] ServletPath: /WEB-INF/views/master/page.jsp 
2022-02-26 17:06:19.326 DEBUG [org.apache.jasper.servlet.JspServlet@http-nio-8082-exec-9] PathInfo: null 
2022-02-26 17:06:19.328 DEBUG [org.apache.jasper.servlet.JspServlet@http-nio-8082-exec-9] RealPath: C:\Users\Usuario\Desktop\UNIVERSIDAD\DP2\Workspace-22.0\Projects\Acme-Toolkits\target\classes\WEB-INF\views\fragments\welcome.jsp 
2022-02-26 17:06:19.328 DEBUG [org.apache.jasper.servlet.JspServlet@http-nio-8082-exec-9] RequestURI: /acme-toolkits-22.1/WEB-INF/views/master/page.jsp 
2022-02-26 17:06:19.328 DEBUG [org.apache.jasper.servlet.JspServlet@http-nio-8082-exec-9] QueryString: null 
2022-02-26 17:06:19.376 DEBUG [org.hibernate.SQL@http-nio-8082-exec-9] select useraccoun0_.id as id1_0_, useraccoun0_.version as version2_0_, useraccoun0_.enabled as enabled1_6_, useraccoun0_.identity as identity2_6_, useraccoun0_.password as password3_6_, useraccoun0_.username as username4_6_ from user_account useraccoun0_ where useraccoun0_.username=? 
2022-02-26 17:06:19.377 TRACE [org.hibernate.type.descriptor.sql.BasicBinder@http-nio-8082-exec-9] binding parameter [1] as [VARCHAR] - [anonymous] 
2022-02-26 17:06:19.382 DEBUG [org.hibernate.SQL@http-nio-8082-exec-9] select roles0_.user_account_id as user_acc1_7_0_, roles0_.id as id1_7_0_, roles0_.id as id1_0_1_, roles0_.version as version2_0_1_, roles0_.user_account_id as user_acc1_7_1_, roles0_.company as company1_4_1_, roles0_.sector as sector2_4_1_, roles0_.company as company1_5_1_, roles0_.sector as sector2_5_1_, roles0_.clazz_ as clazz_1_ from ( select id, version, user_account_id, company, sector, 2 as clazz_ from consumer union all select id, version, user_account_id, company, sector, 3 as clazz_ from provider union all select id, version, user_account_id, null as company, null as sector, 5 as clazz_ from administrator union all select id, version, user_account_id, null as company, null as sector, 6 as clazz_ from anonymous union all select id, version, user_account_id, null as company, null as sector, 7 as clazz_ from authenticated ) roles0_ where roles0_.user_account_id=? 
2022-02-26 17:06:19.383 TRACE [org.hibernate.type.descriptor.sql.BasicBinder@http-nio-8082-exec-9] binding parameter [1] as [INTEGER] - [1] 
2022-02-26 17:06:28.861 DEBUG [acme.framework.components.tiles.DynamicTilesView@http-nio-8082-exec-6] View name 'fragments/welcome', model {} 
2022-02-26 17:06:28.863 DEBUG [org.apache.jasper.servlet.JspServlet@http-nio-8082-exec-6] JspEngine --> /WEB-INF/views/master/page.jsp 
2022-02-26 17:06:28.863 DEBUG [org.apache.jasper.servlet.JspServlet@http-nio-8082-exec-6] ServletPath: /WEB-INF/views/master/page.jsp 
2022-02-26 17:06:28.864 DEBUG [org.apache.jasper.servlet.JspServlet@http-nio-8082-exec-6] PathInfo: null 
2022-02-26 17:06:28.866 DEBUG [org.apache.jasper.servlet.JspServlet@http-nio-8082-exec-6] RealPath: C:\Users\Usuario\Desktop\UNIVERSIDAD\DP2\Workspace-22.0\Projects\Acme-Toolkits\target\classes\WEB-INF\views\master\page.jsp 
2022-02-26 17:06:28.866 DEBUG [org.apache.jasper.servlet.JspServlet@http-nio-8082-exec-6] RequestURI: /acme-toolkits-22.1/WEB-INF/views/master/page.jsp 
2022-02-26 17:06:28.867 DEBUG [org.apache.jasper.servlet.JspServlet@http-nio-8082-exec-6] QueryString: null 
2022-02-26 17:06:28.942 DEBUG [org.apache.jasper.servlet.JspServlet@http-nio-8082-exec-6] JspEngine --> /WEB-INF/views/fragments/welcome.jsp 
2022-02-26 17:06:28.942 DEBUG [org.apache.jasper.servlet.JspServlet@http-nio-8082-exec-6] ServletPath: /WEB-INF/views/master/page.jsp 
2022-02-26 17:06:28.942 DEBUG [org.apache.jasper.servlet.JspServlet@http-nio-8082-exec-6] PathInfo: null 
2022-02-26 17:06:28.943 DEBUG [org.apache.jasper.servlet.JspServlet@http-nio-8082-exec-6] RealPath: C:\Users\Usuario\Desktop\UNIVERSIDAD\DP2\Workspace-22.0\Projects\Acme-Toolkits\target\classes\WEB-INF\views\fragments\welcome.jsp 
2022-02-26 17:06:28.943 DEBUG [org.apache.jasper.servlet.JspServlet@http-nio-8082-exec-6] RequestURI: /acme-toolkits-22.1/WEB-INF/views/master/page.jsp 
2022-02-26 17:06:28.944 DEBUG [org.apache.jasper.servlet.JspServlet@http-nio-8082-exec-6] QueryString: null 
2022-02-26 17:06:28.991 DEBUG [org.hibernate.SQL@http-nio-8082-exec-6] select useraccoun0_.id as id1_0_, useraccoun0_.version as version2_0_, useraccoun0_.enabled as enabled1_6_, useraccoun0_.identity as identity2_6_, useraccoun0_.password as password3_6_, useraccoun0_.username as username4_6_ from user_account useraccoun0_ where useraccoun0_.username=? 
2022-02-26 17:06:28.992 TRACE [org.hibernate.type.descriptor.sql.BasicBinder@http-nio-8082-exec-6] binding parameter [1] as [VARCHAR] - [anonymous] 
2022-02-26 17:06:28.993 DEBUG [org.hibernate.SQL@http-nio-8082-exec-6] select roles0_.user_account_id as user_acc1_7_0_, roles0_.id as id1_7_0_, roles0_.id as id1_0_1_, roles0_.version as version2_0_1_, roles0_.user_account_id as user_acc1_7_1_, roles0_.company as company1_4_1_, roles0_.sector as sector2_4_1_, roles0_.company as company1_5_1_, roles0_.sector as sector2_5_1_, roles0_.clazz_ as clazz_1_ from ( select id, version, user_account_id, company, sector, 2 as clazz_ from consumer union all select id, version, user_account_id, company, sector, 3 as clazz_ from provider union all select id, version, user_account_id, null as company, null as sector, 5 as clazz_ from administrator union all select id, version, user_account_id, null as company, null as sector, 6 as clazz_ from anonymous union all select id, version, user_account_id, null as company, null as sector, 7 as clazz_ from authenticated ) roles0_ where roles0_.user_account_id=? 
2022-02-26 17:06:28.994 TRACE [org.hibernate.type.descriptor.sql.BasicBinder@http-nio-8082-exec-6] binding parameter [1] as [INTEGER] - [1] 
2022-02-26 17:06:30.716 DEBUG [acme.framework.components.tiles.DynamicTilesView@http-nio-8082-exec-2] View name 'fragments/welcome', model {} 
2022-02-26 17:06:30.719 DEBUG [org.apache.jasper.servlet.JspServlet@http-nio-8082-exec-2] JspEngine --> /WEB-INF/views/master/page.jsp 
2022-02-26 17:06:30.719 DEBUG [org.apache.jasper.servlet.JspServlet@http-nio-8082-exec-2] ServletPath: /WEB-INF/views/master/page.jsp 
2022-02-26 17:06:30.719 DEBUG [org.apache.jasper.servlet.JspServlet@http-nio-8082-exec-2] PathInfo: null 
2022-02-26 17:06:30.719 DEBUG [org.apache.jasper.servlet.JspServlet@http-nio-8082-exec-2] RealPath: C:\Users\Usuario\Desktop\UNIVERSIDAD\DP2\Workspace-22.0\Projects\Acme-Toolkits\target\classes\WEB-INF\views\master\page.jsp 
2022-02-26 17:06:30.720 DEBUG [org.apache.jasper.servlet.JspServlet@http-nio-8082-exec-2] RequestURI: /acme-toolkits-22.1/WEB-INF/views/master/page.jsp 
2022-02-26 17:06:30.720 DEBUG [org.apache.jasper.servlet.JspServlet@http-nio-8082-exec-2] QueryString: null 
2022-02-26 17:06:30.799 DEBUG [org.apache.jasper.servlet.JspServlet@http-nio-8082-exec-2] JspEngine --> /WEB-INF/views/fragments/welcome.jsp 
2022-02-26 17:06:30.800 DEBUG [org.apache.jasper.servlet.JspServlet@http-nio-8082-exec-2] ServletPath: /WEB-INF/views/master/page.jsp 
2022-02-26 17:06:30.800 DEBUG [org.apache.jasper.servlet.JspServlet@http-nio-8082-exec-2] PathInfo: null 
2022-02-26 17:06:30.800 DEBUG [org.apache.jasper.servlet.JspServlet@http-nio-8082-exec-2] RealPath: C:\Users\Usuario\Desktop\UNIVERSIDAD\DP2\Workspace-22.0\Projects\Acme-Toolkits\target\classes\WEB-INF\views\fragments\welcome.jsp 
2022-02-26 17:06:30.800 DEBUG [org.apache.jasper.servlet.JspServlet@http-nio-8082-exec-2] RequestURI: /acme-toolkits-22.1/WEB-INF/views/master/page.jsp 
2022-02-26 17:06:30.801 DEBUG [org.apache.jasper.servlet.JspServlet@http-nio-8082-exec-2] QueryString: null 
2022-02-26 17:06:30.849 DEBUG [org.hibernate.SQL@http-nio-8082-exec-2] select useraccoun0_.id as id1_0_, useraccoun0_.version as version2_0_, useraccoun0_.enabled as enabled1_6_, useraccoun0_.identity as identity2_6_, useraccoun0_.password as password3_6_, useraccoun0_.username as username4_6_ from user_account useraccoun0_ where useraccoun0_.username=? 
2022-02-26 17:06:30.849 TRACE [org.hibernate.type.descriptor.sql.BasicBinder@http-nio-8082-exec-2] binding parameter [1] as [VARCHAR] - [anonymous] 
2022-02-26 17:06:30.851 DEBUG [org.hibernate.SQL@http-nio-8082-exec-2] select roles0_.user_account_id as user_acc1_7_0_, roles0_.id as id1_7_0_, roles0_.id as id1_0_1_, roles0_.version as version2_0_1_, roles0_.user_account_id as user_acc1_7_1_, roles0_.company as company1_4_1_, roles0_.sector as sector2_4_1_, roles0_.company as company1_5_1_, roles0_.sector as sector2_5_1_, roles0_.clazz_ as clazz_1_ from ( select id, version, user_account_id, company, sector, 2 as clazz_ from consumer union all select id, version, user_account_id, company, sector, 3 as clazz_ from provider union all select id, version, user_account_id, null as company, null as sector, 5 as clazz_ from administrator union all select id, version, user_account_id, null as company, null as sector, 6 as clazz_ from anonymous union all select id, version, user_account_id, null as company, null as sector, 7 as clazz_ from authenticated ) roles0_ where roles0_.user_account_id=? 
2022-02-26 17:06:30.851 TRACE [org.hibernate.type.descriptor.sql.BasicBinder@http-nio-8082-exec-2] binding parameter [1] as [INTEGER] - [1] 
2022-02-26 17:06:32.385 DEBUG [acme.framework.components.tiles.DynamicTilesView@http-nio-8082-exec-5] View name 'fragments/welcome', model {} 
2022-02-26 17:06:32.387 DEBUG [org.apache.jasper.servlet.JspServlet@http-nio-8082-exec-5] JspEngine --> /WEB-INF/views/master/page.jsp 
2022-02-26 17:06:32.388 DEBUG [org.apache.jasper.servlet.JspServlet@http-nio-8082-exec-5] ServletPath: /WEB-INF/views/master/page.jsp 
2022-02-26 17:06:32.388 DEBUG [org.apache.jasper.servlet.JspServlet@http-nio-8082-exec-5] PathInfo: null 
2022-02-26 17:06:32.388 DEBUG [org.apache.jasper.servlet.JspServlet@http-nio-8082-exec-5] RealPath: C:\Users\Usuario\Desktop\UNIVERSIDAD\DP2\Workspace-22.0\Projects\Acme-Toolkits\target\classes\WEB-INF\views\master\page.jsp 
2022-02-26 17:06:32.388 DEBUG [org.apache.jasper.servlet.JspServlet@http-nio-8082-exec-5] RequestURI: /acme-toolkits-22.1/WEB-INF/views/master/page.jsp 
2022-02-26 17:06:32.388 DEBUG [org.apache.jasper.servlet.JspServlet@http-nio-8082-exec-5] QueryString: null 
2022-02-26 17:06:32.476 DEBUG [org.apache.jasper.servlet.JspServlet@http-nio-8082-exec-5] JspEngine --> /WEB-INF/views/fragments/welcome.jsp 
2022-02-26 17:06:32.477 DEBUG [org.apache.jasper.servlet.JspServlet@http-nio-8082-exec-5] ServletPath: /WEB-INF/views/master/page.jsp 
2022-02-26 17:06:32.477 DEBUG [org.apache.jasper.servlet.JspServlet@http-nio-8082-exec-5] PathInfo: null 
2022-02-26 17:06:32.477 DEBUG [org.apache.jasper.servlet.JspServlet@http-nio-8082-exec-5] RealPath: C:\Users\Usuario\Desktop\UNIVERSIDAD\DP2\Workspace-22.0\Projects\Acme-Toolkits\target\classes\WEB-INF\views\fragments\welcome.jsp 
2022-02-26 17:06:32.478 DEBUG [org.apache.jasper.servlet.JspServlet@http-nio-8082-exec-5] RequestURI: /acme-toolkits-22.1/WEB-INF/views/master/page.jsp 
2022-02-26 17:06:32.478 DEBUG [org.apache.jasper.servlet.JspServlet@http-nio-8082-exec-5] QueryString: null 
2022-02-26 17:06:32.530 DEBUG [org.hibernate.SQL@http-nio-8082-exec-5] select useraccoun0_.id as id1_0_, useraccoun0_.version as version2_0_, useraccoun0_.enabled as enabled1_6_, useraccoun0_.identity as identity2_6_, useraccoun0_.password as password3_6_, useraccoun0_.username as username4_6_ from user_account useraccoun0_ where useraccoun0_.username=? 
2022-02-26 17:06:32.531 TRACE [org.hibernate.type.descriptor.sql.BasicBinder@http-nio-8082-exec-5] binding parameter [1] as [VARCHAR] - [anonymous] 
2022-02-26 17:06:32.533 DEBUG [org.hibernate.SQL@http-nio-8082-exec-5] select roles0_.user_account_id as user_acc1_7_0_, roles0_.id as id1_7_0_, roles0_.id as id1_0_1_, roles0_.version as version2_0_1_, roles0_.user_account_id as user_acc1_7_1_, roles0_.company as company1_4_1_, roles0_.sector as sector2_4_1_, roles0_.company as company1_5_1_, roles0_.sector as sector2_5_1_, roles0_.clazz_ as clazz_1_ from ( select id, version, user_account_id, company, sector, 2 as clazz_ from consumer union all select id, version, user_account_id, company, sector, 3 as clazz_ from provider union all select id, version, user_account_id, null as company, null as sector, 5 as clazz_ from administrator union all select id, version, user_account_id, null as company, null as sector, 6 as clazz_ from anonymous union all select id, version, user_account_id, null as company, null as sector, 7 as clazz_ from authenticated ) roles0_ where roles0_.user_account_id=? 
2022-02-26 17:06:32.533 TRACE [org.hibernate.type.descriptor.sql.BasicBinder@http-nio-8082-exec-5] binding parameter [1] as [INTEGER] - [1] 
2022-02-26 17:11:45.151 DEBUG [acme.framework.components.tiles.DynamicTilesView@http-nio-8082-exec-7] View name 'fragments/welcome', model {} 
2022-02-26 17:11:45.151 DEBUG [org.apache.jasper.servlet.JspServlet@http-nio-8082-exec-7] JspEngine --> /WEB-INF/views/master/page.jsp 
2022-02-26 17:11:45.151 DEBUG [org.apache.jasper.servlet.JspServlet@http-nio-8082-exec-7] ServletPath: /WEB-INF/views/master/page.jsp 
2022-02-26 17:11:45.151 DEBUG [org.apache.jasper.servlet.JspServlet@http-nio-8082-exec-7] PathInfo: null 
2022-02-26 17:11:45.154 DEBUG [org.apache.jasper.servlet.JspServlet@http-nio-8082-exec-7] RealPath: C:\Users\Usuario\Desktop\UNIVERSIDAD\DP2\Workspace-22.0\Projects\Acme-Toolkits\target\classes\WEB-INF\views\master\page.jsp 
2022-02-26 17:11:45.154 DEBUG [org.apache.jasper.servlet.JspServlet@http-nio-8082-exec-7] RequestURI: /acme-toolkits-22.1/WEB-INF/views/master/page.jsp 
2022-02-26 17:11:45.154 DEBUG [org.apache.jasper.servlet.JspServlet@http-nio-8082-exec-7] QueryString: null 
2022-02-26 17:11:45.261 DEBUG [org.apache.jasper.servlet.JspServlet@http-nio-8082-exec-7] JspEngine --> /WEB-INF/views/fragments/welcome.jsp 
2022-02-26 17:11:45.261 DEBUG [org.apache.jasper.servlet.JspServlet@http-nio-8082-exec-7] ServletPath: /WEB-INF/views/master/page.jsp 
2022-02-26 17:11:45.261 DEBUG [org.apache.jasper.servlet.JspServlet@http-nio-8082-exec-7] PathInfo: null 
2022-02-26 17:11:45.263 DEBUG [org.apache.jasper.servlet.JspServlet@http-nio-8082-exec-7] RealPath: C:\Users\Usuario\Desktop\UNIVERSIDAD\DP2\Workspace-22.0\Projects\Acme-Toolkits\target\classes\WEB-INF\views\fragments\welcome.jsp 
2022-02-26 17:11:45.263 DEBUG [org.apache.jasper.servlet.JspServlet@http-nio-8082-exec-7] RequestURI: /acme-toolkits-22.1/WEB-INF/views/master/page.jsp 
2022-02-26 17:11:45.263 DEBUG [org.apache.jasper.servlet.JspServlet@http-nio-8082-exec-7] QueryString: null 
2022-02-26 17:11:45.316 DEBUG [org.hibernate.SQL@http-nio-8082-exec-7] select useraccoun0_.id as id1_0_, useraccoun0_.version as version2_0_, useraccoun0_.enabled as enabled1_6_, useraccoun0_.identity as identity2_6_, useraccoun0_.password as password3_6_, useraccoun0_.username as username4_6_ from user_account useraccoun0_ where useraccoun0_.username=? 
2022-02-26 17:11:45.316 TRACE [org.hibernate.type.descriptor.sql.BasicBinder@http-nio-8082-exec-7] binding parameter [1] as [VARCHAR] - [anonymous] 
2022-02-26 17:11:45.319 DEBUG [org.hibernate.SQL@http-nio-8082-exec-7] select roles0_.user_account_id as user_acc1_7_0_, roles0_.id as id1_7_0_, roles0_.id as id1_0_1_, roles0_.version as version2_0_1_, roles0_.user_account_id as user_acc1_7_1_, roles0_.company as company1_4_1_, roles0_.sector as sector2_4_1_, roles0_.company as company1_5_1_, roles0_.sector as sector2_5_1_, roles0_.clazz_ as clazz_1_ from ( select id, version, user_account_id, company, sector, 2 as clazz_ from consumer union all select id, version, user_account_id, company, sector, 3 as clazz_ from provider union all select id, version, user_account_id, null as company, null as sector, 5 as clazz_ from administrator union all select id, version, user_account_id, null as company, null as sector, 6 as clazz_ from anonymous union all select id, version, user_account_id, null as company, null as sector, 7 as clazz_ from authenticated ) roles0_ where roles0_.user_account_id=? 
2022-02-26 17:11:45.319 TRACE [org.hibernate.type.descriptor.sql.BasicBinder@http-nio-8082-exec-7] binding parameter [1] as [INTEGER] - [1] 
2022-02-26 17:11:48.103 DEBUG [acme.framework.components.tiles.DynamicTilesView@http-nio-8082-exec-1] View name 'fragments/welcome', model {} 
2022-02-26 17:11:48.104 DEBUG [org.apache.jasper.servlet.JspServlet@http-nio-8082-exec-1] JspEngine --> /WEB-INF/views/master/page.jsp 
2022-02-26 17:11:48.105 DEBUG [org.apache.jasper.servlet.JspServlet@http-nio-8082-exec-1] ServletPath: /WEB-INF/views/master/page.jsp 
2022-02-26 17:11:48.105 DEBUG [org.apache.jasper.servlet.JspServlet@http-nio-8082-exec-1] PathInfo: null 
2022-02-26 17:11:48.105 DEBUG [org.apache.jasper.servlet.JspServlet@http-nio-8082-exec-1] RealPath: C:\Users\Usuario\Desktop\UNIVERSIDAD\DP2\Workspace-22.0\Projects\Acme-Toolkits\target\classes\WEB-INF\views\master\page.jsp 
2022-02-26 17:11:48.106 DEBUG [org.apache.jasper.servlet.JspServlet@http-nio-8082-exec-1] RequestURI: /acme-toolkits-22.1/WEB-INF/views/master/page.jsp 
2022-02-26 17:11:48.106 DEBUG [org.apache.jasper.servlet.JspServlet@http-nio-8082-exec-1] QueryString: null 
2022-02-26 17:11:48.193 DEBUG [org.apache.jasper.servlet.JspServlet@http-nio-8082-exec-1] JspEngine --> /WEB-INF/views/fragments/welcome.jsp 
2022-02-26 17:11:48.194 DEBUG [org.apache.jasper.servlet.JspServlet@http-nio-8082-exec-1] ServletPath: /WEB-INF/views/master/page.jsp 
2022-02-26 17:11:48.194 DEBUG [org.apache.jasper.servlet.JspServlet@http-nio-8082-exec-1] PathInfo: null 
2022-02-26 17:11:48.194 DEBUG [org.apache.jasper.servlet.JspServlet@http-nio-8082-exec-1] RealPath: C:\Users\Usuario\Desktop\UNIVERSIDAD\DP2\Workspace-22.0\Projects\Acme-Toolkits\target\classes\WEB-INF\views\fragments\welcome.jsp 
2022-02-26 17:11:48.195 DEBUG [org.apache.jasper.servlet.JspServlet@http-nio-8082-exec-1] RequestURI: /acme-toolkits-22.1/WEB-INF/views/master/page.jsp 
2022-02-26 17:11:48.195 DEBUG [org.apache.jasper.servlet.JspServlet@http-nio-8082-exec-1] QueryString: null 
2022-02-26 17:11:48.239 DEBUG [org.hibernate.SQL@http-nio-8082-exec-1] select useraccoun0_.id as id1_0_, useraccoun0_.version as version2_0_, useraccoun0_.enabled as enabled1_6_, useraccoun0_.identity as identity2_6_, useraccoun0_.password as password3_6_, useraccoun0_.username as username4_6_ from user_account useraccoun0_ where useraccoun0_.username=? 
2022-02-26 17:11:48.239 TRACE [org.hibernate.type.descriptor.sql.BasicBinder@http-nio-8082-exec-1] binding parameter [1] as [VARCHAR] - [anonymous] 
2022-02-26 17:11:48.241 DEBUG [org.hibernate.SQL@http-nio-8082-exec-1] select roles0_.user_account_id as user_acc1_7_0_, roles0_.id as id1_7_0_, roles0_.id as id1_0_1_, roles0_.version as version2_0_1_, roles0_.user_account_id as user_acc1_7_1_, roles0_.company as company1_4_1_, roles0_.sector as sector2_4_1_, roles0_.company as company1_5_1_, roles0_.sector as sector2_5_1_, roles0_.clazz_ as clazz_1_ from ( select id, version, user_account_id, company, sector, 2 as clazz_ from consumer union all select id, version, user_account_id, company, sector, 3 as clazz_ from provider union all select id, version, user_account_id, null as company, null as sector, 5 as clazz_ from administrator union all select id, version, user_account_id, null as company, null as sector, 6 as clazz_ from anonymous union all select id, version, user_account_id, null as company, null as sector, 7 as clazz_ from authenticated ) roles0_ where roles0_.user_account_id=? 
2022-02-26 17:11:48.241 TRACE [org.hibernate.type.descriptor.sql.BasicBinder@http-nio-8082-exec-1] binding parameter [1] as [INTEGER] - [1] 
2022-02-26 17:11:49.483 DEBUG [acme.framework.components.tiles.DynamicTilesView@http-nio-8082-exec-7] View name 'fragments/welcome', model {} 
2022-02-26 17:11:49.485 DEBUG [org.apache.jasper.servlet.JspServlet@http-nio-8082-exec-7] JspEngine --> /WEB-INF/views/master/page.jsp 
2022-02-26 17:11:49.486 DEBUG [org.apache.jasper.servlet.JspServlet@http-nio-8082-exec-7] ServletPath: /WEB-INF/views/master/page.jsp 
2022-02-26 17:11:49.487 DEBUG [org.apache.jasper.servlet.JspServlet@http-nio-8082-exec-7] PathInfo: null 
2022-02-26 17:11:49.487 DEBUG [org.apache.jasper.servlet.JspServlet@http-nio-8082-exec-7] RealPath: C:\Users\Usuario\Desktop\UNIVERSIDAD\DP2\Workspace-22.0\Projects\Acme-Toolkits\target\classes\WEB-INF\views\master\page.jsp 
2022-02-26 17:11:49.488 DEBUG [org.apache.jasper.servlet.JspServlet@http-nio-8082-exec-7] RequestURI: /acme-toolkits-22.1/WEB-INF/views/master/page.jsp 
2022-02-26 17:11:49.488 DEBUG [org.apache.jasper.servlet.JspServlet@http-nio-8082-exec-7] QueryString: null 
2022-02-26 17:11:49.574 DEBUG [org.apache.jasper.servlet.JspServlet@http-nio-8082-exec-7] JspEngine --> /WEB-INF/views/fragments/welcome.jsp 
2022-02-26 17:11:49.575 DEBUG [org.apache.jasper.servlet.JspServlet@http-nio-8082-exec-7] ServletPath: /WEB-INF/views/master/page.jsp 
2022-02-26 17:11:49.575 DEBUG [org.apache.jasper.servlet.JspServlet@http-nio-8082-exec-7] PathInfo: null 
2022-02-26 17:11:49.576 DEBUG [org.apache.jasper.servlet.JspServlet@http-nio-8082-exec-7] RealPath: C:\Users\Usuario\Desktop\UNIVERSIDAD\DP2\Workspace-22.0\Projects\Acme-Toolkits\target\classes\WEB-INF\views\fragments\welcome.jsp 
2022-02-26 17:11:49.576 DEBUG [org.apache.jasper.servlet.JspServlet@http-nio-8082-exec-7] RequestURI: /acme-toolkits-22.1/WEB-INF/views/master/page.jsp 
2022-02-26 17:11:49.576 DEBUG [org.apache.jasper.servlet.JspServlet@http-nio-8082-exec-7] QueryString: null 
2022-02-26 17:11:49.604 DEBUG [acme.framework.components.tiles.DynamicTilesView@http-nio-8082-exec-1] View name 'fragments/welcome', model {} 
2022-02-26 17:11:49.605 DEBUG [org.apache.jasper.servlet.JspServlet@http-nio-8082-exec-1] JspEngine --> /WEB-INF/views/master/page.jsp 
2022-02-26 17:11:49.605 DEBUG [org.apache.jasper.servlet.JspServlet@http-nio-8082-exec-1] ServletPath: /WEB-INF/views/master/page.jsp 
2022-02-26 17:11:49.605 DEBUG [org.apache.jasper.servlet.JspServlet@http-nio-8082-exec-1] PathInfo: null 
2022-02-26 17:11:49.606 DEBUG [org.apache.jasper.servlet.JspServlet@http-nio-8082-exec-1] RealPath: C:\Users\Usuario\Desktop\UNIVERSIDAD\DP2\Workspace-22.0\Projects\Acme-Toolkits\target\classes\WEB-INF\views\master\page.jsp 
2022-02-26 17:11:49.606 DEBUG [org.apache.jasper.servlet.JspServlet@http-nio-8082-exec-1] RequestURI: /acme-toolkits-22.1/WEB-INF/views/master/page.jsp 
2022-02-26 17:11:49.607 DEBUG [org.apache.jasper.servlet.JspServlet@http-nio-8082-exec-1] QueryString: null 
2022-02-26 17:11:49.635 DEBUG [org.hibernate.SQL@http-nio-8082-exec-7] select useraccoun0_.id as id1_0_, useraccoun0_.version as version2_0_, useraccoun0_.enabled as enabled1_6_, useraccoun0_.identity as identity2_6_, useraccoun0_.password as password3_6_, useraccoun0_.username as username4_6_ from user_account useraccoun0_ where useraccoun0_.username=? 
2022-02-26 17:11:49.636 TRACE [org.hibernate.type.descriptor.sql.BasicBinder@http-nio-8082-exec-7] binding parameter [1] as [VARCHAR] - [anonymous] 
2022-02-26 17:11:49.639 DEBUG [org.hibernate.SQL@http-nio-8082-exec-7] select roles0_.user_account_id as user_acc1_7_0_, roles0_.id as id1_7_0_, roles0_.id as id1_0_1_, roles0_.version as version2_0_1_, roles0_.user_account_id as user_acc1_7_1_, roles0_.company as company1_4_1_, roles0_.sector as sector2_4_1_, roles0_.company as company1_5_1_, roles0_.sector as sector2_5_1_, roles0_.clazz_ as clazz_1_ from ( select id, version, user_account_id, company, sector, 2 as clazz_ from consumer union all select id, version, user_account_id, company, sector, 3 as clazz_ from provider union all select id, version, user_account_id, null as company, null as sector, 5 as clazz_ from administrator union all select id, version, user_account_id, null as company, null as sector, 6 as clazz_ from anonymous union all select id, version, user_account_id, null as company, null as sector, 7 as clazz_ from authenticated ) roles0_ where roles0_.user_account_id=? 
2022-02-26 17:11:49.639 TRACE [org.hibernate.type.descriptor.sql.BasicBinder@http-nio-8082-exec-7] binding parameter [1] as [INTEGER] - [1] 
2022-02-26 17:11:49.685 DEBUG [org.apache.jasper.servlet.JspServlet@http-nio-8082-exec-1] JspEngine --> /WEB-INF/views/fragments/welcome.jsp 
2022-02-26 17:11:49.685 DEBUG [org.apache.jasper.servlet.JspServlet@http-nio-8082-exec-1] ServletPath: /WEB-INF/views/master/page.jsp 
2022-02-26 17:11:49.686 DEBUG [org.apache.jasper.servlet.JspServlet@http-nio-8082-exec-1] PathInfo: null 
2022-02-26 17:11:49.686 DEBUG [org.apache.jasper.servlet.JspServlet@http-nio-8082-exec-1] RealPath: C:\Users\Usuario\Desktop\UNIVERSIDAD\DP2\Workspace-22.0\Projects\Acme-Toolkits\target\classes\WEB-INF\views\fragments\welcome.jsp 
2022-02-26 17:11:49.686 DEBUG [org.apache.jasper.servlet.JspServlet@http-nio-8082-exec-1] RequestURI: /acme-toolkits-22.1/WEB-INF/views/master/page.jsp 
2022-02-26 17:11:49.687 DEBUG [org.apache.jasper.servlet.JspServlet@http-nio-8082-exec-1] QueryString: null 
2022-02-26 17:11:49.727 DEBUG [acme.framework.components.tiles.DynamicTilesView@http-nio-8082-exec-2] View name 'fragments/welcome', model {} 
2022-02-26 17:11:49.729 DEBUG [org.apache.jasper.servlet.JspServlet@http-nio-8082-exec-2] JspEngine --> /WEB-INF/views/master/page.jsp 
2022-02-26 17:11:49.729 DEBUG [org.apache.jasper.servlet.JspServlet@http-nio-8082-exec-2] ServletPath: /WEB-INF/views/master/page.jsp 
2022-02-26 17:11:49.729 DEBUG [org.apache.jasper.servlet.JspServlet@http-nio-8082-exec-2] PathInfo: null 
2022-02-26 17:11:49.729 DEBUG [org.apache.jasper.servlet.JspServlet@http-nio-8082-exec-2] RealPath: C:\Users\Usuario\Desktop\UNIVERSIDAD\DP2\Workspace-22.0\Projects\Acme-Toolkits\target\classes\WEB-INF\views\master\page.jsp 
2022-02-26 17:11:49.729 DEBUG [org.apache.jasper.servlet.JspServlet@http-nio-8082-exec-2] RequestURI: /acme-toolkits-22.1/WEB-INF/views/master/page.jsp 
2022-02-26 17:11:49.730 DEBUG [org.apache.jasper.servlet.JspServlet@http-nio-8082-exec-2] QueryString: null 
2022-02-26 17:11:49.733 DEBUG [org.hibernate.SQL@http-nio-8082-exec-1] select useraccoun0_.id as id1_0_, useraccoun0_.version as version2_0_, useraccoun0_.enabled as enabled1_6_, useraccoun0_.identity as identity2_6_, useraccoun0_.password as password3_6_, useraccoun0_.username as username4_6_ from user_account useraccoun0_ where useraccoun0_.username=? 
2022-02-26 17:11:49.734 TRACE [org.hibernate.type.descriptor.sql.BasicBinder@http-nio-8082-exec-1] binding parameter [1] as [VARCHAR] - [anonymous] 
2022-02-26 17:11:49.736 DEBUG [org.hibernate.SQL@http-nio-8082-exec-1] select roles0_.user_account_id as user_acc1_7_0_, roles0_.id as id1_7_0_, roles0_.id as id1_0_1_, roles0_.version as version2_0_1_, roles0_.user_account_id as user_acc1_7_1_, roles0_.company as company1_4_1_, roles0_.sector as sector2_4_1_, roles0_.company as company1_5_1_, roles0_.sector as sector2_5_1_, roles0_.clazz_ as clazz_1_ from ( select id, version, user_account_id, company, sector, 2 as clazz_ from consumer union all select id, version, user_account_id, company, sector, 3 as clazz_ from provider union all select id, version, user_account_id, null as company, null as sector, 5 as clazz_ from administrator union all select id, version, user_account_id, null as company, null as sector, 6 as clazz_ from anonymous union all select id, version, user_account_id, null as company, null as sector, 7 as clazz_ from authenticated ) roles0_ where roles0_.user_account_id=? 
2022-02-26 17:11:49.736 TRACE [org.hibernate.type.descriptor.sql.BasicBinder@http-nio-8082-exec-1] binding parameter [1] as [INTEGER] - [1] 
2022-02-26 17:11:49.808 DEBUG [org.apache.jasper.servlet.JspServlet@http-nio-8082-exec-2] JspEngine --> /WEB-INF/views/fragments/welcome.jsp 
2022-02-26 17:11:49.808 DEBUG [org.apache.jasper.servlet.JspServlet@http-nio-8082-exec-2] ServletPath: /WEB-INF/views/master/page.jsp 
2022-02-26 17:11:49.808 DEBUG [org.apache.jasper.servlet.JspServlet@http-nio-8082-exec-2] PathInfo: null 
2022-02-26 17:11:49.809 DEBUG [org.apache.jasper.servlet.JspServlet@http-nio-8082-exec-2] RealPath: C:\Users\Usuario\Desktop\UNIVERSIDAD\DP2\Workspace-22.0\Projects\Acme-Toolkits\target\classes\WEB-INF\views\fragments\welcome.jsp 
2022-02-26 17:11:49.809 DEBUG [org.apache.jasper.servlet.JspServlet@http-nio-8082-exec-2] RequestURI: /acme-toolkits-22.1/WEB-INF/views/master/page.jsp 
2022-02-26 17:11:49.809 DEBUG [org.apache.jasper.servlet.JspServlet@http-nio-8082-exec-2] QueryString: null 
2022-02-26 17:11:49.858 DEBUG [acme.framework.components.tiles.DynamicTilesView@http-nio-8082-exec-8] View name 'fragments/welcome', model {} 
2022-02-26 17:11:49.859 DEBUG [org.apache.jasper.servlet.JspServlet@http-nio-8082-exec-8] JspEngine --> /WEB-INF/views/master/page.jsp 
2022-02-26 17:11:49.860 DEBUG [org.apache.jasper.servlet.JspServlet@http-nio-8082-exec-8] ServletPath: /WEB-INF/views/master/page.jsp 
2022-02-26 17:11:49.860 DEBUG [org.apache.jasper.servlet.JspServlet@http-nio-8082-exec-8] PathInfo: null 
2022-02-26 17:11:49.860 DEBUG [org.apache.jasper.servlet.JspServlet@http-nio-8082-exec-8] RealPath: C:\Users\Usuario\Desktop\UNIVERSIDAD\DP2\Workspace-22.0\Projects\Acme-Toolkits\target\classes\WEB-INF\views\master\page.jsp 
2022-02-26 17:11:49.860 DEBUG [org.apache.jasper.servlet.JspServlet@http-nio-8082-exec-8] RequestURI: /acme-toolkits-22.1/WEB-INF/views/master/page.jsp 
2022-02-26 17:11:49.861 DEBUG [org.apache.jasper.servlet.JspServlet@http-nio-8082-exec-8] QueryString: null 
2022-02-26 17:11:49.861 DEBUG [org.hibernate.SQL@http-nio-8082-exec-2] select useraccoun0_.id as id1_0_, useraccoun0_.version as version2_0_, useraccoun0_.enabled as enabled1_6_, useraccoun0_.identity as identity2_6_, useraccoun0_.password as password3_6_, useraccoun0_.username as username4_6_ from user_account useraccoun0_ where useraccoun0_.username=? 
2022-02-26 17:11:49.862 TRACE [org.hibernate.type.descriptor.sql.BasicBinder@http-nio-8082-exec-2] binding parameter [1] as [VARCHAR] - [anonymous] 
2022-02-26 17:11:49.864 DEBUG [org.hibernate.SQL@http-nio-8082-exec-2] select roles0_.user_account_id as user_acc1_7_0_, roles0_.id as id1_7_0_, roles0_.id as id1_0_1_, roles0_.version as version2_0_1_, roles0_.user_account_id as user_acc1_7_1_, roles0_.company as company1_4_1_, roles0_.sector as sector2_4_1_, roles0_.company as company1_5_1_, roles0_.sector as sector2_5_1_, roles0_.clazz_ as clazz_1_ from ( select id, version, user_account_id, company, sector, 2 as clazz_ from consumer union all select id, version, user_account_id, company, sector, 3 as clazz_ from provider union all select id, version, user_account_id, null as company, null as sector, 5 as clazz_ from administrator union all select id, version, user_account_id, null as company, null as sector, 6 as clazz_ from anonymous union all select id, version, user_account_id, null as company, null as sector, 7 as clazz_ from authenticated ) roles0_ where roles0_.user_account_id=? 
2022-02-26 17:11:49.864 TRACE [org.hibernate.type.descriptor.sql.BasicBinder@http-nio-8082-exec-2] binding parameter [1] as [INTEGER] - [1] 
2022-02-26 17:11:49.942 DEBUG [org.apache.jasper.servlet.JspServlet@http-nio-8082-exec-8] JspEngine --> /WEB-INF/views/fragments/welcome.jsp 
2022-02-26 17:11:49.943 DEBUG [org.apache.jasper.servlet.JspServlet@http-nio-8082-exec-8] ServletPath: /WEB-INF/views/master/page.jsp 
2022-02-26 17:11:49.943 DEBUG [org.apache.jasper.servlet.JspServlet@http-nio-8082-exec-8] PathInfo: null 
2022-02-26 17:11:49.943 DEBUG [org.apache.jasper.servlet.JspServlet@http-nio-8082-exec-8] RealPath: C:\Users\Usuario\Desktop\UNIVERSIDAD\DP2\Workspace-22.0\Projects\Acme-Toolkits\target\classes\WEB-INF\views\fragments\welcome.jsp 
2022-02-26 17:11:49.944 DEBUG [org.apache.jasper.servlet.JspServlet@http-nio-8082-exec-8] RequestURI: /acme-toolkits-22.1/WEB-INF/views/master/page.jsp 
2022-02-26 17:11:49.944 DEBUG [org.apache.jasper.servlet.JspServlet@http-nio-8082-exec-8] QueryString: null 
2022-02-26 17:11:50.001 DEBUG [org.hibernate.SQL@http-nio-8082-exec-8] select useraccoun0_.id as id1_0_, useraccoun0_.version as version2_0_, useraccoun0_.enabled as enabled1_6_, useraccoun0_.identity as identity2_6_, useraccoun0_.password as password3_6_, useraccoun0_.username as username4_6_ from user_account useraccoun0_ where useraccoun0_.username=? 
2022-02-26 17:11:50.001 TRACE [org.hibernate.type.descriptor.sql.BasicBinder@http-nio-8082-exec-8] binding parameter [1] as [VARCHAR] - [anonymous] 
2022-02-26 17:11:50.004 DEBUG [org.hibernate.SQL@http-nio-8082-exec-8] select roles0_.user_account_id as user_acc1_7_0_, roles0_.id as id1_7_0_, roles0_.id as id1_0_1_, roles0_.version as version2_0_1_, roles0_.user_account_id as user_acc1_7_1_, roles0_.company as company1_4_1_, roles0_.sector as sector2_4_1_, roles0_.company as company1_5_1_, roles0_.sector as sector2_5_1_, roles0_.clazz_ as clazz_1_ from ( select id, version, user_account_id, company, sector, 2 as clazz_ from consumer union all select id, version, user_account_id, company, sector, 3 as clazz_ from provider union all select id, version, user_account_id, null as company, null as sector, 5 as clazz_ from administrator union all select id, version, user_account_id, null as company, null as sector, 6 as clazz_ from anonymous union all select id, version, user_account_id, null as company, null as sector, 7 as clazz_ from authenticated ) roles0_ where roles0_.user_account_id=? 
2022-02-26 17:11:50.004 TRACE [org.hibernate.type.descriptor.sql.BasicBinder@http-nio-8082-exec-8] binding parameter [1] as [INTEGER] - [1] 
2022-02-26 17:11:51.835 DEBUG [acme.framework.components.tiles.DynamicTilesView@http-nio-8082-exec-9] View name 'fragments/welcome', model {} 
2022-02-26 17:11:51.837 DEBUG [org.apache.jasper.servlet.JspServlet@http-nio-8082-exec-9] JspEngine --> /WEB-INF/views/master/page.jsp 
2022-02-26 17:11:51.838 DEBUG [org.apache.jasper.servlet.JspServlet@http-nio-8082-exec-9] ServletPath: /WEB-INF/views/master/page.jsp 
2022-02-26 17:11:51.838 DEBUG [org.apache.jasper.servlet.JspServlet@http-nio-8082-exec-9] PathInfo: null 
2022-02-26 17:11:51.839 DEBUG [org.apache.jasper.servlet.JspServlet@http-nio-8082-exec-9] RealPath: C:\Users\Usuario\Desktop\UNIVERSIDAD\DP2\Workspace-22.0\Projects\Acme-Toolkits\target\classes\WEB-INF\views\master\page.jsp 
2022-02-26 17:11:51.839 DEBUG [org.apache.jasper.servlet.JspServlet@http-nio-8082-exec-9] RequestURI: /acme-toolkits-22.1/WEB-INF/views/master/page.jsp 
2022-02-26 17:11:51.840 DEBUG [org.apache.jasper.servlet.JspServlet@http-nio-8082-exec-9] QueryString: null 
2022-02-26 17:11:51.914 DEBUG [org.apache.jasper.servlet.JspServlet@http-nio-8082-exec-9] JspEngine --> /WEB-INF/views/fragments/welcome.jsp 
2022-02-26 17:11:51.915 DEBUG [org.apache.jasper.servlet.JspServlet@http-nio-8082-exec-9] ServletPath: /WEB-INF/views/master/page.jsp 
2022-02-26 17:11:51.915 DEBUG [org.apache.jasper.servlet.JspServlet@http-nio-8082-exec-9] PathInfo: null 
2022-02-26 17:11:51.916 DEBUG [org.apache.jasper.servlet.JspServlet@http-nio-8082-exec-9] RealPath: C:\Users\Usuario\Desktop\UNIVERSIDAD\DP2\Workspace-22.0\Projects\Acme-Toolkits\target\classes\WEB-INF\views\fragments\welcome.jsp 
2022-02-26 17:11:51.916 DEBUG [org.apache.jasper.servlet.JspServlet@http-nio-8082-exec-9] RequestURI: /acme-toolkits-22.1/WEB-INF/views/master/page.jsp 
2022-02-26 17:11:51.916 DEBUG [org.apache.jasper.servlet.JspServlet@http-nio-8082-exec-9] QueryString: null 
2022-02-26 17:11:51.959 DEBUG [org.hibernate.SQL@http-nio-8082-exec-9] select useraccoun0_.id as id1_0_, useraccoun0_.version as version2_0_, useraccoun0_.enabled as enabled1_6_, useraccoun0_.identity as identity2_6_, useraccoun0_.password as password3_6_, useraccoun0_.username as username4_6_ from user_account useraccoun0_ where useraccoun0_.username=? 
2022-02-26 17:11:51.960 TRACE [org.hibernate.type.descriptor.sql.BasicBinder@http-nio-8082-exec-9] binding parameter [1] as [VARCHAR] - [anonymous] 
2022-02-26 17:11:51.961 DEBUG [org.hibernate.SQL@http-nio-8082-exec-9] select roles0_.user_account_id as user_acc1_7_0_, roles0_.id as id1_7_0_, roles0_.id as id1_0_1_, roles0_.version as version2_0_1_, roles0_.user_account_id as user_acc1_7_1_, roles0_.company as company1_4_1_, roles0_.sector as sector2_4_1_, roles0_.company as company1_5_1_, roles0_.sector as sector2_5_1_, roles0_.clazz_ as clazz_1_ from ( select id, version, user_account_id, company, sector, 2 as clazz_ from consumer union all select id, version, user_account_id, company, sector, 3 as clazz_ from provider union all select id, version, user_account_id, null as company, null as sector, 5 as clazz_ from administrator union all select id, version, user_account_id, null as company, null as sector, 6 as clazz_ from anonymous union all select id, version, user_account_id, null as company, null as sector, 7 as clazz_ from authenticated ) roles0_ where roles0_.user_account_id=? 
2022-02-26 17:11:51.962 TRACE [org.hibernate.type.descriptor.sql.BasicBinder@http-nio-8082-exec-9] binding parameter [1] as [INTEGER] - [1] 
2022-02-26 17:11:53.181 DEBUG [acme.framework.components.tiles.DynamicTilesView@http-nio-8082-exec-7] View name 'fragments/welcome', model {} 
2022-02-26 17:11:53.184 DEBUG [org.apache.jasper.servlet.JspServlet@http-nio-8082-exec-7] JspEngine --> /WEB-INF/views/master/page.jsp 
2022-02-26 17:11:53.184 DEBUG [org.apache.jasper.servlet.JspServlet@http-nio-8082-exec-7] ServletPath: /WEB-INF/views/master/page.jsp 
2022-02-26 17:11:53.185 DEBUG [org.apache.jasper.servlet.JspServlet@http-nio-8082-exec-7] PathInfo: null 
2022-02-26 17:11:53.185 DEBUG [org.apache.jasper.servlet.JspServlet@http-nio-8082-exec-7] RealPath: C:\Users\Usuario\Desktop\UNIVERSIDAD\DP2\Workspace-22.0\Projects\Acme-Toolkits\target\classes\WEB-INF\views\master\page.jsp 
2022-02-26 17:11:53.185 DEBUG [org.apache.jasper.servlet.JspServlet@http-nio-8082-exec-7] RequestURI: /acme-toolkits-22.1/WEB-INF/views/master/page.jsp 
2022-02-26 17:11:53.185 DEBUG [org.apache.jasper.servlet.JspServlet@http-nio-8082-exec-7] QueryString: null 
2022-02-26 17:11:53.259 DEBUG [org.apache.jasper.servlet.JspServlet@http-nio-8082-exec-7] JspEngine --> /WEB-INF/views/fragments/welcome.jsp 
2022-02-26 17:11:53.260 DEBUG [org.apache.jasper.servlet.JspServlet@http-nio-8082-exec-7] ServletPath: /WEB-INF/views/master/page.jsp 
2022-02-26 17:11:53.260 DEBUG [org.apache.jasper.servlet.JspServlet@http-nio-8082-exec-7] PathInfo: null 
2022-02-26 17:11:53.260 DEBUG [org.apache.jasper.servlet.JspServlet@http-nio-8082-exec-7] RealPath: C:\Users\Usuario\Desktop\UNIVERSIDAD\DP2\Workspace-22.0\Projects\Acme-Toolkits\target\classes\WEB-INF\views\fragments\welcome.jsp 
2022-02-26 17:11:53.261 DEBUG [org.apache.jasper.servlet.JspServlet@http-nio-8082-exec-7] RequestURI: /acme-toolkits-22.1/WEB-INF/views/master/page.jsp 
2022-02-26 17:11:53.261 DEBUG [org.apache.jasper.servlet.JspServlet@http-nio-8082-exec-7] QueryString: null 
2022-02-26 17:11:53.302 DEBUG [org.hibernate.SQL@http-nio-8082-exec-7] select useraccoun0_.id as id1_0_, useraccoun0_.version as version2_0_, useraccoun0_.enabled as enabled1_6_, useraccoun0_.identity as identity2_6_, useraccoun0_.password as password3_6_, useraccoun0_.username as username4_6_ from user_account useraccoun0_ where useraccoun0_.username=? 
2022-02-26 17:11:53.303 TRACE [org.hibernate.type.descriptor.sql.BasicBinder@http-nio-8082-exec-7] binding parameter [1] as [VARCHAR] - [anonymous] 
2022-02-26 17:11:53.305 DEBUG [org.hibernate.SQL@http-nio-8082-exec-7] select roles0_.user_account_id as user_acc1_7_0_, roles0_.id as id1_7_0_, roles0_.id as id1_0_1_, roles0_.version as version2_0_1_, roles0_.user_account_id as user_acc1_7_1_, roles0_.company as company1_4_1_, roles0_.sector as sector2_4_1_, roles0_.company as company1_5_1_, roles0_.sector as sector2_5_1_, roles0_.clazz_ as clazz_1_ from ( select id, version, user_account_id, company, sector, 2 as clazz_ from consumer union all select id, version, user_account_id, company, sector, 3 as clazz_ from provider union all select id, version, user_account_id, null as company, null as sector, 5 as clazz_ from administrator union all select id, version, user_account_id, null as company, null as sector, 6 as clazz_ from anonymous union all select id, version, user_account_id, null as company, null as sector, 7 as clazz_ from authenticated ) roles0_ where roles0_.user_account_id=? 
2022-02-26 17:11:53.306 TRACE [org.hibernate.type.descriptor.sql.BasicBinder@http-nio-8082-exec-7] binding parameter [1] as [INTEGER] - [1] 
2022-02-26 17:11:54.805 DEBUG [acme.framework.components.tiles.DynamicTilesView@http-nio-8082-exec-5] View name 'fragments/welcome', model {} 
2022-02-26 17:11:54.806 DEBUG [org.apache.jasper.servlet.JspServlet@http-nio-8082-exec-5] JspEngine --> /WEB-INF/views/master/page.jsp 
2022-02-26 17:11:54.806 DEBUG [org.apache.jasper.servlet.JspServlet@http-nio-8082-exec-5] ServletPath: /WEB-INF/views/master/page.jsp 
2022-02-26 17:11:54.807 DEBUG [org.apache.jasper.servlet.JspServlet@http-nio-8082-exec-5] PathInfo: null 
2022-02-26 17:11:54.807 DEBUG [org.apache.jasper.servlet.JspServlet@http-nio-8082-exec-5] RealPath: C:\Users\Usuario\Desktop\UNIVERSIDAD\DP2\Workspace-22.0\Projects\Acme-Toolkits\target\classes\WEB-INF\views\master\page.jsp 
2022-02-26 17:11:54.807 DEBUG [org.apache.jasper.servlet.JspServlet@http-nio-8082-exec-5] RequestURI: /acme-toolkits-22.1/WEB-INF/views/master/page.jsp 
2022-02-26 17:11:54.807 DEBUG [org.apache.jasper.servlet.JspServlet@http-nio-8082-exec-5] QueryString: null 
2022-02-26 17:11:54.884 DEBUG [org.apache.jasper.servlet.JspServlet@http-nio-8082-exec-5] JspEngine --> /WEB-INF/views/fragments/welcome.jsp 
2022-02-26 17:11:54.885 DEBUG [org.apache.jasper.servlet.JspServlet@http-nio-8082-exec-5] ServletPath: /WEB-INF/views/master/page.jsp 
2022-02-26 17:11:54.885 DEBUG [org.apache.jasper.servlet.JspServlet@http-nio-8082-exec-5] PathInfo: null 
2022-02-26 17:11:54.885 DEBUG [org.apache.jasper.servlet.JspServlet@http-nio-8082-exec-5] RealPath: C:\Users\Usuario\Desktop\UNIVERSIDAD\DP2\Workspace-22.0\Projects\Acme-Toolkits\target\classes\WEB-INF\views\fragments\welcome.jsp 
2022-02-26 17:11:54.885 DEBUG [org.apache.jasper.servlet.JspServlet@http-nio-8082-exec-5] RequestURI: /acme-toolkits-22.1/WEB-INF/views/master/page.jsp 
2022-02-26 17:11:54.885 DEBUG [org.apache.jasper.servlet.JspServlet@http-nio-8082-exec-5] QueryString: null 
2022-02-26 17:11:54.931 DEBUG [org.hibernate.SQL@http-nio-8082-exec-5] select useraccoun0_.id as id1_0_, useraccoun0_.version as version2_0_, useraccoun0_.enabled as enabled1_6_, useraccoun0_.identity as identity2_6_, useraccoun0_.password as password3_6_, useraccoun0_.username as username4_6_ from user_account useraccoun0_ where useraccoun0_.username=? 
2022-02-26 17:11:54.931 TRACE [org.hibernate.type.descriptor.sql.BasicBinder@http-nio-8082-exec-5] binding parameter [1] as [VARCHAR] - [anonymous] 
2022-02-26 17:11:54.933 DEBUG [org.hibernate.SQL@http-nio-8082-exec-5] select roles0_.user_account_id as user_acc1_7_0_, roles0_.id as id1_7_0_, roles0_.id as id1_0_1_, roles0_.version as version2_0_1_, roles0_.user_account_id as user_acc1_7_1_, roles0_.company as company1_4_1_, roles0_.sector as sector2_4_1_, roles0_.company as company1_5_1_, roles0_.sector as sector2_5_1_, roles0_.clazz_ as clazz_1_ from ( select id, version, user_account_id, company, sector, 2 as clazz_ from consumer union all select id, version, user_account_id, company, sector, 3 as clazz_ from provider union all select id, version, user_account_id, null as company, null as sector, 5 as clazz_ from administrator union all select id, version, user_account_id, null as company, null as sector, 6 as clazz_ from anonymous union all select id, version, user_account_id, null as company, null as sector, 7 as clazz_ from authenticated ) roles0_ where roles0_.user_account_id=? 
2022-02-26 17:11:54.933 TRACE [org.hibernate.type.descriptor.sql.BasicBinder@http-nio-8082-exec-5] binding parameter [1] as [INTEGER] - [1] 
