2022-02-22 21:27:32.659 INFO  [acme.Launcher@main] Starting Launcher using Java 1.8.0_281 on MSI with PID 10072 (C:\Users\jaime\Desktop\Universidad\DP2\Workspace-22.0\Workspace-22.0\Frameworks\Acme-Framework-22.1\target\classes started by jaime in C:\Users\jaime\Desktop\Universidad\DP2\Workspace-22.0\Workspace-22.0\Projects\Acme-Toolkits) 
2022-02-22 21:27:32.662 DEBUG [acme.Launcher@main] Running with Spring Boot v2.4.2, Spring v5.3.3 
2022-02-22 21:27:32.665 INFO  [acme.Launcher@main] The following profiles are active: development,populator 
2022-02-22 21:27:42.509 DEBUG [org.apache.jasper.servlet.JasperInitializer@main] Initializing Jasper for context [application] 
2022-02-22 21:27:50.507 DEBUG [org.apache.jasper.servlet.JspServlet@main] Scratch dir for the JSP engine is: [C:\Users\jaime\AppData\Local\Temp\tomcat.8083.1895692307393100616\work\Tomcat\localhost\acme-toolkits-22.1] 
2022-02-22 21:27:50.509 DEBUG [org.apache.jasper.servlet.JspServlet@main] IMPORTANT: Do not modify the generated servlets 
2022-02-22 21:27:50.589 INFO  [acme.Launcher@main] Started Launcher in 19.364 seconds (JVM running for 21.487) 
2022-02-22 21:27:50.619 DEBUG [acme.Launcher@main] Found classpath entry '/C:/Users/jaime/Desktop/Universidad/DP2/Workspace-22.0/Workspace-22.0/Projects/Acme-Toolkits/target/classes/' 
2022-02-22 21:27:50.620 DEBUG [acme.Launcher@main] Found classpath entry '/C:/Users/jaime/Desktop/Universidad/DP2/Workspace-22.0/Workspace-22.0/Projects/Acme-Toolkits/target/test-classes/' 
2022-02-22 21:27:50.621 DEBUG [acme.Launcher@main] Found classpath entry '/C:/Users/jaime/.m2/repository/org/springframework/boot/spring-boot-starter-tomcat/2.4.2/spring-boot-starter-tomcat-2.4.2.jar' 
2022-02-22 21:27:50.621 DEBUG [acme.Launcher@main] Found classpath entry '/C:/Users/jaime/.m2/repository/jakarta/annotation/jakarta.annotation-api/1.3.5/jakarta.annotation-api-1.3.5.jar' 
2022-02-22 21:27:50.622 DEBUG [acme.Launcher@main] Found classpath entry '/C:/Users/jaime/.m2/repository/org/apache/tomcat/embed/tomcat-embed-core/9.0.41/tomcat-embed-core-9.0.41.jar' 
2022-02-22 21:27:50.622 DEBUG [acme.Launcher@main] Found classpath entry '/C:/Users/jaime/.m2/repository/org/glassfish/jakarta.el/3.0.3/jakarta.el-3.0.3.jar' 
2022-02-22 21:27:50.625 DEBUG [acme.Launcher@main] Found classpath entry '/C:/Users/jaime/.m2/repository/org/apache/tomcat/embed/tomcat-embed-websocket/9.0.41/tomcat-embed-websocket-9.0.41.jar' 
2022-02-22 21:27:50.626 DEBUG [acme.Launcher@main] Found classpath entry '/C:/Users/jaime/.m2/repository/org/apache/tomcat/embed/tomcat-embed-jasper/9.0.41/tomcat-embed-jasper-9.0.41.jar' 
2022-02-22 21:27:50.627 DEBUG [acme.Launcher@main] Found classpath entry '/C:/Users/jaime/.m2/repository/org/apache/tomcat/embed/tomcat-embed-el/9.0.41/tomcat-embed-el-9.0.41.jar' 
2022-02-22 21:27:50.629 DEBUG [acme.Launcher@main] Found classpath entry '/C:/Users/jaime/.m2/repository/org/eclipse/jdt/ecj/3.18.0/ecj-3.18.0.jar' 
2022-02-22 21:27:50.629 DEBUG [acme.Launcher@main] Found classpath entry '/C:/Users/jaime/.m2/repository/javax/servlet/jstl/1.2/jstl-1.2.jar' 
2022-02-22 21:27:50.630 DEBUG [acme.Launcher@main] Found classpath entry '/C:/Users/jaime/.m2/repository/org/springframework/boot/spring-boot-starter-test/2.4.2/spring-boot-starter-test-2.4.2.jar' 
2022-02-22 21:27:50.631 DEBUG [acme.Launcher@main] Found classpath entry '/C:/Users/jaime/.m2/repository/org/springframework/boot/spring-boot-starter/2.4.2/spring-boot-starter-2.4.2.jar' 
2022-02-22 21:27:50.632 DEBUG [acme.Launcher@main] Found classpath entry '/C:/Users/jaime/.m2/repository/org/springframework/boot/spring-boot/2.4.2/spring-boot-2.4.2.jar' 
2022-02-22 21:27:50.632 DEBUG [acme.Launcher@main] Found classpath entry '/C:/Users/jaime/.m2/repository/org/springframework/boot/spring-boot-autoconfigure/2.4.2/spring-boot-autoconfigure-2.4.2.jar' 
2022-02-22 21:27:50.633 DEBUG [acme.Launcher@main] Found classpath entry '/C:/Users/jaime/.m2/repository/org/springframework/boot/spring-boot-starter-logging/2.4.2/spring-boot-starter-logging-2.4.2.jar' 
2022-02-22 21:27:50.634 DEBUG [acme.Launcher@main] Found classpath entry '/C:/Users/jaime/.m2/repository/ch/qos/logback/logback-classic/1.2.3/logback-classic-1.2.3.jar' 
2022-02-22 21:27:50.634 DEBUG [acme.Launcher@main] Found classpath entry '/C:/Users/jaime/.m2/repository/ch/qos/logback/logback-core/1.2.3/logback-core-1.2.3.jar' 
2022-02-22 21:27:50.635 DEBUG [acme.Launcher@main] Found classpath entry '/C:/Users/jaime/.m2/repository/org/apache/logging/log4j/log4j-to-slf4j/2.13.3/log4j-to-slf4j-2.13.3.jar' 
2022-02-22 21:27:50.636 DEBUG [acme.Launcher@main] Found classpath entry '/C:/Users/jaime/.m2/repository/org/apache/logging/log4j/log4j-api/2.13.3/log4j-api-2.13.3.jar' 
2022-02-22 21:27:50.636 DEBUG [acme.Launcher@main] Found classpath entry '/C:/Users/jaime/.m2/repository/org/slf4j/jul-to-slf4j/1.7.30/jul-to-slf4j-1.7.30.jar' 
2022-02-22 21:27:50.636 DEBUG [acme.Launcher@main] Found classpath entry '/C:/Users/jaime/.m2/repository/org/yaml/snakeyaml/1.27/snakeyaml-1.27.jar' 
2022-02-22 21:27:50.638 DEBUG [acme.Launcher@main] Found classpath entry '/C:/Users/jaime/.m2/repository/org/springframework/boot/spring-boot-test/2.4.2/spring-boot-test-2.4.2.jar' 
2022-02-22 21:27:50.638 DEBUG [acme.Launcher@main] Found classpath entry '/C:/Users/jaime/.m2/repository/org/springframework/boot/spring-boot-test-autoconfigure/2.4.2/spring-boot-test-autoconfigure-2.4.2.jar' 
2022-02-22 21:27:50.640 DEBUG [acme.Launcher@main] Found classpath entry '/C:/Users/jaime/.m2/repository/com/jayway/jsonpath/json-path/2.4.0/json-path-2.4.0.jar' 
2022-02-22 21:27:50.641 DEBUG [acme.Launcher@main] Found classpath entry '/C:/Users/jaime/.m2/repository/net/minidev/json-smart/2.3/json-smart-2.3.jar' 
2022-02-22 21:27:50.641 DEBUG [acme.Launcher@main] Found classpath entry '/C:/Users/jaime/.m2/repository/net/minidev/accessors-smart/1.2/accessors-smart-1.2.jar' 
2022-02-22 21:27:50.642 DEBUG [acme.Launcher@main] Found classpath entry '/C:/Users/jaime/.m2/repository/org/ow2/asm/asm/5.0.4/asm-5.0.4.jar' 
2022-02-22 21:27:50.642 DEBUG [acme.Launcher@main] Found classpath entry '/C:/Users/jaime/.m2/repository/jakarta/xml/bind/jakarta.xml.bind-api/2.3.3/jakarta.xml.bind-api-2.3.3.jar' 
2022-02-22 21:27:50.643 DEBUG [acme.Launcher@main] Found classpath entry '/C:/Users/jaime/.m2/repository/jakarta/activation/jakarta.activation-api/1.2.2/jakarta.activation-api-1.2.2.jar' 
2022-02-22 21:27:50.644 DEBUG [acme.Launcher@main] Found classpath entry '/C:/Users/jaime/.m2/repository/org/assertj/assertj-core/3.18.1/assertj-core-3.18.1.jar' 
2022-02-22 21:27:50.645 DEBUG [acme.Launcher@main] Found classpath entry '/C:/Users/jaime/.m2/repository/org/hamcrest/hamcrest/2.2/hamcrest-2.2.jar' 
2022-02-22 21:27:50.645 DEBUG [acme.Launcher@main] Found classpath entry '/C:/Users/jaime/.m2/repository/org/junit/jupiter/junit-jupiter/5.7.0/junit-jupiter-5.7.0.jar' 
2022-02-22 21:27:50.645 DEBUG [acme.Launcher@main] Found classpath entry '/C:/Users/jaime/.m2/repository/org/mockito/mockito-core/3.6.28/mockito-core-3.6.28.jar' 
2022-02-22 21:27:50.646 DEBUG [acme.Launcher@main] Found classpath entry '/C:/Users/jaime/.m2/repository/net/bytebuddy/byte-buddy-agent/1.10.19/byte-buddy-agent-1.10.19.jar' 
2022-02-22 21:27:50.646 DEBUG [acme.Launcher@main] Found classpath entry '/C:/Users/jaime/.m2/repository/org/objenesis/objenesis/3.1/objenesis-3.1.jar' 
2022-02-22 21:27:50.647 DEBUG [acme.Launcher@main] Found classpath entry '/C:/Users/jaime/.m2/repository/org/mockito/mockito-junit-jupiter/3.6.28/mockito-junit-jupiter-3.6.28.jar' 
2022-02-22 21:27:50.647 DEBUG [acme.Launcher@main] Found classpath entry '/C:/Users/jaime/.m2/repository/org/skyscreamer/jsonassert/1.5.0/jsonassert-1.5.0.jar' 
2022-02-22 21:27:50.651 DEBUG [acme.Launcher@main] Found classpath entry '/C:/Users/jaime/.m2/repository/com/vaadin/external/google/android-json/0.0.20131108.vaadin1/android-json-0.0.20131108.vaadin1.jar' 
2022-02-22 21:27:50.652 DEBUG [acme.Launcher@main] Found classpath entry '/C:/Users/jaime/.m2/repository/org/springframework/spring-core/5.3.3/spring-core-5.3.3.jar' 
2022-02-22 21:27:50.653 DEBUG [acme.Launcher@main] Found classpath entry '/C:/Users/jaime/.m2/repository/org/springframework/spring-jcl/5.3.3/spring-jcl-5.3.3.jar' 
2022-02-22 21:27:50.653 DEBUG [acme.Launcher@main] Found classpath entry '/C:/Users/jaime/.m2/repository/org/springframework/spring-test/5.3.3/spring-test-5.3.3.jar' 
2022-02-22 21:27:50.656 DEBUG [acme.Launcher@main] Found classpath entry '/C:/Users/jaime/.m2/repository/org/xmlunit/xmlunit-core/2.7.0/xmlunit-core-2.7.0.jar' 
2022-02-22 21:27:50.658 DEBUG [acme.Launcher@main] Found classpath entry '/C:/Users/jaime/.m2/repository/org/springframework/boot/spring-boot-starter-security/2.4.2/spring-boot-starter-security-2.4.2.jar' 
2022-02-22 21:27:50.658 DEBUG [acme.Launcher@main] Found classpath entry '/C:/Users/jaime/.m2/repository/org/springframework/spring-aop/5.3.3/spring-aop-5.3.3.jar' 
2022-02-22 21:27:50.658 DEBUG [acme.Launcher@main] Found classpath entry '/C:/Users/jaime/.m2/repository/org/springframework/security/spring-security-web/5.4.2/spring-security-web-5.4.2.jar' 
2022-02-22 21:27:50.659 DEBUG [acme.Launcher@main] Found classpath entry '/C:/Users/jaime/.m2/repository/org/springframework/security/spring-security-core/5.4.2/spring-security-core-5.4.2.jar' 
2022-02-22 21:27:50.662 DEBUG [acme.Launcher@main] Found classpath entry '/C:/Users/jaime/.m2/repository/org/springframework/spring-beans/5.3.3/spring-beans-5.3.3.jar' 
2022-02-22 21:27:50.663 DEBUG [acme.Launcher@main] Found classpath entry '/C:/Users/jaime/.m2/repository/org/springframework/spring-context/5.3.3/spring-context-5.3.3.jar' 
2022-02-22 21:27:50.663 DEBUG [acme.Launcher@main] Found classpath entry '/C:/Users/jaime/.m2/repository/org/springframework/spring-expression/5.3.3/spring-expression-5.3.3.jar' 
2022-02-22 21:27:50.664 DEBUG [acme.Launcher@main] Found classpath entry '/C:/Users/jaime/.m2/repository/org/springframework/spring-web/5.3.3/spring-web-5.3.3.jar' 
2022-02-22 21:27:50.665 DEBUG [acme.Launcher@main] Found classpath entry '/C:/Users/jaime/.m2/repository/org/springframework/security/spring-security-config/5.4.2/spring-security-config-5.4.2.jar' 
2022-02-22 21:27:50.665 DEBUG [acme.Launcher@main] Found classpath entry '/C:/Users/jaime/.m2/repository/org/springframework/security/spring-security-taglibs/5.4.2/spring-security-taglibs-5.4.2.jar' 
2022-02-22 21:27:50.666 DEBUG [acme.Launcher@main] Found classpath entry '/C:/Users/jaime/.m2/repository/org/springframework/security/spring-security-acl/5.4.2/spring-security-acl-5.4.2.jar' 
2022-02-22 21:27:50.667 DEBUG [acme.Launcher@main] Found classpath entry '/C:/Users/jaime/.m2/repository/org/springframework/spring-jdbc/5.3.3/spring-jdbc-5.3.3.jar' 
2022-02-22 21:27:50.668 DEBUG [acme.Launcher@main] Found classpath entry '/C:/Users/jaime/.m2/repository/org/springframework/spring-tx/5.3.3/spring-tx-5.3.3.jar' 
2022-02-22 21:27:50.668 DEBUG [acme.Launcher@main] Found classpath entry '/C:/Users/jaime/.m2/repository/org/springframework/boot/spring-boot-starter-web/2.4.2/spring-boot-starter-web-2.4.2.jar' 
2022-02-22 21:27:50.669 DEBUG [acme.Launcher@main] Found classpath entry '/C:/Users/jaime/.m2/repository/org/springframework/boot/spring-boot-starter-json/2.4.2/spring-boot-starter-json-2.4.2.jar' 
2022-02-22 21:27:50.669 DEBUG [acme.Launcher@main] Found classpath entry '/C:/Users/jaime/.m2/repository/com/fasterxml/jackson/core/jackson-databind/2.11.4/jackson-databind-2.11.4.jar' 
2022-02-22 21:27:50.669 DEBUG [acme.Launcher@main] Found classpath entry '/C:/Users/jaime/.m2/repository/com/fasterxml/jackson/core/jackson-annotations/2.11.4/jackson-annotations-2.11.4.jar' 
2022-02-22 21:27:50.670 DEBUG [acme.Launcher@main] Found classpath entry '/C:/Users/jaime/.m2/repository/com/fasterxml/jackson/core/jackson-core/2.11.4/jackson-core-2.11.4.jar' 
2022-02-22 21:27:50.670 DEBUG [acme.Launcher@main] Found classpath entry '/C:/Users/jaime/.m2/repository/com/fasterxml/jackson/datatype/jackson-datatype-jdk8/2.11.4/jackson-datatype-jdk8-2.11.4.jar' 
2022-02-22 21:27:50.670 DEBUG [acme.Launcher@main] Found classpath entry '/C:/Users/jaime/.m2/repository/com/fasterxml/jackson/datatype/jackson-datatype-jsr310/2.11.4/jackson-datatype-jsr310-2.11.4.jar' 
2022-02-22 21:27:50.676 DEBUG [acme.Launcher@main] Found classpath entry '/C:/Users/jaime/.m2/repository/com/fasterxml/jackson/module/jackson-module-parameter-names/2.11.4/jackson-module-parameter-names-2.11.4.jar' 
2022-02-22 21:27:50.677 DEBUG [acme.Launcher@main] Found classpath entry '/C:/Users/jaime/.m2/repository/org/springframework/spring-webmvc/5.3.3/spring-webmvc-5.3.3.jar' 
2022-02-22 21:27:50.677 DEBUG [acme.Launcher@main] Found classpath entry '/C:/Users/jaime/.m2/repository/org/apache/tiles/tiles-jsp/3.0.8/tiles-jsp-3.0.8.jar' 
2022-02-22 21:27:50.678 DEBUG [acme.Launcher@main] Found classpath entry '/C:/Users/jaime/.m2/repository/org/apache/tiles/tiles-servlet/3.0.8/tiles-servlet-3.0.8.jar' 
2022-02-22 21:27:50.678 DEBUG [acme.Launcher@main] Found classpath entry '/C:/Users/jaime/.m2/repository/org/apache/tiles/tiles-core/3.0.8/tiles-core-3.0.8.jar' 
2022-02-22 21:27:50.678 DEBUG [acme.Launcher@main] Found classpath entry '/C:/Users/jaime/.m2/repository/commons-digester/commons-digester/2.0/commons-digester-2.0.jar' 
2022-02-22 21:27:50.679 DEBUG [acme.Launcher@main] Found classpath entry '/C:/Users/jaime/.m2/repository/org/slf4j/jcl-over-slf4j/1.7.30/jcl-over-slf4j-1.7.30.jar' 
2022-02-22 21:27:50.679 DEBUG [acme.Launcher@main] Found classpath entry '/C:/Users/jaime/.m2/repository/org/apache/tiles/tiles-request-servlet/1.0.7/tiles-request-servlet-1.0.7.jar' 
2022-02-22 21:27:50.680 DEBUG [acme.Launcher@main] Found classpath entry '/C:/Users/jaime/.m2/repository/org/apache/tiles/tiles-template/3.0.8/tiles-template-3.0.8.jar' 
2022-02-22 21:27:50.680 DEBUG [acme.Launcher@main] Found classpath entry '/C:/Users/jaime/.m2/repository/org/apache/tiles/tiles-api/3.0.8/tiles-api-3.0.8.jar' 
2022-02-22 21:27:50.682 DEBUG [acme.Launcher@main] Found classpath entry '/C:/Users/jaime/.m2/repository/org/apache/tiles/tiles-autotag-core-runtime/1.2/tiles-autotag-core-runtime-1.2.jar' 
2022-02-22 21:27:50.682 DEBUG [acme.Launcher@main] Found classpath entry '/C:/Users/jaime/.m2/repository/org/slf4j/slf4j-api/1.7.30/slf4j-api-1.7.30.jar' 
2022-02-22 21:27:50.683 DEBUG [acme.Launcher@main] Found classpath entry '/C:/Users/jaime/.m2/repository/org/apache/tiles/tiles-request-jsp/1.0.7/tiles-request-jsp-1.0.7.jar' 
2022-02-22 21:27:50.683 DEBUG [acme.Launcher@main] Found classpath entry '/C:/Users/jaime/.m2/repository/org/apache/tiles/tiles-request-api/1.0.7/tiles-request-api-1.0.7.jar' 
2022-02-22 21:27:50.683 DEBUG [acme.Launcher@main] Found classpath entry '/C:/Users/jaime/.m2/repository/org/springframework/boot/spring-boot-starter-data-jpa/2.4.2/spring-boot-starter-data-jpa-2.4.2.jar' 
2022-02-22 21:27:50.684 DEBUG [acme.Launcher@main] Found classpath entry '/C:/Users/jaime/.m2/repository/org/springframework/boot/spring-boot-starter-aop/2.4.2/spring-boot-starter-aop-2.4.2.jar' 
2022-02-22 21:27:50.684 DEBUG [acme.Launcher@main] Found classpath entry '/C:/Users/jaime/.m2/repository/org/aspectj/aspectjweaver/1.9.6/aspectjweaver-1.9.6.jar' 
2022-02-22 21:27:50.685 DEBUG [acme.Launcher@main] Found classpath entry '/C:/Users/jaime/.m2/repository/org/springframework/boot/spring-boot-starter-jdbc/2.4.2/spring-boot-starter-jdbc-2.4.2.jar' 
2022-02-22 21:27:50.685 DEBUG [acme.Launcher@main] Found classpath entry '/C:/Users/jaime/.m2/repository/jakarta/transaction/jakarta.transaction-api/1.3.3/jakarta.transaction-api-1.3.3.jar' 
2022-02-22 21:27:50.685 DEBUG [acme.Launcher@main] Found classpath entry '/C:/Users/jaime/.m2/repository/jakarta/persistence/jakarta.persistence-api/2.2.3/jakarta.persistence-api-2.2.3.jar' 
2022-02-22 21:27:50.685 DEBUG [acme.Launcher@main] Found classpath entry '/C:/Users/jaime/.m2/repository/org/hibernate/hibernate-core/5.4.27.Final/hibernate-core-5.4.27.Final.jar' 
2022-02-22 21:27:50.686 DEBUG [acme.Launcher@main] Found classpath entry '/C:/Users/jaime/.m2/repository/org/jboss/logging/jboss-logging/3.4.1.Final/jboss-logging-3.4.1.Final.jar' 
2022-02-22 21:27:50.686 DEBUG [acme.Launcher@main] Found classpath entry '/C:/Users/jaime/.m2/repository/org/javassist/javassist/3.27.0-GA/javassist-3.27.0-GA.jar' 
2022-02-22 21:27:50.686 DEBUG [acme.Launcher@main] Found classpath entry '/C:/Users/jaime/.m2/repository/antlr/antlr/2.7.7/antlr-2.7.7.jar' 
2022-02-22 21:27:50.688 DEBUG [acme.Launcher@main] Found classpath entry '/C:/Users/jaime/.m2/repository/org/jboss/jandex/2.1.3.Final/jandex-2.1.3.Final.jar' 
2022-02-22 21:27:50.688 DEBUG [acme.Launcher@main] Found classpath entry '/C:/Users/jaime/.m2/repository/com/fasterxml/classmate/1.5.1/classmate-1.5.1.jar' 
2022-02-22 21:27:50.688 DEBUG [acme.Launcher@main] Found classpath entry '/C:/Users/jaime/.m2/repository/org/dom4j/dom4j/2.1.3/dom4j-2.1.3.jar' 
2022-02-22 21:27:50.688 DEBUG [acme.Launcher@main] Found classpath entry '/C:/Users/jaime/.m2/repository/org/hibernate/common/hibernate-commons-annotations/5.1.2.Final/hibernate-commons-annotations-5.1.2.Final.jar' 
2022-02-22 21:27:50.689 DEBUG [acme.Launcher@main] Found classpath entry '/C:/Users/jaime/.m2/repository/org/glassfish/jaxb/jaxb-runtime/2.3.3/jaxb-runtime-2.3.3.jar' 
2022-02-22 21:27:50.691 DEBUG [acme.Launcher@main] Found classpath entry '/C:/Users/jaime/.m2/repository/org/glassfish/jaxb/txw2/2.3.3/txw2-2.3.3.jar' 
2022-02-22 21:27:50.692 DEBUG [acme.Launcher@main] Found classpath entry '/C:/Users/jaime/.m2/repository/com/sun/istack/istack-commons-runtime/3.0.11/istack-commons-runtime-3.0.11.jar' 
2022-02-22 21:27:50.692 DEBUG [acme.Launcher@main] Found classpath entry '/C:/Users/jaime/.m2/repository/com/sun/activation/jakarta.activation/1.2.2/jakarta.activation-1.2.2.jar' 
2022-02-22 21:27:50.693 DEBUG [acme.Launcher@main] Found classpath entry '/C:/Users/jaime/.m2/repository/org/springframework/data/spring-data-jpa/2.4.3/spring-data-jpa-2.4.3.jar' 
2022-02-22 21:27:50.693 DEBUG [acme.Launcher@main] Found classpath entry '/C:/Users/jaime/.m2/repository/org/springframework/data/spring-data-commons/2.4.3/spring-data-commons-2.4.3.jar' 
2022-02-22 21:27:50.693 DEBUG [acme.Launcher@main] Found classpath entry '/C:/Users/jaime/.m2/repository/org/springframework/spring-orm/5.3.3/spring-orm-5.3.3.jar' 
2022-02-22 21:27:50.693 DEBUG [acme.Launcher@main] Found classpath entry '/C:/Users/jaime/.m2/repository/org/springframework/spring-aspects/5.3.3/spring-aspects-5.3.3.jar' 
2022-02-22 21:27:50.693 DEBUG [acme.Launcher@main] Found classpath entry '/C:/Users/jaime/.m2/repository/org/springframework/boot/spring-boot-starter-validation/2.4.2/spring-boot-starter-validation-2.4.2.jar' 
2022-02-22 21:27:50.694 DEBUG [acme.Launcher@main] Found classpath entry '/C:/Users/jaime/.m2/repository/org/hibernate/validator/hibernate-validator/6.1.7.Final/hibernate-validator-6.1.7.Final.jar' 
2022-02-22 21:27:50.694 DEBUG [acme.Launcher@main] Found classpath entry '/C:/Users/jaime/.m2/repository/jakarta/validation/jakarta.validation-api/2.0.2/jakarta.validation-api-2.0.2.jar' 
2022-02-22 21:27:50.694 DEBUG [acme.Launcher@main] Found classpath entry '/C:/Users/jaime/.m2/repository/mysql/mysql-connector-java/8.0.22/mysql-connector-java-8.0.22.jar' 
2022-02-22 21:27:50.694 DEBUG [acme.Launcher@main] Found classpath entry '/C:/Users/jaime/.m2/repository/com/zaxxer/HikariCP/3.4.5/HikariCP-3.4.5.jar' 
2022-02-22 21:27:50.694 DEBUG [acme.Launcher@main] Found classpath entry '/C:/Users/jaime/.m2/repository/org/junit/jupiter/junit-jupiter-engine/5.7.0/junit-jupiter-engine-5.7.0.jar' 
2022-02-22 21:27:50.695 DEBUG [acme.Launcher@main] Found classpath entry '/C:/Users/jaime/.m2/repository/org/apiguardian/apiguardian-api/1.1.0/apiguardian-api-1.1.0.jar' 
2022-02-22 21:27:50.696 DEBUG [acme.Launcher@main] Found classpath entry '/C:/Users/jaime/.m2/repository/org/junit/platform/junit-platform-engine/1.7.0/junit-platform-engine-1.7.0.jar' 
2022-02-22 21:27:50.696 DEBUG [acme.Launcher@main] Found classpath entry '/C:/Users/jaime/.m2/repository/org/junit/jupiter/junit-jupiter-api/5.7.0/junit-jupiter-api-5.7.0.jar' 
2022-02-22 21:27:50.701 DEBUG [acme.Launcher@main] Found classpath entry '/C:/Users/jaime/.m2/repository/org/opentest4j/opentest4j/1.2.0/opentest4j-1.2.0.jar' 
2022-02-22 21:27:50.702 DEBUG [acme.Launcher@main] Found classpath entry '/C:/Users/jaime/.m2/repository/org/junit/platform/junit-platform-commons/1.7.0/junit-platform-commons-1.7.0.jar' 
2022-02-22 21:27:50.702 DEBUG [acme.Launcher@main] Found classpath entry '/C:/Users/jaime/.m2/repository/org/junit/jupiter/junit-jupiter-params/5.7.0/junit-jupiter-params-5.7.0.jar' 
2022-02-22 21:27:50.702 DEBUG [acme.Launcher@main] Found classpath entry '/C:/Users/jaime/.m2/repository/org/junit/platform/junit-platform-launcher/1.7.0/junit-platform-launcher-1.7.0.jar' 
2022-02-22 21:27:50.703 DEBUG [acme.Launcher@main] Found classpath entry '/C:/Users/jaime/.m2/repository/org/seleniumhq/selenium/selenium-java/3.141.59/selenium-java-3.141.59.jar' 
2022-02-22 21:27:50.703 DEBUG [acme.Launcher@main] Found classpath entry '/C:/Users/jaime/.m2/repository/org/seleniumhq/selenium/selenium-api/3.141.59/selenium-api-3.141.59.jar' 
2022-02-22 21:27:50.703 DEBUG [acme.Launcher@main] Found classpath entry '/C:/Users/jaime/.m2/repository/org/seleniumhq/selenium/selenium-chrome-driver/3.141.59/selenium-chrome-driver-3.141.59.jar' 
2022-02-22 21:27:50.711 DEBUG [acme.Launcher@main] Found classpath entry '/C:/Users/jaime/.m2/repository/org/seleniumhq/selenium/selenium-edge-driver/3.141.59/selenium-edge-driver-3.141.59.jar' 
2022-02-22 21:27:50.712 DEBUG [acme.Launcher@main] Found classpath entry '/C:/Users/jaime/.m2/repository/org/seleniumhq/selenium/selenium-firefox-driver/3.141.59/selenium-firefox-driver-3.141.59.jar' 
2022-02-22 21:27:50.716 DEBUG [acme.Launcher@main] Found classpath entry '/C:/Users/jaime/.m2/repository/org/seleniumhq/selenium/selenium-ie-driver/3.141.59/selenium-ie-driver-3.141.59.jar' 
2022-02-22 21:27:50.719 DEBUG [acme.Launcher@main] Found classpath entry '/C:/Users/jaime/.m2/repository/org/seleniumhq/selenium/selenium-opera-driver/3.141.59/selenium-opera-driver-3.141.59.jar' 
2022-02-22 21:27:50.721 DEBUG [acme.Launcher@main] Found classpath entry '/C:/Users/jaime/.m2/repository/org/seleniumhq/selenium/selenium-remote-driver/3.141.59/selenium-remote-driver-3.141.59.jar' 
2022-02-22 21:27:50.722 DEBUG [acme.Launcher@main] Found classpath entry '/C:/Users/jaime/.m2/repository/org/seleniumhq/selenium/selenium-safari-driver/3.141.59/selenium-safari-driver-3.141.59.jar' 
2022-02-22 21:27:50.722 DEBUG [acme.Launcher@main] Found classpath entry '/C:/Users/jaime/.m2/repository/org/seleniumhq/selenium/selenium-support/3.141.59/selenium-support-3.141.59.jar' 
2022-02-22 21:27:50.723 DEBUG [acme.Launcher@main] Found classpath entry '/C:/Users/jaime/.m2/repository/net/bytebuddy/byte-buddy/1.10.19/byte-buddy-1.10.19.jar' 
2022-02-22 21:27:50.723 DEBUG [acme.Launcher@main] Found classpath entry '/C:/Users/jaime/.m2/repository/org/apache/commons/commons-exec/1.3/commons-exec-1.3.jar' 
2022-02-22 21:27:50.725 DEBUG [acme.Launcher@main] Found classpath entry '/C:/Users/jaime/.m2/repository/com/google/guava/guava/25.0-jre/guava-25.0-jre.jar' 
2022-02-22 21:27:50.726 DEBUG [acme.Launcher@main] Found classpath entry '/C:/Users/jaime/.m2/repository/com/google/code/findbugs/jsr305/1.3.9/jsr305-1.3.9.jar' 
2022-02-22 21:27:50.726 DEBUG [acme.Launcher@main] Found classpath entry '/C:/Users/jaime/.m2/repository/org/checkerframework/checker-compat-qual/2.0.0/checker-compat-qual-2.0.0.jar' 
2022-02-22 21:27:50.727 DEBUG [acme.Launcher@main] Found classpath entry '/C:/Users/jaime/.m2/repository/com/google/errorprone/error_prone_annotations/2.1.3/error_prone_annotations-2.1.3.jar' 
2022-02-22 21:27:50.727 DEBUG [acme.Launcher@main] Found classpath entry '/C:/Users/jaime/.m2/repository/com/google/j2objc/j2objc-annotations/1.1/j2objc-annotations-1.1.jar' 
2022-02-22 21:27:50.728 DEBUG [acme.Launcher@main] Found classpath entry '/C:/Users/jaime/.m2/repository/org/codehaus/mojo/animal-sniffer-annotations/1.14/animal-sniffer-annotations-1.14.jar' 
2022-02-22 21:27:50.728 DEBUG [acme.Launcher@main] Found classpath entry '/C:/Users/jaime/.m2/repository/com/squareup/okhttp3/okhttp/3.14.9/okhttp-3.14.9.jar' 
2022-02-22 21:27:50.729 DEBUG [acme.Launcher@main] Found classpath entry '/C:/Users/jaime/.m2/repository/com/squareup/okio/okio/1.14.0/okio-1.14.0.jar' 
2022-02-22 21:27:50.729 DEBUG [acme.Launcher@main] Found classpath entry '/C:/Users/jaime/.m2/repository/org/apache/commons/commons-lang3/3.11/commons-lang3-3.11.jar' 
2022-02-22 21:27:50.729 DEBUG [acme.Launcher@main] Found classpath entry '/C:/Users/jaime/.m2/repository/org/apache/commons/commons-text/1.8/commons-text-1.8.jar' 
2022-02-22 21:27:50.730 DEBUG [acme.Launcher@main] Found classpath entry '/C:/Users/jaime/.m2/repository/commons-io/commons-io/2.6/commons-io-2.6.jar' 
2022-02-22 21:27:50.730 DEBUG [acme.Launcher@main] Found classpath entry '/C:/Users/jaime/.m2/repository/commons-cli/commons-cli/1.4/commons-cli-1.4.jar' 
2022-02-22 21:27:50.730 DEBUG [acme.Launcher@main] Found classpath entry '/C:/Users/jaime/.m2/repository/org/projectlombok/lombok/1.18.16/lombok-1.18.16.jar' 
2022-02-22 21:27:50.730 DEBUG [acme.Launcher@main] Found classpath entry '/C:/Users/jaime/.m2/repository/com/opencsv/opencsv/5.4/opencsv-5.4.jar' 
2022-02-22 21:27:50.731 DEBUG [acme.Launcher@main] Found classpath entry '/C:/Users/jaime/.m2/repository/commons-beanutils/commons-beanutils/1.9.4/commons-beanutils-1.9.4.jar' 
2022-02-22 21:27:50.733 DEBUG [acme.Launcher@main] Found classpath entry '/C:/Users/jaime/.m2/repository/commons-logging/commons-logging/1.2/commons-logging-1.2.jar' 
2022-02-22 21:27:50.733 DEBUG [acme.Launcher@main] Found classpath entry '/C:/Users/jaime/.m2/repository/commons-collections/commons-collections/3.2.2/commons-collections-3.2.2.jar' 
2022-02-22 21:27:50.734 DEBUG [acme.Launcher@main] Found classpath entry '/C:/Users/jaime/.m2/repository/org/apache/commons/commons-collections4/4.4/commons-collections4-4.4.jar' 
2022-02-22 21:27:50.734 DEBUG [acme.Launcher@main] Found classpath entry '/C:/Users/jaime/Desktop/Universidad/DP2/Workspace-22.0/Workspace-22.0/Frameworks/Acme-Framework-22.1/target/classes/' 
2022-02-22 21:27:50.735 DEBUG [acme.Launcher@main] Found classpath entry '/C:/Users/jaime/Desktop/Universidad/DP2/Workspace-22.0/Workspace-22.0/Frameworks/Acme-Framework-22.1/target/test-classes/' 
2022-02-22 21:27:50.735 DEBUG [acme.Launcher@main] Found classpath entry '/C:/Users/jaime/Desktop/Universidad/DP2/Workspace-22.0/Workspace-22.0/Tools/IDEs/eclipse-jee-2021-12-R/configuration/org.eclipse.osgi/418/0/.cp/lib/javaagent-shaded.jar' 
2022-02-22 21:27:50.995 DEBUG [acme.Launcher@main] Found entity class 'acme.roles.Consumer 
2022-02-22 21:27:50.996 DEBUG [acme.Launcher@main] Found entity class 'acme.roles.Provider 
2022-02-22 21:27:50.996 DEBUG [acme.Launcher@main] Found entity class 'acme.framework.entities.UserAccount 
2022-02-22 21:27:50.997 DEBUG [acme.Launcher@main] Found entity class 'acme.framework.roles.Administrator 
2022-02-22 21:27:50.997 DEBUG [acme.Launcher@main] Found entity class 'acme.framework.roles.Anonymous 
2022-02-22 21:27:50.998 DEBUG [acme.Launcher@main] Found entity class 'acme.framework.roles.Authenticated 
2022-02-22 21:27:51.007 INFO  [acme.Launcher@main] Populating (sample data) 
2022-02-22 21:27:51.009 INFO  [acme.framework.components.database.DatabasePopulator@main] Building database schema 
2022-02-22 21:27:51.080 DEBUG [acme.framework.components.database.DatabaseUtil@main] Executing script. 
2022-02-22 21:27:51.080 DEBUG [acme.framework.components.database.DatabaseUtil@main] Starting new transaction. 
2022-02-22 21:27:51.100 DEBUG [acme.framework.components.database.DatabaseUtil@main] Executing command 'set transaction isolation level read uncommitted;'. 
2022-02-22 21:27:51.139 DEBUG [acme.framework.components.database.DatabaseUtil@main] Starting transaction '390946039'. 
2022-02-22 21:27:51.140 DEBUG [acme.framework.components.database.DatabaseUtil@main] Executing script command 'set foreign_key_checks=0'. 
2022-02-22 21:27:51.141 DEBUG [acme.framework.components.database.DatabaseUtil@main] Executing script command 'drop table if exists administrator'. 
2022-02-22 21:27:51.530 DEBUG [acme.framework.components.database.DatabaseUtil@main] Executing script command 'drop table if exists anonymous'. 
2022-02-22 21:27:51.538 DEBUG [acme.framework.components.database.DatabaseUtil@main] Executing script command 'drop table if exists authenticated'. 
2022-02-22 21:27:51.547 DEBUG [acme.framework.components.database.DatabaseUtil@main] Executing script command 'drop table if exists consumer'. 
2022-02-22 21:27:51.554 DEBUG [acme.framework.components.database.DatabaseUtil@main] Executing script command 'drop table if exists hibernate_sequence'. 
2022-02-22 21:27:51.565 DEBUG [acme.framework.components.database.DatabaseUtil@main] Executing script command 'drop table if exists provider'. 
2022-02-22 21:27:51.574 DEBUG [acme.framework.components.database.DatabaseUtil@main] Executing script command 'drop table if exists user_account'. 
2022-02-22 21:27:51.585 DEBUG [acme.framework.components.database.DatabaseUtil@main] Executing script command 'set foreign_key_checks=1'. 
2022-02-22 21:27:51.585 DEBUG [acme.framework.components.database.DatabaseUtil@main] Committing transaction '390946039'. 
2022-02-22 21:27:51.608 DEBUG [acme.framework.components.database.DatabaseUtil@main] Executing script. 
2022-02-22 21:27:51.608 DEBUG [acme.framework.components.database.DatabaseUtil@main] Starting new transaction. 
2022-02-22 21:27:51.610 DEBUG [acme.framework.components.database.DatabaseUtil@main] Executing command 'set transaction isolation level read uncommitted;'. 
2022-02-22 21:27:51.612 DEBUG [acme.framework.components.database.DatabaseUtil@main] Starting transaction '965010099'. 
2022-02-22 21:27:51.612 DEBUG [acme.framework.components.database.DatabaseUtil@main] Executing script command 'set foreign_key_checks=0'. 
2022-02-22 21:27:51.612 DEBUG [acme.framework.components.database.DatabaseUtil@main] Executing script command 'create table administrator (id integer not null, version integer not null, user_account_id integer, primary key (id)) engine=InnoDB'. 
2022-02-22 21:27:51.643 DEBUG [acme.framework.components.database.DatabaseUtil@main] Executing script command 'create table anonymous (id integer not null, version integer not null, user_account_id integer, primary key (id)) engine=InnoDB'. 
2022-02-22 21:27:51.665 DEBUG [acme.framework.components.database.DatabaseUtil@main] Executing script command 'create table authenticated (id integer not null, version integer not null, user_account_id integer, primary key (id)) engine=InnoDB'. 
2022-02-22 21:27:51.689 DEBUG [acme.framework.components.database.DatabaseUtil@main] Executing script command 'create table consumer (id integer not null, version integer not null, user_account_id integer, company varchar(255), sector varchar(255), primary key (id)) engine=InnoDB'. 
2022-02-22 21:27:51.706 DEBUG [acme.framework.components.database.DatabaseUtil@main] Executing script command 'create table hibernate_sequence (next_val bigint) engine=InnoDB'. 
2022-02-22 21:27:51.721 DEBUG [acme.framework.components.database.DatabaseUtil@main] Executing script command 'insert into hibernate_sequence values ( 1 )'. 
2022-02-22 21:27:51.736 DEBUG [acme.framework.components.database.DatabaseUtil@main] Executing script command 'create table provider (id integer not null, version integer not null, user_account_id integer, company varchar(255), sector varchar(255), primary key (id)) engine=InnoDB'. 
2022-02-22 21:27:51.754 DEBUG [acme.framework.components.database.DatabaseUtil@main] Executing script command 'create table user_account (id integer not null, version integer not null, enabled bit not null, identity blob, password varchar(255), username varchar(255), primary key (id)) engine=InnoDB'. 
2022-02-22 21:27:51.768 DEBUG [acme.framework.components.database.DatabaseUtil@main] Executing script command 'alter table user_account add constraint UK_castjbvpeeus0r8lbpehiu0e4 unique (username)'. 
2022-02-22 21:27:51.793 DEBUG [acme.framework.components.database.DatabaseUtil@main] Executing script command 'alter table administrator add constraint FK_2a5vcjo3stlfcwadosjfq49l1 foreign key (user_account_id) references user_account (id)'. 
2022-02-22 21:27:51.812 DEBUG [acme.framework.components.database.DatabaseUtil@main] Executing script command 'alter table anonymous add constraint FK_6lnbc6fo3om54vugoh8icg78m foreign key (user_account_id) references user_account (id)'. 
2022-02-22 21:27:51.830 DEBUG [acme.framework.components.database.DatabaseUtil@main] Executing script command 'alter table authenticated add constraint FK_h52w0f3wjoi68b63wv9vwon57 foreign key (user_account_id) references user_account (id)'. 
2022-02-22 21:27:51.847 DEBUG [acme.framework.components.database.DatabaseUtil@main] Executing script command 'alter table consumer add constraint FK_6cyha9f1wpj0dpbxrrjddrqed foreign key (user_account_id) references user_account (id)'. 
2022-02-22 21:27:51.864 DEBUG [acme.framework.components.database.DatabaseUtil@main] Executing script command 'alter table provider add constraint FK_b1gwnjqm6ggy9yuiqm0o4rlmd foreign key (user_account_id) references user_account (id)'. 
2022-02-22 21:27:51.882 DEBUG [acme.framework.components.database.DatabaseUtil@main] Executing script command 'set foreign_key_checks=1'. 
2022-02-22 21:27:51.882 DEBUG [acme.framework.components.database.DatabaseUtil@main] Committing transaction '965010099'. 
2022-02-22 21:27:51.886 INFO  [acme.framework.components.database.DatabasePopulator@main] Reading entities from 'classpath:/WEB-INF/resources/initial-data' 
2022-02-22 21:27:51.897 DEBUG [acme.framework.components.database.Dataset@main] Reading dataset from 'C:\Users\jaime\Desktop\Universidad\DP2\Workspace-22.0\Workspace-22.0\Projects\Acme-Toolkits\target\classes\WEB-INF\resources\initial-data\administrator.csv' 
2022-02-22 21:27:52.030 DEBUG [acme.framework.components.database.Dataset@main] Reading mapping '{key:user-account=user-account-administrator-01, key=administrator-01}' from 'C:\Users\jaime\Desktop\Universidad\DP2\Workspace-22.0\Workspace-22.0\Projects\Acme-Toolkits\target\classes\WEB-INF\resources\initial-data\administrator.csv' 
2022-02-22 21:27:52.035 DEBUG [acme.framework.components.database.Dataset@main] Reading dataset from 'C:\Users\jaime\Desktop\Universidad\DP2\Workspace-22.0\Workspace-22.0\Projects\Acme-Toolkits\target\classes\WEB-INF\resources\initial-data\anonymous.csv' 
2022-02-22 21:27:52.036 DEBUG [acme.framework.components.database.Dataset@main] Reading mapping '{key:user-account=user-account-anonymous-01, key=anonymous-01}' from 'C:\Users\jaime\Desktop\Universidad\DP2\Workspace-22.0\Workspace-22.0\Projects\Acme-Toolkits\target\classes\WEB-INF\resources\initial-data\anonymous.csv' 
2022-02-22 21:27:52.036 DEBUG [acme.framework.components.database.Dataset@main] Reading dataset from 'C:\Users\jaime\Desktop\Universidad\DP2\Workspace-22.0\Workspace-22.0\Projects\Acme-Toolkits\target\classes\WEB-INF\resources\initial-data\authenticated.csv' 
2022-02-22 21:27:52.036 DEBUG [acme.framework.components.database.Dataset@main] Reading mapping '{key:user-account=user-account-administrator-01, key=authenticated-administrator-01}' from 'C:\Users\jaime\Desktop\Universidad\DP2\Workspace-22.0\Workspace-22.0\Projects\Acme-Toolkits\target\classes\WEB-INF\resources\initial-data\authenticated.csv' 
2022-02-22 21:27:52.039 DEBUG [acme.framework.components.database.Dataset@main] Reading dataset from 'C:\Users\jaime\Desktop\Universidad\DP2\Workspace-22.0\Workspace-22.0\Projects\Acme-Toolkits\target\classes\WEB-INF\resources\initial-data\user-account.csv' 
2022-02-22 21:27:52.040 DEBUG [acme.framework.components.database.Dataset@main] Reading mapping '{password=HIDDEN-PASSWORD, identity=UserIdentity{name: 'John', surname: 'Doe', email: 'john.doe@acme.com'}, key=user-account-anonymous-01, enabled=false, username=anonymous}' from 'C:\Users\jaime\Desktop\Universidad\DP2\Workspace-22.0\Workspace-22.0\Projects\Acme-Toolkits\target\classes\WEB-INF\resources\initial-data\user-account.csv' 
2022-02-22 21:27:52.041 DEBUG [acme.framework.components.database.Dataset@main] Reading mapping '{password=administrator, identity=UserIdentity{name: 'Administrator', surname: 'Acme', email: 'administrator@acme.com'}, key=user-account-administrator-01, enabled=true, username=administrator}' from 'C:\Users\jaime\Desktop\Universidad\DP2\Workspace-22.0\Workspace-22.0\Projects\Acme-Toolkits\target\classes\WEB-INF\resources\initial-data\user-account.csv' 
2022-02-22 21:27:52.041 DEBUG [acme.framework.components.database.EntityWeb@main] Setting attributes of entities of class acme.framework.roles.Anonymous 
2022-02-22 21:27:52.049 DEBUG [acme.framework.components.database.EntityWeb@main] Setting attributes of entities of class acme.framework.entities.UserAccount 
2022-02-22 21:27:52.483 DEBUG [acme.framework.components.database.EntityWeb@main] Setting attributes of entities of class acme.framework.roles.Administrator 
2022-02-22 21:27:52.484 DEBUG [acme.framework.components.database.EntityWeb@main] Setting attributes of entities of class acme.framework.roles.Authenticated 
2022-02-22 21:27:52.484 DEBUG [acme.framework.components.database.EntityWeb@main] Linking entities of class acme.framework.roles.Anonymous 
2022-02-22 21:27:52.497 DEBUG [acme.framework.components.database.EntityWeb@main] Linking entities of class acme.framework.entities.UserAccount 
2022-02-22 21:27:52.497 DEBUG [acme.framework.components.database.EntityWeb@main] Linking entities of class acme.framework.roles.Administrator 
2022-02-22 21:27:52.507 DEBUG [acme.framework.components.database.EntityWeb@main] Linking entities of class acme.framework.roles.Authenticated 
2022-02-22 21:27:52.517 INFO  [acme.framework.components.database.DatabasePopulator@main] Reading entities from 'classpath:/WEB-INF/resources/sample-data' 
2022-02-22 21:27:52.518 DEBUG [acme.framework.components.database.Dataset@main] Reading dataset from 'C:\Users\jaime\Desktop\Universidad\DP2\Workspace-22.0\Workspace-22.0\Projects\Acme-Toolkits\target\classes\WEB-INF\resources\sample-data\consumer.csv' 
2022-02-22 21:27:52.519 DEBUG [acme.framework.components.database.Dataset@main] Reading mapping '{key:user-account=user-account-administrator-01, company=Macarena, Inc., sector=Telecommunications, key=consumer-01}' from 'C:\Users\jaime\Desktop\Universidad\DP2\Workspace-22.0\Workspace-22.0\Projects\Acme-Toolkits\target\classes\WEB-INF\resources\sample-data\consumer.csv' 
2022-02-22 21:27:52.520 DEBUG [acme.framework.components.database.Dataset@main] Reading dataset from 'C:\Users\jaime\Desktop\Universidad\DP2\Workspace-22.0\Workspace-22.0\Projects\Acme-Toolkits\target\classes\WEB-INF\resources\sample-data\provider.csv' 
2022-02-22 21:27:52.524 DEBUG [acme.framework.components.database.Dataset@main] Reading mapping '{key:user-account=user-account-administrator-01, company=Terra Nets, S.A., sector=Internet, key=provider-01}' from 'C:\Users\jaime\Desktop\Universidad\DP2\Workspace-22.0\Workspace-22.0\Projects\Acme-Toolkits\target\classes\WEB-INF\resources\sample-data\provider.csv' 
2022-02-22 21:27:52.525 DEBUG [acme.framework.components.database.EntityWeb@main] Setting attributes of entities of class acme.roles.Provider 
2022-02-22 21:27:52.533 DEBUG [acme.framework.components.database.EntityWeb@main] Setting attributes of entities of class acme.roles.Consumer 
2022-02-22 21:27:52.543 DEBUG [acme.framework.components.database.EntityWeb@main] Linking entities of class acme.roles.Provider 
2022-02-22 21:27:52.543 DEBUG [acme.framework.components.database.EntityWeb@main] Linking entities of class acme.roles.Consumer 
2022-02-22 21:27:52.545 INFO  [acme.framework.components.database.DatabasePopulator@main] Validating your entities 
2022-02-22 21:27:52.803 DEBUG [acme.framework.components.database.DatabasePopulator@main] Validating 'acme.framework.entities.UserAccount@user-account-anonymous-01' ... PASS 
2022-02-22 21:27:52.830 DEBUG [acme.framework.components.database.DatabasePopulator@main] Validating 'acme.framework.roles.Anonymous@anonymous-01' ... PASS 
2022-02-22 21:27:52.840 DEBUG [acme.framework.components.database.DatabasePopulator@main] Validating 'acme.framework.entities.UserAccount@user-account-administrator-01' ... PASS 
2022-02-22 21:27:52.848 DEBUG [acme.framework.components.database.DatabasePopulator@main] Validating 'acme.framework.roles.Authenticated@authenticated-administrator-01' ... PASS 
2022-02-22 21:27:52.870 DEBUG [acme.framework.components.database.DatabasePopulator@main] Validating 'acme.roles.Provider@provider-01' ... PASS 
2022-02-22 21:27:52.885 DEBUG [acme.framework.components.database.DatabasePopulator@main] Validating 'acme.roles.Consumer@consumer-01' ... PASS 
2022-02-22 21:27:52.900 DEBUG [acme.framework.components.database.DatabasePopulator@main] Validating 'acme.framework.roles.Administrator@administrator-01' ... PASS 
2022-02-22 21:27:52.901 INFO  [acme.framework.components.database.DatabasePopulator@main] Sorting your entity classes 
2022-02-22 21:27:52.902 DEBUG [acme.framework.components.database.DatabasePopulator@main] Best topological order for your entity clazzes: 
2022-02-22 21:27:52.902 DEBUG [acme.framework.components.database.DatabasePopulator@main] - acme.framework.entities.UserAccount 
2022-02-22 21:27:52.902 DEBUG [acme.framework.components.database.DatabasePopulator@main] - acme.roles.Provider 
2022-02-22 21:27:52.902 DEBUG [acme.framework.components.database.DatabasePopulator@main] - acme.roles.Consumer 
2022-02-22 21:27:52.902 DEBUG [acme.framework.components.database.DatabasePopulator@main] - acme.framework.roles.Anonymous 
2022-02-22 21:27:52.903 DEBUG [acme.framework.components.database.DatabasePopulator@main] - acme.framework.roles.Administrator 
2022-02-22 21:27:52.903 DEBUG [acme.framework.components.database.DatabasePopulator@main] - acme.framework.roles.Authenticated 
2022-02-22 21:27:52.904 INFO  [acme.framework.components.database.DatabasePopulator@main] Persisting your entities 
2022-02-22 21:27:52.905 DEBUG [acme.framework.components.database.DatabaseUtil@main] Starting new transaction. 
2022-02-22 21:27:52.906 DEBUG [acme.framework.components.database.DatabaseUtil@main] Executing command 'set transaction isolation level read uncommitted;'. 
2022-02-22 21:27:52.907 DEBUG [acme.framework.components.database.DatabaseUtil@main] Starting transaction '2094908687'. 
2022-02-22 21:27:52.908 DEBUG [acme.framework.components.database.DatabasePopulator@main] Persising entities of clazz 'acme.framework.entities.UserAccount' 
2022-02-22 21:27:52.939 DEBUG [org.hibernate.SQL@main] select next_val as id_val from hibernate_sequence for update 
2022-02-22 21:27:52.980 DEBUG [org.hibernate.SQL@main] update hibernate_sequence set next_val= ? where next_val=? 
2022-02-22 21:27:53.066 DEBUG [acme.framework.components.database.DatabaseUtil@main] Persisting entity UserAccount(username=anonymous) 
2022-02-22 21:27:53.068 DEBUG [org.hibernate.SQL@main] select next_val as id_val from hibernate_sequence for update 
2022-02-22 21:27:53.071 DEBUG [org.hibernate.SQL@main] update hibernate_sequence set next_val= ? where next_val=? 
2022-02-22 21:27:53.076 DEBUG [acme.framework.components.database.DatabaseUtil@main] Persisting entity UserAccount(username=administrator) 
2022-02-22 21:27:53.077 DEBUG [acme.framework.components.database.DatabasePopulator@main] Persising entities of clazz 'acme.roles.Provider' 
2022-02-22 21:27:53.078 DEBUG [org.hibernate.SQL@main] select next_val as id_val from hibernate_sequence for update 
2022-02-22 21:27:53.080 DEBUG [org.hibernate.SQL@main] update hibernate_sequence set next_val= ? where next_val=? 
2022-02-22 21:27:53.084 DEBUG [acme.framework.components.database.DatabaseUtil@main] Persisting entity UserRole(userAccount=UserAccount(username=administrator)) 
2022-02-22 21:27:53.084 DEBUG [acme.framework.components.database.DatabasePopulator@main] Persising entities of clazz 'acme.roles.Consumer' 
2022-02-22 21:27:53.085 DEBUG [org.hibernate.SQL@main] select next_val as id_val from hibernate_sequence for update 
2022-02-22 21:27:53.086 DEBUG [org.hibernate.SQL@main] update hibernate_sequence set next_val= ? where next_val=? 
2022-02-22 21:27:53.089 DEBUG [acme.framework.components.database.DatabaseUtil@main] Persisting entity UserRole(userAccount=UserAccount(username=administrator)) 
2022-02-22 21:27:53.089 DEBUG [acme.framework.components.database.DatabasePopulator@main] Persising entities of clazz 'acme.framework.roles.Anonymous' 
2022-02-22 21:27:53.090 DEBUG [org.hibernate.SQL@main] select next_val as id_val from hibernate_sequence for update 
2022-02-22 21:27:53.090 DEBUG [org.hibernate.SQL@main] update hibernate_sequence set next_val= ? where next_val=? 
2022-02-22 21:27:53.095 DEBUG [acme.framework.components.database.DatabaseUtil@main] Persisting entity UserRole(userAccount=UserAccount(username=anonymous)) 
2022-02-22 21:27:53.095 DEBUG [acme.framework.components.database.DatabasePopulator@main] Persising entities of clazz 'acme.framework.roles.Administrator' 
2022-02-22 21:27:53.109 DEBUG [org.hibernate.SQL@main] select next_val as id_val from hibernate_sequence for update 
2022-02-22 21:27:53.110 DEBUG [org.hibernate.SQL@main] update hibernate_sequence set next_val= ? where next_val=? 
2022-02-22 21:27:53.113 DEBUG [acme.framework.components.database.DatabaseUtil@main] Persisting entity UserRole(userAccount=UserAccount(username=administrator)) 
2022-02-22 21:27:53.113 DEBUG [acme.framework.components.database.DatabasePopulator@main] Persising entities of clazz 'acme.framework.roles.Authenticated' 
2022-02-22 21:27:53.114 DEBUG [org.hibernate.SQL@main] select next_val as id_val from hibernate_sequence for update 
2022-02-22 21:27:53.115 DEBUG [org.hibernate.SQL@main] update hibernate_sequence set next_val= ? where next_val=? 
2022-02-22 21:27:53.117 DEBUG [acme.framework.components.database.DatabaseUtil@main] Persisting entity UserRole(userAccount=UserAccount(username=administrator)) 
2022-02-22 21:27:53.117 DEBUG [acme.framework.components.database.DatabaseUtil@main] Committing transaction '2094908687'. 
2022-02-22 21:27:53.168 DEBUG [org.hibernate.SQL@main] insert into user_account (version, enabled, identity, password, username, id) values (?, ?, ?, ?, ?, ?) 
2022-02-22 21:27:53.176 TRACE [org.hibernate.type.descriptor.sql.BasicBinder@main] binding parameter [1] as [INTEGER] - [0] 
2022-02-22 21:27:53.195 TRACE [org.hibernate.type.descriptor.sql.BasicBinder@main] binding parameter [2] as [BOOLEAN] - [false] 
2022-02-22 21:27:53.196 TRACE [org.hibernate.type.descriptor.sql.BasicBinder@main] binding parameter [3] as [BLOB] - [DefaultUserIdentity(name=John, surname=Doe, email=john.doe@acme.com)] 
2022-02-22 21:27:53.207 TRACE [org.hibernate.type.descriptor.sql.BasicBinder@main] binding parameter [4] as [VARCHAR] - [$2a$05$Y75D1eD4rUNs.UTsJuDiY.ljM4xh6.wjhqyryT4ZpaZJZqtfRfJwu] 
2022-02-22 21:27:53.208 TRACE [org.hibernate.type.descriptor.sql.BasicBinder@main] binding parameter [5] as [VARCHAR] - [anonymous] 
2022-02-22 21:27:53.208 TRACE [org.hibernate.type.descriptor.sql.BasicBinder@main] binding parameter [6] as [INTEGER] - [1] 
2022-02-22 21:27:53.224 DEBUG [org.hibernate.SQL@main] insert into user_account (version, enabled, identity, password, username, id) values (?, ?, ?, ?, ?, ?) 
2022-02-22 21:27:53.225 TRACE [org.hibernate.type.descriptor.sql.BasicBinder@main] binding parameter [1] as [INTEGER] - [0] 
2022-02-22 21:27:53.225 TRACE [org.hibernate.type.descriptor.sql.BasicBinder@main] binding parameter [2] as [BOOLEAN] - [true] 
2022-02-22 21:27:53.225 TRACE [org.hibernate.type.descriptor.sql.BasicBinder@main] binding parameter [3] as [BLOB] - [DefaultUserIdentity(name=Administrator, surname=Acme, email=administrator@acme.com)] 
2022-02-22 21:27:53.226 TRACE [org.hibernate.type.descriptor.sql.BasicBinder@main] binding parameter [4] as [VARCHAR] - [$2a$05$7oa51aItyleC8jAKwObFd.33PTAXSbJukiNGCiYoAb1GqrHGpFDP.] 
2022-02-22 21:27:53.228 TRACE [org.hibernate.type.descriptor.sql.BasicBinder@main] binding parameter [5] as [VARCHAR] - [administrator] 
2022-02-22 21:27:53.229 TRACE [org.hibernate.type.descriptor.sql.BasicBinder@main] binding parameter [6] as [INTEGER] - [2] 
2022-02-22 21:27:53.234 DEBUG [org.hibernate.SQL@main] insert into provider (version, user_account_id, company, sector, id) values (?, ?, ?, ?, ?) 
2022-02-22 21:27:53.235 TRACE [org.hibernate.type.descriptor.sql.BasicBinder@main] binding parameter [1] as [INTEGER] - [0] 
2022-02-22 21:27:53.235 TRACE [org.hibernate.type.descriptor.sql.BasicBinder@main] binding parameter [2] as [INTEGER] - [2] 
2022-02-22 21:27:53.235 TRACE [org.hibernate.type.descriptor.sql.BasicBinder@main] binding parameter [3] as [VARCHAR] - [Terra Nets, S.A.] 
2022-02-22 21:27:53.235 TRACE [org.hibernate.type.descriptor.sql.BasicBinder@main] binding parameter [4] as [VARCHAR] - [Internet] 
2022-02-22 21:27:53.235 TRACE [org.hibernate.type.descriptor.sql.BasicBinder@main] binding parameter [5] as [INTEGER] - [3] 
2022-02-22 21:27:53.241 DEBUG [org.hibernate.SQL@main] insert into consumer (version, user_account_id, company, sector, id) values (?, ?, ?, ?, ?) 
2022-02-22 21:27:53.242 TRACE [org.hibernate.type.descriptor.sql.BasicBinder@main] binding parameter [1] as [INTEGER] - [0] 
2022-02-22 21:27:53.242 TRACE [org.hibernate.type.descriptor.sql.BasicBinder@main] binding parameter [2] as [INTEGER] - [2] 
2022-02-22 21:27:53.242 TRACE [org.hibernate.type.descriptor.sql.BasicBinder@main] binding parameter [3] as [VARCHAR] - [Macarena, Inc.] 
2022-02-22 21:27:53.243 TRACE [org.hibernate.type.descriptor.sql.BasicBinder@main] binding parameter [4] as [VARCHAR] - [Telecommunications] 
2022-02-22 21:27:53.243 TRACE [org.hibernate.type.descriptor.sql.BasicBinder@main] binding parameter [5] as [INTEGER] - [4] 
2022-02-22 21:27:53.251 DEBUG [org.hibernate.SQL@main] insert into anonymous (version, user_account_id, id) values (?, ?, ?) 
2022-02-22 21:27:53.252 TRACE [org.hibernate.type.descriptor.sql.BasicBinder@main] binding parameter [1] as [INTEGER] - [0] 
2022-02-22 21:27:53.253 TRACE [org.hibernate.type.descriptor.sql.BasicBinder@main] binding parameter [2] as [INTEGER] - [1] 
2022-02-22 21:27:53.253 TRACE [org.hibernate.type.descriptor.sql.BasicBinder@main] binding parameter [3] as [INTEGER] - [5] 
2022-02-22 21:27:53.263 DEBUG [org.hibernate.SQL@main] insert into administrator (version, user_account_id, id) values (?, ?, ?) 
2022-02-22 21:27:53.264 TRACE [org.hibernate.type.descriptor.sql.BasicBinder@main] binding parameter [1] as [INTEGER] - [0] 
2022-02-22 21:27:53.265 TRACE [org.hibernate.type.descriptor.sql.BasicBinder@main] binding parameter [2] as [INTEGER] - [2] 
2022-02-22 21:27:53.265 TRACE [org.hibernate.type.descriptor.sql.BasicBinder@main] binding parameter [3] as [INTEGER] - [6] 
2022-02-22 21:27:53.271 DEBUG [org.hibernate.SQL@main] insert into authenticated (version, user_account_id, id) values (?, ?, ?) 
2022-02-22 21:27:53.272 TRACE [org.hibernate.type.descriptor.sql.BasicBinder@main] binding parameter [1] as [INTEGER] - [0] 
2022-02-22 21:27:53.272 TRACE [org.hibernate.type.descriptor.sql.BasicBinder@main] binding parameter [2] as [INTEGER] - [2] 
2022-02-22 21:27:53.274 TRACE [org.hibernate.type.descriptor.sql.BasicBinder@main] binding parameter [3] as [INTEGER] - [7] 
2022-02-22 21:27:54.627 INFO  [acme.framework.configuration.ShutdownConfiguration@main] The system is shutting down... 
2022-02-22 21:27:54.674 DEBUG [acme.Launcher@main] Exit code = 0 
